2019/10/21 13:20:37.834 [I] [asm_amd64.s:1337]  http server Running on http://:2253
2019/10/21 13:20:39.016 [I] [asm_amd64.s:1337]  http server Running on http://:2253
2019/10/21 13:20:40.545 [I] [asm_amd64.s:1337]  http server Running on http://:2253
2019/10/21 13:20:42.266 [I] [asm_amd64.s:1337]  http server Running on http://:2253
2019/10/21 13:20:43.639 [I] [asm_amd64.s:1337]  http server Running on http://:2253
2019/10/21 13:20:45.669 [I] [asm_amd64.s:1337]  http server Running on http://:2253
2019/10/21 13:20:46.595 [I] [asm_amd64.s:1337]  http server Running on http://:2253
2019/10/21 13:20:48.100 [I] [asm_amd64.s:1337]  http server Running on http://:2253
2019/10/21 13:20:49.727 [I] [asm_amd64.s:1337]  http server Running on http://:2253
2019/10/21 13:20:51.273 [I] [asm_amd64.s:1337]  http server Running on http://:2253
2019/10/21 13:26:59.066 [D] [server.go:2774]  |            ::1|[42m 200 [0m|      974.2µs|   match|[44m GET     [0m /v1/token/token/test@my-gpi.io   r:/v1/token/:email
2019/10/21 13:27:00.328 [D] [server.go:2774]  |            ::1|[42m 200 [0m|           0s| nomatch|[47m OPTIONS [0m /v1/user/update/
2019/10/21 13:27:00.443 [D] [server.go:2774]  |            ::1|[42m 200 [0m|    52.8527ms|   match|[46m POST    [0m /v1/user/update/   r:/v1/user/update/
2019/10/21 14:16:50.743 [D] [server.go:2774]  |            ::1|[42m 200 [0m|        999µs| nomatch|[47m OPTIONS [0m /v1/user/update/
2019/10/21 14:16:50.834 [D] [server.go:2774]  |            ::1|[42m 200 [0m|      2.003ms|   match|[46m POST    [0m /v1/user/update/   r:/v1/user/update/
2019/10/21 14:16:54.619 [D] [server.go:2774]  |            ::1|[42m 200 [0m|           0s| nomatch|[47m OPTIONS [0m /v1/user/update/
2019/10/21 14:16:54.723 [D] [server.go:2774]  |            ::1|[42m 200 [0m|      996.5µs|   match|[46m POST    [0m /v1/user/update/   r:/v1/user/update/
2019/10/21 14:17:04.405 [D] [server.go:2774]  |            ::1|[42m 200 [0m|           0s| nomatch|[47m OPTIONS [0m /v1/user/update/
2019/10/21 14:17:04.455 [D] [server.go:2774]  |            ::1|[42m 200 [0m|     1.0025ms|   match|[46m POST    [0m /v1/user/update/   r:/v1/user/update/
2019/10/21 14:17:26.757 [D] [server.go:2774]  |            ::1|[42m 200 [0m|           0s| nomatch|[47m OPTIONS [0m /v1/user/update/
2019/10/21 14:17:26.861 [D] [server.go:2774]  |            ::1|[42m 200 [0m|      1.004ms|   match|[46m POST    [0m /v1/user/update/   r:/v1/user/update/
2019/10/21 14:21:44.850 [D] [server.go:2774]  |            ::1|[42m 200 [0m|           0s|   match|[44m GET     [0m /v1/token/token/test@my-gpi.io   r:/v1/token/:email
2019/10/21 14:21:47.169 [D] [server.go:2774]  |            ::1|[42m 200 [0m|           0s| nomatch|[47m OPTIONS [0m /v1/user/update/
2019/10/21 14:21:47.282 [D] [server.go:2774]  |            ::1|[42m 200 [0m|      997.7µs|   match|[46m POST    [0m /v1/user/update/   r:/v1/user/update/
2019/10/21 14:22:49.869 [D] [server.go:2774]  |            ::1|[42m 200 [0m|           0s| nomatch|[47m OPTIONS [0m /v1/user/update/
2019/10/21 14:22:49.967 [D] [server.go:2774]  |            ::1|[42m 200 [0m|      994.7µs|   match|[46m POST    [0m /v1/user/update/   r:/v1/user/update/
2019/10/21 14:23:20.038 [D] [server.go:2774]  |            ::1|[42m 200 [0m|           0s| nomatch|[47m OPTIONS [0m /v1/user/update/
2019/10/21 14:23:20.168 [D] [server.go:2774]  |            ::1|[42m 200 [0m|      995.5µs|   match|[46m POST    [0m /v1/user/update/   r:/v1/user/update/
2019/10/21 14:23:49.407 [D] [server.go:2774]  |            ::1|[42m 200 [0m|           0s| nomatch|[47m OPTIONS [0m /v1/user/update/
2019/10/21 14:23:49.537 [D] [server.go:2774]  |            ::1|[42m 200 [0m|     1.0124ms|   match|[46m POST    [0m /v1/user/update/   r:/v1/user/update/
2019/10/21 14:26:42.672 [D] [server.go:2774]  |            ::1|[42m 200 [0m|           0s|   match|[44m GET     [0m /v1/token/token/eniya.princewill@my-gpi.io   r:/v1/token/:email
2019/10/21 14:26:43.137 [D] [server.go:2774]  |            ::1|[42m 200 [0m|           0s| nomatch|[47m OPTIONS [0m /v1/user/update/
2019/10/21 14:26:43.235 [D] [server.go:2774]  |            ::1|[42m 200 [0m|     2.9949ms|   match|[46m POST    [0m /v1/user/update/   r:/v1/user/update/
2019/10/21 14:29:27.290 [D] [server.go:2774]  |            ::1|[42m 200 [0m|      998.6µs|   match|[44m GET     [0m /v1/token/token/eniya.princewill@my-gpi.io   r:/v1/token/:email
2019/10/21 14:29:28.712 [D] [server.go:2774]  |            ::1|[42m 200 [0m|           0s| nomatch|[47m OPTIONS [0m /v1/user/update/
2019/10/21 14:29:29.128 [D] [server.go:2774]  |            ::1|[42m 200 [0m|    328.934ms|   match|[46m POST    [0m /v1/user/update/   r:/v1/user/update/
2019/10/21 14:30:24.502 [D] [server.go:2774]  |            ::1|[42m 200 [0m|           0s| nomatch|[47m OPTIONS [0m /v1/user/update/
2019/10/21 14:30:24.625 [D] [server.go:2774]  |            ::1|[42m 200 [0m|           0s|   match|[46m POST    [0m /v1/user/update/   r:/v1/user/update/
2019/10/21 14:37:26.336 [D] [server.go:2774]  |            ::1|[42m 200 [0m|           0s| nomatch|[47m OPTIONS [0m /v1/user/update/
2019/10/21 14:37:26.362 [D] [server.go:2774]  |            ::1|[42m 200 [0m|      994.8µs|   match|[46m POST    [0m /v1/user/update/   r:/v1/user/update/
2019/10/21 14:37:27.813 [D] [server.go:2774]  |            ::1|[42m 200 [0m|      998.7µs|   match|[46m POST    [0m /v1/user/update/   r:/v1/user/update/
2019/10/21 14:37:29.869 [D] [server.go:2774]  |            ::1|[42m 200 [0m|     1.9954ms|   match|[46m POST    [0m /v1/user/update/   r:/v1/user/update/
2019/10/21 14:37:39.148 [D] [server.go:2774]  |            ::1|[42m 200 [0m|           0s| nomatch|[47m OPTIONS [0m /v1/user/update/
2019/10/21 14:37:39.171 [D] [server.go:2774]  |            ::1|[42m 200 [0m|           0s|   match|[46m POST    [0m /v1/user/update/   r:/v1/user/update/
2019/10/21 14:37:41.147 [D] [server.go:2774]  |            ::1|[42m 200 [0m|           0s|   match|[46m POST    [0m /v1/user/update/   r:/v1/user/update/
2019/10/21 14:38:48.927 [D] [server.go:2774]  |            ::1|[42m 200 [0m|      999.6µs| nomatch|[47m OPTIONS [0m /v1/user/update/
2019/10/21 14:38:48.957 [D] [server.go:2774]  |            ::1|[42m 200 [0m|      997.3µs|   match|[46m POST    [0m /v1/user/update/   r:/v1/user/update/
2019/10/21 14:38:54.252 [D] [server.go:2774]  |            ::1|[42m 200 [0m|           0s| nomatch|[47m OPTIONS [0m /v1/user/update/
2019/10/21 14:38:54.275 [D] [server.go:2774]  |            ::1|[42m 200 [0m|           0s|   match|[46m POST    [0m /v1/user/update/   r:/v1/user/update/
2019/10/21 14:39:42.938 [D] [server.go:2774]  |            ::1|[42m 200 [0m|           0s|   match|[44m GET     [0m /v1/token/token/endy.apina@my-gpi.io   r:/v1/token/:email
2019/10/21 14:39:43.102 [D] [server.go:2774]  |            ::1|[42m 200 [0m|           0s| nomatch|[47m OPTIONS [0m /v1/user/update/
2019/10/21 14:39:43.173 [D] [server.go:2774]  |            ::1|[42m 200 [0m|      997.4µs|   match|[46m POST    [0m /v1/user/update/   r:/v1/user/update/
2019/10/21 14:40:01.497 [D] [server.go:2774]  |            ::1|[42m 200 [0m|           0s|   match|[44m GET     [0m /v1/token/token/apinaendy@gmail.com   r:/v1/token/:email
2019/10/21 14:40:01.667 [D] [server.go:2774]  |            ::1|[42m 200 [0m|           0s| nomatch|[47m OPTIONS [0m /v1/user/update/
2019/10/21 14:40:01.793 [D] [server.go:2774]  |            ::1|[42m 200 [0m|    80.7721ms|   match|[46m POST    [0m /v1/user/update/   r:/v1/user/update/
2019/10/21 14:40:06.349 [D] [server.go:2774]  |            ::1|[42m 200 [0m|   158.9989ms|   match|[46m POST    [0m /v1/user/update/   r:/v1/user/update/
2019/10/21 15:17:35.395 [D] [server.go:2774]  |            ::1|[42m 200 [0m|      997.9µs| nomatch|[47m OPTIONS [0m /v1/user/update/
2019/10/21 15:17:35.587 [D] [server.go:2774]  |            ::1|[42m 200 [0m|    148.602ms|   match|[46m POST    [0m /v1/user/update/   r:/v1/user/update/
2019/10/21 18:35:33.297 [I] [asm_amd64.s:1337]  http server Running on http://:2253
2019/10/21 18:35:36.322 [I] [asm_amd64.s:1337]  http server Running on http://:2253
2019/10/21 18:35:39.603 [I] [asm_amd64.s:1337]  http server Running on http://:2253
2019/10/21 18:35:42.993 [I] [asm_amd64.s:1337]  http server Running on http://:2253
2019/10/21 18:35:46.475 [I] [asm_amd64.s:1337]  http server Running on http://:2253
2019/10/21 18:35:49.829 [I] [asm_amd64.s:1337]  http server Running on http://:2253
2019/10/21 18:35:53.065 [I] [asm_amd64.s:1337]  http server Running on http://:2253
2019/10/21 18:35:56.507 [I] [asm_amd64.s:1337]  http server Running on http://:2253
2019/10/21 18:35:59.960 [I] [asm_amd64.s:1337]  http server Running on http://:2253
2019/10/21 18:36:03.346 [I] [asm_amd64.s:1337]  http server Running on http://:2253
2019/10/21 18:37:12.248 [D] [server.go:2774]  |            ::1|[42m 200 [0m|           0s|   match|[44m GET     [0m /v1/token/token/test@my-gpi.io   r:/v1/token/:email
2019/10/21 18:37:13.107 [D] [server.go:2774]  |            ::1|[42m 200 [0m|           0s| nomatch|[47m OPTIONS [0m /v1/user/update/
2019/10/21 18:37:13.216 [D] [server.go:2774]  |            ::1|[42m 200 [0m|    28.5437ms|   match|[46m POST    [0m /v1/user/update/   r:/v1/user/update/
2019/10/21 18:37:24.666 [D] [server.go:2774]  |            ::1|[42m 200 [0m|           0s| nomatch|[47m OPTIONS [0m /v1/user/update/
2019/10/21 18:37:24.720 [D] [server.go:2774]  |            ::1|[42m 200 [0m|     2.9929ms|   match|[46m POST    [0m /v1/user/update/   r:/v1/user/update/
2019/10/21 18:37:54.037 [D] [server.go:2774]  |            ::1|[42m 200 [0m|      449.2µs|   match|[44m GET     [0m /v1/token/token/apinaendy@gmail.com   r:/v1/token/:email
2019/10/21 18:37:54.289 [D] [server.go:2774]  |            ::1|[42m 200 [0m|           0s| nomatch|[47m OPTIONS [0m /v1/user/update/
2019/10/21 18:37:54.437 [D] [server.go:2774]  |            ::1|[42m 200 [0m|    74.1803ms|   match|[46m POST    [0m /v1/user/update/   r:/v1/user/update/
2019/10/21 18:37:58.705 [D] [server.go:2774]  |            ::1|[42m 200 [0m|     85.798ms|   match|[46m POST    [0m /v1/user/update/   r:/v1/user/update/
2019/10/21 18:41:24.022 [D] [server.go:2774]  |            ::1|[42m 200 [0m|      416.6µs| nomatch|[47m OPTIONS [0m /v1/user/update/
2019/10/21 18:41:24.194 [D] [server.go:2774]  |            ::1|[42m 200 [0m|    89.2448ms|   match|[46m POST    [0m /v1/user/update/   r:/v1/user/update/
2019/10/21 18:42:50.019 [D] [server.go:2774]  |            ::1|[42m 200 [0m|           0s| nomatch|[47m OPTIONS [0m /v1/user/update/
2019/10/21 18:42:50.473 [D] [server.go:2774]  |            ::1|[42m 200 [0m|   374.3136ms|   match|[46m POST    [0m /v1/user/update/   r:/v1/user/update/
2019/10/21 18:49:31.128 [I] [asm_amd64.s:1337]  http server Running on http://:2253
2019/10/21 18:51:52.853 [I] [asm_amd64.s:1337]  http server Running on http://:2253
2019/10/21 18:52:58.738 [I] [asm_amd64.s:1337]  http server Running on http://:2253
2019/10/21 18:55:53.735 [D] [server.go:2774]  |            ::1|[42m 200 [0m|           0s| nomatch|[47m OPTIONS [0m /v1/user/update/
2019/10/21 18:55:53.982 [D] [server.go:2774]  |            ::1|[42m 200 [0m|    92.4724ms|   match|[46m POST    [0m /v1/user/update/   r:/v1/user/update/
2019/10/21 18:55:54.069 [D] [server.go:2774]  |            ::1|[42m 200 [0m|           0s| nomatch|[47m OPTIONS [0m /v1/lead/validate/
2019/10/21 18:55:54.156 [D] [server.go:2774]  |            ::1|[43m 404 [0m|      998.5µs| nomatch|[44m GET     [0m /v1/lead/validate/
2019/10/21 18:56:35.359 [I] [asm_amd64.s:1337]  http server Running on http://:2253
2019/10/21 18:56:48.050 [D] [server.go:2774]  |            ::1|[42m 200 [0m|           0s| nomatch|[47m OPTIONS [0m /v1/user/update/
2019/10/21 18:56:48.379 [D] [server.go:2774]  |            ::1|[42m 200 [0m|      450.7µs| nomatch|[47m OPTIONS [0m /v1/lead/validate/
2019/10/21 18:56:48.511 [D] [server.go:2774]  |            ::1|[42m 200 [0m|    43.2839ms|   match|[44m GET     [0m /v1/lead/validate/   r:/v1/lead/validate/
2019/10/21 18:56:48.531 [D] [server.go:2774]  |            ::1|[42m 200 [0m|   321.4564ms|   match|[46m POST    [0m /v1/user/update/   r:/v1/user/update/
2019/10/21 19:06:13.527 [I] [asm_amd64.s:1337]  http server Running on http://:2253
2019/10/21 19:12:45.685 [D] [server.go:2774]  |            ::1|[42m 200 [0m|           0s| nomatch|[47m OPTIONS [0m /v1/user/update/
2019/10/21 19:12:45.867 [D] [server.go:2774]  |            ::1|[42m 200 [0m|           0s| nomatch|[47m OPTIONS [0m /v1/lead/validate/
2019/10/21 19:12:45.913 [D] [server.go:2774]  |            ::1|[42m 200 [0m|     4.9943ms|   match|[44m GET     [0m /v1/lead/validate/   r:/v1/lead/validate
2019/10/21 19:12:45.937 [D] [server.go:2774]  |            ::1|[42m 200 [0m|   151.6347ms|   match|[46m POST    [0m /v1/user/update/   r:/v1/user/update/
2019/10/21 19:14:58.574 [D] [server.go:2774]  |            ::1|[42m 200 [0m|           0s| nomatch|[47m OPTIONS [0m /v1/user/update/
2019/10/21 19:14:58.775 [D] [server.go:2774]  |            ::1|[42m 200 [0m|           0s| nomatch|[47m OPTIONS [0m /v1/lead/validate/
2019/10/21 19:14:58.840 [D] [server.go:2774]  |            ::1|[42m 200 [0m|      2.005ms|   match|[44m GET     [0m /v1/lead/validate/   r:/v1/lead/validate
2019/10/21 19:14:59.215 [D] [server.go:2774]  |            ::1|[42m 200 [0m|    526.075ms|   match|[46m POST    [0m /v1/user/update/   r:/v1/user/update/
2019/10/21 19:17:39.078 [D] [server.go:2774]  |            ::1|[42m 200 [0m|           0s| nomatch|[47m OPTIONS [0m /v1/user/update/
2019/10/21 19:17:39.272 [D] [server.go:2774]  |            ::1|[42m 200 [0m|           0s| nomatch|[47m OPTIONS [0m /v1/lead/validate/
2019/10/21 19:17:39.329 [D] [server.go:2774]  |            ::1|[42m 200 [0m|      995.8µs|   match|[44m GET     [0m /v1/lead/validate/   r:/v1/lead/validate
2019/10/21 19:17:39.339 [D] [server.go:2774]  |            ::1|[42m 200 [0m|   155.5855ms|   match|[46m POST    [0m /v1/user/update/   r:/v1/user/update/
2019/10/21 19:17:48.138 [D] [server.go:2774]  |            ::1|[42m 200 [0m|           0s| nomatch|[47m OPTIONS [0m /v1/user/update/
2019/10/21 19:17:48.369 [D] [server.go:2774]  |            ::1|[42m 200 [0m|           0s| nomatch|[47m OPTIONS [0m /v1/lead/validate/
2019/10/21 19:17:48.461 [D] [server.go:2774]  |            ::1|[42m 200 [0m|    33.9098ms|   match|[44m GET     [0m /v1/lead/validate/   r:/v1/lead/validate
2019/10/21 19:17:48.519 [D] [server.go:2774]  |            ::1|[42m 200 [0m|   248.9859ms|   match|[46m POST    [0m /v1/user/update/   r:/v1/user/update/
2019/10/21 19:18:06.245 [D] [server.go:2774]  |            ::1|[42m 200 [0m|           0s| nomatch|[47m OPTIONS [0m /v1/user/update/
2019/10/21 19:18:06.441 [D] [server.go:2774]  |            ::1|[42m 200 [0m|           0s| nomatch|[47m OPTIONS [0m /v1/lead/validate/
2019/10/21 19:18:06.500 [D] [server.go:2774]  |            ::1|[42m 200 [0m|     3.9847ms|   match|[44m GET     [0m /v1/lead/validate/   r:/v1/lead/validate
2019/10/21 19:18:06.504 [D] [server.go:2774]  |            ::1|[42m 200 [0m|   148.6018ms|   match|[46m POST    [0m /v1/user/update/   r:/v1/user/update/
2019/10/21 19:18:13.702 [D] [server.go:2774]  |            ::1|[42m 200 [0m|           0s| nomatch|[47m OPTIONS [0m /v1/user/update/
2019/10/21 19:18:13.883 [D] [server.go:2774]  |            ::1|[42m 200 [0m|           0s| nomatch|[47m OPTIONS [0m /v1/lead/validate/
2019/10/21 19:18:14.842 [D] [server.go:2774]  |            ::1|[42m 200 [0m|   900.0922ms|   match|[44m GET     [0m /v1/lead/validate/   r:/v1/lead/validate
2019/10/21 19:18:14.906 [D] [server.go:2774]  |            ::1|[42m 200 [0m|   1.1018715s|   match|[46m POST    [0m /v1/user/update/   r:/v1/user/update/
2019/10/21 19:18:30.779 [D] [server.go:2774]  |            ::1|[42m 200 [0m|           0s| nomatch|[47m OPTIONS [0m /v1/user/update/
2019/10/21 19:18:30.979 [D] [server.go:2774]  |            ::1|[42m 200 [0m|           0s| nomatch|[47m OPTIONS [0m /v1/lead/validate/
2019/10/21 19:18:31.038 [D] [server.go:2774]  |            ::1|[42m 200 [0m|     1.0004ms|   match|[44m GET     [0m /v1/lead/validate/   r:/v1/lead/validate
2019/10/21 19:18:31.042 [D] [server.go:2774]  |            ::1|[42m 200 [0m|   153.5898ms|   match|[46m POST    [0m /v1/user/update/   r:/v1/user/update/
2019/10/21 19:18:37.662 [D] [server.go:2774]  |            ::1|[42m 200 [0m|           0s| nomatch|[47m OPTIONS [0m /v1/user/update/
2019/10/21 19:18:37.837 [D] [server.go:2774]  |            ::1|[42m 200 [0m|           0s| nomatch|[47m OPTIONS [0m /v1/lead/validate/
2019/10/21 19:18:37.882 [D] [server.go:2774]  |            ::1|[42m 200 [0m|      996.8µs|   match|[44m GET     [0m /v1/lead/validate/   r:/v1/lead/validate
2019/10/21 19:18:38.233 [D] [server.go:2774]  |            ::1|[42m 200 [0m|   467.4986ms|   match|[46m POST    [0m /v1/user/update/   r:/v1/user/update/
2019/10/21 19:19:36.302 [D] [server.go:2774]  |            ::1|[42m 200 [0m|           0s| nomatch|[47m OPTIONS [0m /v1/user/update/
2019/10/21 19:19:36.502 [D] [server.go:2774]  |            ::1|[42m 200 [0m|           0s| nomatch|[47m OPTIONS [0m /v1/lead/validate/
2019/10/21 19:19:36.545 [D] [server.go:2774]  |            ::1|[42m 200 [0m|      997.8µs|   match|[44m GET     [0m /v1/lead/validate/   r:/v1/lead/validate
2019/10/21 19:19:37.306 [D] [server.go:2774]  |            ::1|[42m 200 [0m|   893.9565ms|   match|[46m POST    [0m /v1/user/update/   r:/v1/user/update/
2019/10/21 19:20:04.035 [D] [server.go:2774]  |            ::1|[42m 200 [0m|           0s| nomatch|[47m OPTIONS [0m /v1/user/update/
2019/10/21 19:20:04.251 [D] [server.go:2774]  |            ::1|[42m 200 [0m|    71.8064ms|   match|[46m POST    [0m /v1/user/update/   r:/v1/user/update/
2019/10/21 19:20:04.282 [D] [server.go:2774]  |            ::1|[42m 200 [0m|      997.7µs| nomatch|[47m OPTIONS [0m /v1/lead/validate/
2019/10/21 19:20:04.338 [D] [server.go:2774]  |            ::1|[42m 200 [0m|     2.9938ms|   match|[44m GET     [0m /v1/lead/validate/   r:/v1/lead/validate
2019/10/21 19:20:14.859 [D] [server.go:2774]  |            ::1|[42m 200 [0m|           0s| nomatch|[47m OPTIONS [0m /v1/user/update/
2019/10/21 19:20:15.007 [D] [server.go:2774]  |            ::1|[42m 200 [0m|     55.847ms|   match|[46m POST    [0m /v1/user/update/   r:/v1/user/update/
2019/10/21 19:20:15.034 [D] [server.go:2774]  |            ::1|[42m 200 [0m|           0s| nomatch|[47m OPTIONS [0m /v1/lead/validate/
2019/10/21 19:20:15.081 [D] [server.go:2774]  |            ::1|[42m 200 [0m|      997.9µs|   match|[44m GET     [0m /v1/lead/validate/   r:/v1/lead/validate
2019/10/21 19:20:30.978 [D] [server.go:2774]  |            ::1|[42m 200 [0m|           0s| nomatch|[47m OPTIONS [0m /v1/user/update/
2019/10/21 19:20:31.274 [D] [server.go:2774]  |            ::1|[42m 200 [0m|   128.9256ms|   match|[46m POST    [0m /v1/user/update/   r:/v1/user/update/
2019/10/21 19:20:31.296 [D] [server.go:2774]  |            ::1|[42m 200 [0m|           0s| nomatch|[47m OPTIONS [0m /v1/lead/validate/
2019/10/21 19:20:31.371 [D] [server.go:2774]  |            ::1|[42m 200 [0m|      997.1µs|   match|[44m GET     [0m /v1/lead/validate/   r:/v1/lead/validate
2019/10/21 19:20:41.507 [I] [asm_amd64.s:1337]  http server Running on http://:2253
2019/10/21 19:20:41.528 [D] [server.go:2774]  |      127.0.0.1|[42m 200 [0m|           0s| nomatch|[47m OPTIONS [0m /v1/user/update/
2019/10/21 19:20:41.530 [D] [server.go:2774]  |      127.0.0.1|[42m 200 [0m|           0s| nomatch|[47m OPTIONS [0m /v1/lead/validate/
2019/10/21 19:20:41.535 [D] [server.go:2774]  |            ::1|[42m 200 [0m|        996µs|   match|[44m GET     [0m /v1/lead/validate/   r:/v1/lead/validate
2019/10/21 19:20:42.251 [D] [server.go:2774]  |      127.0.0.1|[42m 200 [0m|   719.7638ms|   match|[46m POST    [0m /v1/user/update/   r:/v1/user/update/
2019/10/21 19:26:53.481 [D] [server.go:2774]  |            ::1|[42m 200 [0m|           0s| nomatch|[47m OPTIONS [0m /v1/user/update/
2019/10/21 19:26:53.647 [D] [server.go:2774]  |            ::1|[42m 200 [0m|           0s| nomatch|[47m OPTIONS [0m /v1/lead/validate/
2019/10/21 19:26:53.684 [D] [server.go:2774]  |            ::1|[42m 200 [0m|      996.6µs|   match|[44m GET     [0m /v1/lead/validate/   r:/v1/lead/validate
2019/10/21 19:26:53.692 [D] [server.go:2774]  |            ::1|[42m 200 [0m|           0s| nomatch|[47m OPTIONS [0m /v1/lead/myteam/
2019/10/21 19:26:53.697 [D] [server.go:2774]  |            ::1|[42m 200 [0m|       1.02ms|   match|[44m GET     [0m /v1/lead/myteam/   r:/v1/lead/myteam/
2019/10/21 19:26:53.795 [D] [server.go:2774]  |            ::1|[42m 200 [0m|   227.2044ms|   match|[46m POST    [0m /v1/user/update/   r:/v1/user/update/
2019/10/21 19:29:23.055 [I] [asm_amd64.s:1337]  http server Running on http://:2253
2019/10/21 19:29:26.480 [D] [server.go:2774]  |            ::1|[42m 200 [0m|           0s| nomatch|[47m OPTIONS [0m /v1/user/update/
2019/10/21 19:29:26.641 [D] [server.go:2774]  |            ::1|[42m 200 [0m|           0s| nomatch|[47m OPTIONS [0m /v1/lead/validate/
2019/10/21 19:29:26.714 [D] [server.go:2774]  |            ::1|[42m 200 [0m|     3.9827ms|   match|[44m GET     [0m /v1/lead/validate/   r:/v1/lead/validate
2019/10/21 19:29:26.723 [D] [server.go:2774]  |            ::1|[42m 200 [0m|   150.5917ms|   match|[46m POST    [0m /v1/user/update/   r:/v1/user/update/
2019/10/21 19:29:26.724 [D] [server.go:2774]  |            ::1|[42m 200 [0m|           0s| nomatch|[47m OPTIONS [0m /v1/lead/myteam/
2019/10/21 19:29:26.746 [D] [server.go:2774]  |            ::1|[42m 200 [0m|    13.0694ms|   match|[44m GET     [0m /v1/lead/myteam/   r:/v1/lead/myteam/
2019/10/21 19:29:39.922 [D] [server.go:2774]  |            ::1|[42m 200 [0m|      998.7µs| nomatch|[47m OPTIONS [0m /v1/user/update/
2019/10/21 19:29:40.127 [D] [server.go:2774]  |            ::1|[42m 200 [0m|           0s| nomatch|[47m OPTIONS [0m /v1/lead/validate/
2019/10/21 19:29:40.163 [D] [server.go:2774]  |            ::1|[42m 200 [0m|   124.6666ms|   match|[46m POST    [0m /v1/user/update/   r:/v1/user/update/
2019/10/21 19:29:40.201 [D] [server.go:2774]  |            ::1|[42m 200 [0m|      998.6µs|   match|[44m GET     [0m /v1/lead/validate/   r:/v1/lead/validate
2019/10/21 19:29:40.226 [D] [server.go:2774]  |            ::1|[42m 200 [0m|           0s| nomatch|[47m OPTIONS [0m /v1/lead/myteam/
2019/10/21 19:29:40.238 [D] [server.go:2774]  |            ::1|[42m 200 [0m|      1.026ms|   match|[44m GET     [0m /v1/lead/myteam/   r:/v1/lead/myteam/
2019/10/21 19:31:56.499 [D] [server.go:2774]  |            ::1|[42m 200 [0m|           0s| nomatch|[47m OPTIONS [0m /v1/user/update/
2019/10/21 19:31:56.721 [D] [server.go:2774]  |            ::1|[42m 200 [0m|           0s| nomatch|[47m OPTIONS [0m /v1/lead/validate/
2019/10/21 19:31:56.761 [D] [server.go:2774]  |            ::1|[42m 200 [0m|   136.1316ms|   match|[46m POST    [0m /v1/user/update/   r:/v1/user/update/
2019/10/21 19:31:56.773 [D] [server.go:2774]  |            ::1|[42m 200 [0m|      995.8µs|   match|[44m GET     [0m /v1/lead/validate/   r:/v1/lead/validate
2019/10/21 19:31:56.782 [D] [server.go:2774]  |            ::1|[42m 200 [0m|           0s| nomatch|[47m OPTIONS [0m /v1/lead/myteam/
2019/10/21 19:31:56.787 [D] [server.go:2774]  |            ::1|[42m 200 [0m|      992.5µs|   match|[44m GET     [0m /v1/lead/myteam/   r:/v1/lead/myteam/
2019/10/21 19:32:34.658 [I] [asm_amd64.s:1337]  http server Running on http://:2253
2019/10/21 19:32:59.381 [D] [server.go:2774]  |            ::1|[42m 200 [0m|      999.1µs| nomatch|[47m OPTIONS [0m /v1/user/update/
2019/10/21 19:32:59.576 [D] [server.go:2774]  |            ::1|[42m 200 [0m|           0s| nomatch|[47m OPTIONS [0m /v1/lead/validate/
2019/10/21 19:32:59.605 [D] [server.go:2774]  |            ::1|[42m 200 [0m|   112.6909ms|   match|[46m POST    [0m /v1/user/update/   r:/v1/user/update/
2019/10/21 19:32:59.643 [D] [server.go:2774]  |            ::1|[42m 200 [0m|      997.5µs|   match|[44m GET     [0m /v1/lead/validate/   r:/v1/lead/validate
2019/10/21 19:32:59.677 [D] [server.go:2774]  |            ::1|[42m 200 [0m|           0s| nomatch|[47m OPTIONS [0m /v1/lead/myteam/
2019/10/21 19:32:59.687 [D] [server.go:2774]  |            ::1|[42m 200 [0m|     1.9916ms|   match|[44m GET     [0m /v1/lead/myteam/   r:/v1/lead/myteam/
2019/10/21 19:33:18.009 [D] [server.go:2774]  |            ::1|[42m 200 [0m|           0s| nomatch|[47m OPTIONS [0m /v1/user/update/
2019/10/21 19:33:18.226 [D] [server.go:2774]  |            ::1|[42m 200 [0m|           0s| nomatch|[47m OPTIONS [0m /v1/lead/validate/
2019/10/21 19:33:18.271 [D] [server.go:2774]  |            ::1|[42m 200 [0m|   143.5456ms|   match|[46m POST    [0m /v1/user/update/   r:/v1/user/update/
2019/10/21 19:33:18.289 [D] [server.go:2774]  |            ::1|[42m 200 [0m|      997.7µs|   match|[44m GET     [0m /v1/lead/validate/   r:/v1/lead/validate
2019/10/21 19:33:18.314 [D] [server.go:2774]  |            ::1|[42m 200 [0m|           0s| nomatch|[47m OPTIONS [0m /v1/lead/myteam/
2019/10/21 19:33:18.340 [D] [server.go:2774]  |            ::1|[42m 200 [0m|     3.9867ms|   match|[44m GET     [0m /v1/lead/myteam/   r:/v1/lead/myteam/
2019/10/21 19:33:22.101 [D] [server.go:2774]  |            ::1|[42m 200 [0m|           0s| nomatch|[47m OPTIONS [0m /v1/user/update/
2019/10/21 19:33:22.264 [D] [server.go:2774]  |            ::1|[42m 200 [0m|           0s| nomatch|[47m OPTIONS [0m /v1/lead/validate/
2019/10/21 19:33:22.647 [D] [server.go:2774]  |            ::1|[42m 200 [0m|    334.463ms|   match|[44m GET     [0m /v1/lead/validate/   r:/v1/lead/validate
2019/10/21 19:33:22.653 [D] [server.go:2774]  |            ::1|[42m 200 [0m|           0s| nomatch|[47m OPTIONS [0m /v1/lead/myteam/
2019/10/21 19:33:22.658 [D] [server.go:2774]  |            ::1|[42m 200 [0m|      996.8µs|   match|[44m GET     [0m /v1/lead/myteam/   r:/v1/lead/myteam/
2019/10/21 19:33:22.689 [D] [server.go:2774]  |            ::1|[42m 200 [0m|   494.5932ms|   match|[46m POST    [0m /v1/user/update/   r:/v1/user/update/
2019/10/21 19:34:47.021 [D] [server.go:2774]  |            ::1|[42m 200 [0m|           0s| nomatch|[47m OPTIONS [0m /v1/user/update/
2019/10/21 19:34:47.220 [D] [server.go:2774]  |            ::1|[42m 200 [0m|           0s| nomatch|[47m OPTIONS [0m /v1/lead/validate/
2019/10/21 19:34:47.281 [D] [server.go:2774]  |            ::1|[42m 200 [0m|   149.7543ms|   match|[46m POST    [0m /v1/user/update/   r:/v1/user/update/
2019/10/21 19:34:47.286 [D] [server.go:2774]  |            ::1|[42m 200 [0m|     1.9954ms|   match|[44m GET     [0m /v1/lead/validate/   r:/v1/lead/validate
2019/10/21 19:34:47.315 [D] [server.go:2774]  |            ::1|[42m 200 [0m|           0s| nomatch|[47m OPTIONS [0m /v1/lead/myteam/
2019/10/21 19:34:47.324 [D] [server.go:2774]  |            ::1|[42m 200 [0m|     2.9932ms|   match|[44m GET     [0m /v1/lead/myteam/   r:/v1/lead/myteam/
2019/10/21 19:35:41.701 [D] [server.go:2774]  |            ::1|[42m 200 [0m|           0s| nomatch|[47m OPTIONS [0m /v1/user/update/
2019/10/21 19:35:42.430 [D] [server.go:2774]  |            ::1|[42m 200 [0m|   622.9971ms|   match|[46m POST    [0m /v1/user/update/   r:/v1/user/update/
2019/10/21 19:35:42.575 [D] [server.go:2774]  |            ::1|[42m 200 [0m|           0s| nomatch|[47m OPTIONS [0m /v1/lead/validate/
2019/10/21 19:35:42.634 [D] [server.go:2774]  |            ::1|[42m 200 [0m|      999.1µs|   match|[44m GET     [0m /v1/lead/validate/   r:/v1/lead/validate
2019/10/21 19:35:42.661 [D] [server.go:2774]  |            ::1|[42m 200 [0m|           0s| nomatch|[47m OPTIONS [0m /v1/lead/myteam/
2019/10/21 19:35:42.666 [D] [server.go:2774]  |            ::1|[42m 200 [0m|     1.9978ms|   match|[44m GET     [0m /v1/lead/myteam/   r:/v1/lead/myteam/
2019/10/21 19:35:47.053 [D] [server.go:2774]  |            ::1|[42m 200 [0m|           0s| nomatch|[47m OPTIONS [0m /v1/user/update/
2019/10/21 19:35:47.284 [D] [server.go:2774]  |            ::1|[42m 200 [0m|           0s| nomatch|[47m OPTIONS [0m /v1/lead/validate/
2019/10/21 19:35:47.342 [D] [server.go:2774]  |            ::1|[42m 200 [0m|      998.7µs|   match|[44m GET     [0m /v1/lead/validate/   r:/v1/lead/validate
2019/10/21 19:35:47.358 [D] [server.go:2774]  |            ::1|[42m 200 [0m|           0s| nomatch|[47m OPTIONS [0m /v1/lead/myteam/
2019/10/21 19:35:47.368 [D] [server.go:2774]  |            ::1|[42m 200 [0m|     1.0119ms|   match|[44m GET     [0m /v1/lead/myteam/   r:/v1/lead/myteam/
2019/10/21 19:35:48.034 [D] [server.go:2774]  |            ::1|[42m 200 [0m|   893.9388ms|   match|[46m POST    [0m /v1/user/update/   r:/v1/user/update/
2019/10/21 19:36:01.327 [D] [server.go:2774]  |            ::1|[42m 200 [0m|           0s| nomatch|[47m OPTIONS [0m /v1/user/update/
2019/10/21 19:36:01.542 [D] [server.go:2774]  |            ::1|[42m 200 [0m|    99.7334ms|   match|[46m POST    [0m /v1/user/update/   r:/v1/user/update/
2019/10/21 19:36:01.618 [D] [server.go:2774]  |            ::1|[42m 200 [0m|           0s| nomatch|[47m OPTIONS [0m /v1/lead/validate/
2019/10/21 19:36:01.661 [D] [server.go:2774]  |            ::1|[42m 200 [0m|      2.994ms|   match|[44m GET     [0m /v1/lead/validate/   r:/v1/lead/validate
2019/10/21 19:36:01.673 [D] [server.go:2774]  |            ::1|[42m 200 [0m|           0s| nomatch|[47m OPTIONS [0m /v1/lead/myteam/
2019/10/21 19:36:01.678 [D] [server.go:2774]  |            ::1|[42m 200 [0m|      991.3µs|   match|[44m GET     [0m /v1/lead/myteam/   r:/v1/lead/myteam/
2019/10/21 19:36:04.791 [D] [server.go:2774]  |            ::1|[42m 200 [0m|           0s| nomatch|[47m OPTIONS [0m /v1/user/update/
2019/10/21 19:36:05.420 [D] [server.go:2774]  |            ::1|[42m 200 [0m|           0s| nomatch|[47m OPTIONS [0m /v1/lead/validate/
2019/10/21 19:36:05.471 [D] [server.go:2774]  |            ::1|[42m 200 [0m|      998.2µs|   match|[44m GET     [0m /v1/lead/validate/   r:/v1/lead/validate
2019/10/21 19:36:05.487 [D] [server.go:2774]  |            ::1|[42m 200 [0m|           0s| nomatch|[47m OPTIONS [0m /v1/lead/myteam/
2019/10/21 19:36:05.505 [D] [server.go:2774]  |            ::1|[42m 200 [0m|     2.9946ms|   match|[44m GET     [0m /v1/lead/myteam/   r:/v1/lead/myteam/
2019/10/21 19:36:05.690 [D] [server.go:2774]  |            ::1|[42m 200 [0m|     811.46ms|   match|[46m POST    [0m /v1/user/update/   r:/v1/user/update/
2019/10/21 19:36:17.211 [D] [server.go:2774]  |            ::1|[42m 200 [0m|           0s| nomatch|[47m OPTIONS [0m /v1/user/update/
2019/10/21 19:36:17.441 [D] [server.go:2774]  |            ::1|[42m 200 [0m|   187.6678ms|   match|[46m POST    [0m /v1/user/update/   r:/v1/user/update/
2019/10/21 19:36:17.495 [D] [server.go:2774]  |            ::1|[42m 200 [0m|           0s| nomatch|[47m OPTIONS [0m /v1/lead/validate/
2019/10/21 19:36:17.535 [D] [server.go:2774]  |            ::1|[42m 200 [0m|        984µs|   match|[44m GET     [0m /v1/lead/validate/   r:/v1/lead/validate
2019/10/21 19:36:17.547 [D] [server.go:2774]  |            ::1|[42m 200 [0m|           0s| nomatch|[47m OPTIONS [0m /v1/lead/myteam/
2019/10/21 19:36:17.565 [D] [server.go:2774]  |            ::1|[42m 200 [0m|      998.7µs|   match|[44m GET     [0m /v1/lead/myteam/   r:/v1/lead/myteam/
2019/10/21 19:36:36.363 [D] [server.go:2774]  |            ::1|[42m 200 [0m|           0s| nomatch|[47m OPTIONS [0m /v1/user/update/
2019/10/21 19:36:36.679 [D] [server.go:2774]  |            ::1|[42m 200 [0m|   271.3143ms|   match|[46m POST    [0m /v1/user/update/   r:/v1/user/update/
2019/10/21 19:36:36.767 [D] [server.go:2774]  |            ::1|[42m 200 [0m|           0s| nomatch|[47m OPTIONS [0m /v1/lead/validate/
2019/10/21 19:36:36.812 [D] [server.go:2774]  |            ::1|[42m 200 [0m|      998.3µs|   match|[44m GET     [0m /v1/lead/validate/   r:/v1/lead/validate
2019/10/21 19:36:36.829 [D] [server.go:2774]  |            ::1|[42m 200 [0m|           0s| nomatch|[47m OPTIONS [0m /v1/lead/myteam/
2019/10/21 19:36:36.836 [D] [server.go:2774]  |            ::1|[42m 200 [0m|      996.9µs|   match|[44m GET     [0m /v1/lead/myteam/   r:/v1/lead/myteam/
2019/10/21 19:38:28.330 [D] [server.go:2774]  |            ::1|[42m 200 [0m|           0s| nomatch|[47m OPTIONS [0m /v1/user/update/
2019/10/21 19:38:28.465 [D] [server.go:2774]  |            ::1|[42m 200 [0m|    91.2603ms|   match|[46m POST    [0m /v1/user/update/   r:/v1/user/update/
2019/10/21 19:38:28.527 [D] [server.go:2774]  |            ::1|[42m 200 [0m|           0s| nomatch|[47m OPTIONS [0m /v1/lead/validate/
2019/10/21 19:38:28.552 [D] [server.go:2774]  |            ::1|[42m 200 [0m|     1.0126ms|   match|[44m GET     [0m /v1/lead/validate/   r:/v1/lead/validate
2019/10/21 19:38:28.563 [D] [server.go:2774]  |            ::1|[42m 200 [0m|           0s| nomatch|[47m OPTIONS [0m /v1/lead/myteam/
2019/10/21 19:38:28.568 [D] [server.go:2774]  |            ::1|[42m 200 [0m|      996.9µs|   match|[44m GET     [0m /v1/lead/myteam/   r:/v1/lead/myteam/
2019/10/21 19:38:59.477 [D] [server.go:2774]  |            ::1|[42m 200 [0m|           0s| nomatch|[47m OPTIONS [0m /v1/user/update/
2019/10/21 19:38:59.618 [D] [server.go:2774]  |            ::1|[42m 200 [0m|    98.7304ms|   match|[46m POST    [0m /v1/user/update/   r:/v1/user/update/
2019/10/21 19:38:59.712 [D] [server.go:2774]  |            ::1|[42m 200 [0m|           0s| nomatch|[47m OPTIONS [0m /v1/lead/validate/
2019/10/21 19:38:59.752 [D] [server.go:2774]  |            ::1|[42m 200 [0m|      997.9µs|   match|[44m GET     [0m /v1/lead/validate/   r:/v1/lead/validate
2019/10/21 19:38:59.764 [D] [server.go:2774]  |            ::1|[42m 200 [0m|           0s| nomatch|[47m OPTIONS [0m /v1/lead/myteam/
2019/10/21 19:38:59.770 [D] [server.go:2774]  |            ::1|[42m 200 [0m|      996.6µs|   match|[44m GET     [0m /v1/lead/myteam/   r:/v1/lead/myteam/
2019/10/21 19:39:25.861 [D] [server.go:2774]  |            ::1|[42m 200 [0m|           0s| nomatch|[47m OPTIONS [0m /v1/user/update/
2019/10/21 19:39:25.993 [D] [server.go:2774]  |            ::1|[42m 200 [0m|    71.8144ms|   match|[46m POST    [0m /v1/user/update/   r:/v1/user/update/
2019/10/21 19:39:26.065 [D] [server.go:2774]  |            ::1|[42m 200 [0m|           0s| nomatch|[47m OPTIONS [0m /v1/lead/validate/
2019/10/21 19:39:26.109 [D] [server.go:2774]  |            ::1|[42m 200 [0m|      997.1µs|   match|[44m GET     [0m /v1/lead/validate/   r:/v1/lead/validate
2019/10/21 19:39:26.119 [D] [server.go:2774]  |            ::1|[42m 200 [0m|           0s| nomatch|[47m OPTIONS [0m /v1/lead/myteam/
2019/10/21 19:39:26.124 [D] [server.go:2774]  |            ::1|[42m 200 [0m|      995.3µs|   match|[44m GET     [0m /v1/lead/myteam/   r:/v1/lead/myteam/
2019/10/21 19:39:45.400 [D] [server.go:2774]  |            ::1|[42m 200 [0m|           0s| nomatch|[47m OPTIONS [0m /v1/user/update/
2019/10/21 19:39:45.501 [D] [server.go:2774]  |            ::1|[42m 200 [0m|    60.8332ms|   match|[46m POST    [0m /v1/user/update/   r:/v1/user/update/
2019/10/21 19:39:45.641 [D] [server.go:2774]  |            ::1|[42m 200 [0m|           0s| nomatch|[47m OPTIONS [0m /v1/lead/validate/
2019/10/21 19:39:45.671 [D] [server.go:2774]  |            ::1|[42m 200 [0m|      997.3µs|   match|[44m GET     [0m /v1/lead/validate/   r:/v1/lead/validate
2019/10/21 19:39:45.682 [D] [server.go:2774]  |            ::1|[42m 200 [0m|           0s| nomatch|[47m OPTIONS [0m /v1/lead/myteam/
2019/10/21 19:39:45.687 [D] [server.go:2774]  |            ::1|[42m 200 [0m|        998µs|   match|[44m GET     [0m /v1/lead/myteam/   r:/v1/lead/myteam/
2019/10/21 19:41:08.294 [D] [server.go:2774]  |            ::1|[42m 200 [0m|           0s| nomatch|[47m OPTIONS [0m /v1/user/update/
2019/10/21 19:41:08.400 [D] [server.go:2774]  |            ::1|[42m 200 [0m|    60.8622ms|   match|[46m POST    [0m /v1/user/update/   r:/v1/user/update/
2019/10/21 19:41:08.474 [D] [server.go:2774]  |            ::1|[42m 200 [0m|           0s| nomatch|[47m OPTIONS [0m /v1/lead/validate/
2019/10/21 19:41:08.517 [D] [server.go:2774]  |            ::1|[42m 200 [0m|     1.9929ms|   match|[44m GET     [0m /v1/lead/validate/   r:/v1/lead/validate
2019/10/21 19:41:08.529 [D] [server.go:2774]  |            ::1|[42m 200 [0m|           0s| nomatch|[47m OPTIONS [0m /v1/lead/myteam/
2019/10/21 19:41:08.532 [D] [server.go:2774]  |            ::1|[42m 200 [0m|           0s|   match|[44m GET     [0m /v1/lead/myteam/   r:/v1/lead/myteam/
2019/10/21 19:45:55.756 [D] [server.go:2774]  |            ::1|[42m 200 [0m|     1.0053ms| nomatch|[47m OPTIONS [0m /v1/user/update/
2019/10/21 19:45:55.919 [D] [server.go:2774]  |            ::1|[42m 200 [0m|   121.6735ms|   match|[46m POST    [0m /v1/user/update/   r:/v1/user/update/
2019/10/21 19:45:55.926 [D] [server.go:2774]  |            ::1|[42m 200 [0m|           0s| nomatch|[47m OPTIONS [0m /v1/lead/validate/
2019/10/21 19:45:55.974 [D] [server.go:2774]  |            ::1|[42m 200 [0m|        996µs|   match|[44m GET     [0m /v1/lead/validate/   r:/v1/lead/validate
2019/10/21 19:45:55.984 [D] [server.go:2774]  |            ::1|[42m 200 [0m|           0s| nomatch|[47m OPTIONS [0m /v1/lead/myteam/
2019/10/21 19:45:55.991 [D] [server.go:2774]  |            ::1|[42m 200 [0m|           0s|   match|[44m GET     [0m /v1/lead/myteam/   r:/v1/lead/myteam/
2019/10/21 19:46:28.421 [D] [server.go:2774]  |            ::1|[42m 200 [0m|      998.1µs| nomatch|[47m OPTIONS [0m /v1/user/update/
2019/10/21 19:46:28.647 [D] [server.go:2774]  |            ::1|[42m 200 [0m|   110.7333ms|   match|[46m POST    [0m /v1/user/update/   r:/v1/user/update/
2019/10/21 19:46:28.687 [D] [server.go:2774]  |            ::1|[42m 200 [0m|           0s| nomatch|[47m OPTIONS [0m /v1/lead/validate/
2019/10/21 19:46:28.749 [D] [server.go:2774]  |            ::1|[42m 200 [0m|      997.4µs|   match|[44m GET     [0m /v1/lead/validate/   r:/v1/lead/validate
2019/10/21 19:46:28.761 [D] [server.go:2774]  |            ::1|[42m 200 [0m|           0s| nomatch|[47m OPTIONS [0m /v1/lead/myteam/
2019/10/21 19:46:28.772 [D] [server.go:2774]  |            ::1|[42m 200 [0m|      997.7µs|   match|[44m GET     [0m /v1/lead/myteam/   r:/v1/lead/myteam/
2019/10/21 19:46:42.056 [D] [server.go:2774]  |            ::1|[42m 200 [0m|           0s| nomatch|[47m OPTIONS [0m /v1/user/update/
2019/10/21 19:46:42.343 [D] [server.go:2774]  |            ::1|[42m 200 [0m|           0s| nomatch|[47m OPTIONS [0m /v1/lead/validate/
2019/10/21 19:46:42.398 [D] [server.go:2774]  |            ::1|[42m 200 [0m|      997.9µs|   match|[44m GET     [0m /v1/lead/validate/   r:/v1/lead/validate
2019/10/21 19:46:42.412 [D] [server.go:2774]  |            ::1|[42m 200 [0m|           0s| nomatch|[47m OPTIONS [0m /v1/lead/myteam/
2019/10/21 19:46:42.423 [D] [server.go:2774]  |            ::1|[42m 200 [0m|     1.9926ms|   match|[44m GET     [0m /v1/lead/myteam/   r:/v1/lead/myteam/
2019/10/21 19:46:42.880 [D] [server.go:2774]  |            ::1|[42m 200 [0m|   704.8862ms|   match|[46m POST    [0m /v1/user/update/   r:/v1/user/update/
2019/10/21 19:47:21.741 [D] [server.go:2774]  |            ::1|[42m 200 [0m|           0s| nomatch|[47m OPTIONS [0m /v1/user/update/
2019/10/21 19:47:21.961 [D] [server.go:2774]  |            ::1|[42m 200 [0m|   122.1339ms|   match|[46m POST    [0m /v1/user/update/   r:/v1/user/update/
2019/10/21 19:47:21.978 [D] [server.go:2774]  |            ::1|[42m 200 [0m|           0s| nomatch|[47m OPTIONS [0m /v1/lead/validate/
2019/10/21 19:47:22.009 [D] [server.go:2774]  |            ::1|[42m 200 [0m|      996.7µs|   match|[44m GET     [0m /v1/lead/validate/   r:/v1/lead/validate
2019/10/21 19:47:22.034 [D] [server.go:2774]  |            ::1|[42m 200 [0m|           0s| nomatch|[47m OPTIONS [0m /v1/lead/myteam/
2019/10/21 19:47:22.046 [D] [server.go:2774]  |            ::1|[42m 200 [0m|     2.0098ms|   match|[44m GET     [0m /v1/lead/myteam/   r:/v1/lead/myteam/
2019/10/21 19:47:41.799 [D] [server.go:2774]  |            ::1|[42m 200 [0m|           0s| nomatch|[47m OPTIONS [0m /v1/user/update/
2019/10/21 19:47:42.054 [D] [server.go:2774]  |            ::1|[42m 200 [0m|   140.6157ms|   match|[46m POST    [0m /v1/user/update/   r:/v1/user/update/
2019/10/21 19:47:42.074 [D] [server.go:2774]  |            ::1|[42m 200 [0m|           0s| nomatch|[47m OPTIONS [0m /v1/lead/validate/
2019/10/21 19:47:42.123 [D] [server.go:2774]  |            ::1|[42m 200 [0m|      998.9µs|   match|[44m GET     [0m /v1/lead/validate/   r:/v1/lead/validate
2019/10/21 19:47:42.141 [D] [server.go:2774]  |            ::1|[42m 200 [0m|           0s| nomatch|[47m OPTIONS [0m /v1/lead/myteam/
2019/10/21 19:47:42.150 [D] [server.go:2774]  |            ::1|[42m 200 [0m|     1.0196ms|   match|[44m GET     [0m /v1/lead/myteam/   r:/v1/lead/myteam/
2019/10/21 19:48:09.902 [D] [server.go:2774]  |            ::1|[42m 200 [0m|           0s| nomatch|[47m OPTIONS [0m /v1/user/update/
2019/10/21 19:48:10.193 [D] [server.go:2774]  |            ::1|[42m 200 [0m|   173.8085ms|   match|[46m POST    [0m /v1/user/update/   r:/v1/user/update/
2019/10/21 19:48:10.201 [D] [server.go:2774]  |            ::1|[42m 200 [0m|           0s| nomatch|[47m OPTIONS [0m /v1/lead/validate/
2019/10/21 19:48:10.267 [D] [server.go:2774]  |            ::1|[42m 200 [0m|      998.1µs|   match|[44m GET     [0m /v1/lead/validate/   r:/v1/lead/validate
2019/10/21 19:48:10.287 [D] [server.go:2774]  |            ::1|[42m 200 [0m|           0s| nomatch|[47m OPTIONS [0m /v1/lead/myteam/
2019/10/21 19:48:10.298 [D] [server.go:2774]  |            ::1|[42m 200 [0m|     2.0027ms|   match|[44m GET     [0m /v1/lead/myteam/   r:/v1/lead/myteam/
2019/10/21 19:48:29.311 [D] [server.go:2774]  |            ::1|[42m 200 [0m|           0s| nomatch|[47m OPTIONS [0m /v1/user/update/
2019/10/21 19:48:29.577 [D] [server.go:2774]  |            ::1|[42m 200 [0m|   143.6133ms|   match|[46m POST    [0m /v1/user/update/   r:/v1/user/update/
2019/10/21 19:48:29.617 [D] [server.go:2774]  |            ::1|[42m 200 [0m|           0s| nomatch|[47m OPTIONS [0m /v1/lead/validate/
2019/10/21 19:48:29.660 [D] [server.go:2774]  |            ::1|[42m 200 [0m|     1.9955ms|   match|[44m GET     [0m /v1/lead/validate/   r:/v1/lead/validate
2019/10/21 19:48:29.677 [D] [server.go:2774]  |            ::1|[42m 200 [0m|           0s| nomatch|[47m OPTIONS [0m /v1/lead/myteam/
2019/10/21 19:48:29.699 [D] [server.go:2774]  |            ::1|[42m 200 [0m|     1.9994ms|   match|[44m GET     [0m /v1/lead/myteam/   r:/v1/lead/myteam/
2019/10/21 22:00:20.621 [D] [server.go:2774]  |            ::1|[42m 200 [0m|           0s| nomatch|[47m OPTIONS [0m /v1/user/update/
2019/10/21 22:00:20.829 [D] [server.go:2774]  |            ::1|[42m 200 [0m|    98.7599ms|   match|[46m POST    [0m /v1/user/update/   r:/v1/user/update/
2019/10/21 22:00:20.930 [D] [server.go:2774]  |            ::1|[42m 200 [0m|           0s| nomatch|[47m OPTIONS [0m /v1/lead/validate/
2019/10/21 22:00:20.989 [D] [server.go:2774]  |            ::1|[42m 200 [0m|     1.9926ms|   match|[44m GET     [0m /v1/lead/validate/   r:/v1/lead/validate
2019/10/21 22:00:21.010 [D] [server.go:2774]  |            ::1|[42m 200 [0m|           0s| nomatch|[47m OPTIONS [0m /v1/lead/myteam/
2019/10/21 22:00:21.031 [D] [server.go:2774]  |            ::1|[42m 200 [0m|      998.8µs|   match|[44m GET     [0m /v1/lead/myteam/   r:/v1/lead/myteam/
2019/10/21 22:10:17.445 [I] [asm_amd64.s:1337]  http server Running on http://:2253
2019/10/21 22:11:48.407 [D] [server.go:2774]  |            ::1|[42m 200 [0m|           0s| nomatch|[47m OPTIONS [0m /v1/user/update/
2019/10/21 22:11:48.656 [D] [server.go:2774]  |            ::1|[42m 200 [0m|           0s| nomatch|[47m OPTIONS [0m /v1/lead/validate/
2019/10/21 22:11:48.828 [D] [server.go:2774]  |            ::1|[42m 200 [0m|   121.5095ms|   match|[44m GET     [0m /v1/lead/validate/   r:/v1/lead/validate
2019/10/21 22:11:48.837 [D] [server.go:2774]  |            ::1|[42m 200 [0m|           0s| nomatch|[47m OPTIONS [0m /v1/lead/myteam/
2019/10/21 22:11:48.841 [D] [server.go:2774]  |            ::1|[42m 200 [0m|     1.0105ms|   match|[44m GET     [0m /v1/lead/myteam/   r:/v1/lead/myteam/
2019/10/21 22:11:48.857 [D] [server.go:2774]  |            ::1|[42m 200 [0m|   350.8816ms|   match|[46m POST    [0m /v1/user/update/   r:/v1/user/update/
2019/10/21 22:18:20.407 [D] [server.go:2774]  |            ::1|[42m 200 [0m|           0s|   match|[44m GET     [0m /v1/token/token/tombara.akulasah@ceslintlgroup.com   r:/v1/token/:email
2019/10/21 22:18:22.713 [D] [server.go:2774]  |            ::1|[42m 200 [0m|           0s| nomatch|[47m OPTIONS [0m /v1/user/update/
2019/10/21 22:18:22.832 [D] [server.go:2774]  |            ::1|[42m 200 [0m|    84.3284ms|   match|[46m POST    [0m /v1/user/update/   r:/v1/user/update/
2019/10/21 22:19:08.262 [D] [server.go:2774]  |            ::1|[42m 200 [0m|      996.4µs|   match|[44m GET     [0m /v1/token/token/apinaendy@gmail.com   r:/v1/token/:email
2019/10/21 22:19:08.422 [D] [server.go:2774]  |            ::1|[42m 200 [0m|           0s| nomatch|[47m OPTIONS [0m /v1/user/update/
2019/10/21 22:19:08.563 [D] [server.go:2774]  |            ::1|[42m 200 [0m|    72.4595ms|   match|[46m POST    [0m /v1/user/update/   r:/v1/user/update/
2019/10/21 22:19:11.662 [D] [server.go:2774]  |            ::1|[42m 200 [0m|    99.0716ms|   match|[46m POST    [0m /v1/user/update/   r:/v1/user/update/
2019/10/21 22:19:11.716 [D] [server.go:2774]  |            ::1|[42m 200 [0m|           0s| nomatch|[47m OPTIONS [0m /v1/lead/validate/
2019/10/21 22:19:11.739 [D] [server.go:2774]  |            ::1|[42m 200 [0m|      998.2µs|   match|[44m GET     [0m /v1/lead/validate/   r:/v1/lead/validate
2019/10/21 22:19:11.744 [D] [server.go:2774]  |            ::1|[42m 200 [0m|     1.0029ms| nomatch|[47m OPTIONS [0m /v1/lead/myteam/
2019/10/21 22:19:11.754 [D] [server.go:2774]  |            ::1|[42m 200 [0m|     1.1091ms|   match|[44m GET     [0m /v1/lead/myteam/   r:/v1/lead/myteam/
2019/10/21 22:23:17.475 [I] [asm_amd64.s:1337]  http server Running on http://:2253
2019/10/21 22:23:34.077 [D] [server.go:2774]  |            ::1|[42m 200 [0m|           0s| nomatch|[47m OPTIONS [0m /v1/user/update/
2019/10/21 22:23:34.270 [D] [server.go:2774]  |            ::1|[42m 200 [0m|           0s| nomatch|[47m OPTIONS [0m /v1/lead/validate/
2019/10/21 22:23:34.510 [D] [server.go:2774]  |            ::1|[42m 200 [0m|   210.8153ms|   match|[44m GET     [0m /v1/lead/validate/   r:/v1/lead/validate
2019/10/21 22:23:34.514 [D] [server.go:2774]  |            ::1|[42m 200 [0m|           0s| nomatch|[47m OPTIONS [0m /v1/lead/myteam/
2019/10/21 22:23:34.554 [D] [server.go:2774]  |            ::1|[42m 200 [0m|   433.5393ms|   match|[46m POST    [0m /v1/user/update/   r:/v1/user/update/
2019/10/21 22:23:34.566 [D] [server.go:2774]  |            ::1|[42m 200 [0m|    50.3979ms|   match|[44m GET     [0m /v1/lead/myteam/   r:/v1/lead/myteam/
2019/10/21 22:25:03.294 [I] [asm_amd64.s:1337]  http server Running on http://:2253
2019/10/21 22:25:26.255 [D] [server.go:2774]  |            ::1|[42m 200 [0m|           0s| nomatch|[47m OPTIONS [0m /v1/user/update/
2019/10/21 22:25:26.436 [D] [server.go:2774]  |            ::1|[42m 200 [0m|           0s| nomatch|[47m OPTIONS [0m /v1/lead/validate/
2019/10/21 22:25:26.481 [D] [server.go:2774]  |            ::1|[42m 200 [0m|     1.9945ms|   match|[44m GET     [0m /v1/lead/validate/   r:/v1/lead/validate
2019/10/21 22:25:26.487 [D] [server.go:2774]  |            ::1|[42m 200 [0m|           0s| nomatch|[47m OPTIONS [0m /v1/lead/myteam/
2019/10/21 22:25:26.491 [D] [server.go:2774]  |            ::1|[42m 200 [0m|     1.0207ms|   match|[44m GET     [0m /v1/lead/myteam/   r:/v1/lead/myteam/
2019/10/21 22:25:27.458 [D] [server.go:2774]  |            ::1|[42m 200 [0m|   1.1626496s|   match|[46m POST    [0m /v1/user/update/   r:/v1/user/update/
2019/10/21 22:25:48.746 [D] [server.go:2774]  |            ::1|[42m 200 [0m|           0s| nomatch|[47m OPTIONS [0m /v1/user/update/
2019/10/21 22:25:49.026 [D] [server.go:2774]  |            ::1|[42m 200 [0m|           0s| nomatch|[47m OPTIONS [0m /v1/lead/validate/
2019/10/21 22:25:49.082 [D] [server.go:2774]  |            ::1|[42m 200 [0m|        995µs|   match|[44m GET     [0m /v1/lead/validate/   r:/v1/lead/validate
2019/10/21 22:25:49.099 [D] [server.go:2774]  |            ::1|[42m 200 [0m|           0s| nomatch|[47m OPTIONS [0m /v1/lead/myteam/
2019/10/21 22:25:49.104 [D] [server.go:2774]  |            ::1|[42m 200 [0m|        996µs|   match|[44m GET     [0m /v1/lead/myteam/   r:/v1/lead/myteam/
2019/10/21 22:25:49.143 [D] [server.go:2774]  |            ::1|[42m 200 [0m|   290.6023ms|   match|[46m POST    [0m /v1/user/update/   r:/v1/user/update/
2019/10/21 22:36:51.394 [I] [asm_amd64.s:1337]  http server Running on http://:2253
2019/10/21 22:37:08.088 [I] [asm_amd64.s:1337]  http server Running on http://:2253
2019/10/21 22:39:41.600 [I] [asm_amd64.s:1337]  http server Running on http://:2253
2019/10/21 22:40:10.798 [I] [asm_amd64.s:1337]  http server Running on http://:2253
2019/10/21 22:41:05.613 [D] [server.go:2774]  |            ::1|[42m 200 [0m|           0s| nomatch|[47m OPTIONS [0m /v1/user/update/
2019/10/21 22:41:05.860 [D] [server.go:2774]  |            ::1|[42m 200 [0m|        996µs| nomatch|[47m OPTIONS [0m /v1/lead/validate/
2019/10/21 22:41:06.016 [D] [server.go:2774]  |            ::1|[42m 200 [0m|   109.5582ms|   match|[44m GET     [0m /v1/lead/validate/   r:/v1/lead/validate
2019/10/21 22:41:06.020 [D] [server.go:2774]  |            ::1|[42m 200 [0m|           0s| nomatch|[47m OPTIONS [0m /v1/lead/myteam/
2019/10/21 22:41:06.023 [D] [server.go:2774]  |            ::1|[42m 200 [0m|     1.0085ms|   match|[44m GET     [0m /v1/lead/myteam/   r:/v1/lead/myteam/
2019/10/21 22:41:06.063 [D] [server.go:2774]  |            ::1|[42m 200 [0m|   361.0898ms|   match|[46m POST    [0m /v1/user/update/   r:/v1/user/update/
2019/10/21 22:41:17.872 [D] [server.go:2774]  |            ::1|[42m 200 [0m|           0s| nomatch|[47m OPTIONS [0m /v1/lead/member/6
2019/10/21 22:41:17.877 [D] [server.go:2774]  |            ::1|[42m 200 [0m|           0s| nomatch|[46m POST    [0m /v1/lead/member/6
2019/10/21 22:43:01.393 [D] [server.go:2774]  |            ::1|[42m 200 [0m|           0s| nomatch|[47m OPTIONS [0m /v1/user/update/
2019/10/21 22:43:01.641 [D] [server.go:2774]  |            ::1|[42m 200 [0m|           0s| nomatch|[47m OPTIONS [0m /v1/lead/validate/
2019/10/21 22:43:01.685 [D] [server.go:2774]  |            ::1|[42m 200 [0m|      993.6µs|   match|[44m GET     [0m /v1/lead/validate/   r:/v1/lead/validate
2019/10/21 22:43:01.690 [D] [server.go:2774]  |            ::1|[42m 200 [0m|           0s| nomatch|[47m OPTIONS [0m /v1/lead/myteam/
2019/10/21 22:43:01.699 [D] [server.go:2774]  |            ::1|[42m 200 [0m|      999.8µs|   match|[44m GET     [0m /v1/lead/myteam/   r:/v1/lead/myteam/
2019/10/21 22:43:02.842 [D] [server.go:2774]  |            ::1|[42m 200 [0m|   1.3547987s|   match|[46m POST    [0m /v1/user/update/   r:/v1/user/update/
2019/10/21 22:43:21.421 [D] [server.go:2774]  |            ::1|[42m 200 [0m|           0s| nomatch|[47m OPTIONS [0m /v1/user/update/
2019/10/21 22:43:21.671 [D] [server.go:2774]  |            ::1|[42m 200 [0m|           0s| nomatch|[47m OPTIONS [0m /v1/lead/validate/
2019/10/21 22:43:21.724 [D] [server.go:2774]  |            ::1|[42m 200 [0m|      997.7µs|   match|[44m GET     [0m /v1/lead/validate/   r:/v1/lead/validate
2019/10/21 22:43:21.735 [D] [server.go:2774]  |            ::1|[42m 200 [0m|           0s| nomatch|[47m OPTIONS [0m /v1/lead/myteam/
2019/10/21 22:43:21.745 [D] [server.go:2774]  |            ::1|[42m 200 [0m|      997.5µs|   match|[44m GET     [0m /v1/lead/myteam/   r:/v1/lead/myteam/
2019/10/21 22:43:23.491 [D] [server.go:2774]  |            ::1|[42m 200 [0m|   1.9707982s|   match|[46m POST    [0m /v1/user/update/   r:/v1/user/update/
2019/10/21 22:43:31.458 [D] [server.go:2774]  |            ::1|[42m 200 [0m|           0s| nomatch|[47m OPTIONS [0m /v1/lead/member/6
2019/10/21 22:43:31.464 [D] [server.go:2774]  |            ::1|[42m 200 [0m|           0s| nomatch|[46m POST    [0m /v1/lead/member/6
2019/10/21 22:43:44.223 [D] [server.go:2774]  |            ::1|[42m 200 [0m|           0s| nomatch|[47m OPTIONS [0m /v1/user/update/
2019/10/21 22:43:44.526 [D] [server.go:2774]  |            ::1|[42m 200 [0m|           0s| nomatch|[47m OPTIONS [0m /v1/lead/validate/
2019/10/21 22:43:44.586 [D] [server.go:2774]  |            ::1|[42m 200 [0m|      997.3µs|   match|[44m GET     [0m /v1/lead/validate/   r:/v1/lead/validate
2019/10/21 22:43:44.602 [D] [server.go:2774]  |            ::1|[42m 200 [0m|           0s| nomatch|[47m OPTIONS [0m /v1/lead/myteam/
2019/10/21 22:43:44.608 [D] [server.go:2774]  |            ::1|[42m 200 [0m|      998.8µs|   match|[44m GET     [0m /v1/lead/myteam/   r:/v1/lead/myteam/
2019/10/21 22:43:45.476 [D] [server.go:2774]  |            ::1|[42m 200 [0m|   1.1232067s|   match|[46m POST    [0m /v1/user/update/   r:/v1/user/update/
2019/10/21 22:43:52.287 [D] [server.go:2774]  |            ::1|[42m 200 [0m|           0s| nomatch|[47m OPTIONS [0m /v1/lead/member/6
2019/10/21 22:43:52.296 [D] [server.go:2774]  |            ::1|[42m 200 [0m|      2.995ms|   match|[46m POST    [0m /v1/lead/member/6   r:/v1/lead/member/:id
2019/10/21 22:47:03.489 [D] [server.go:2774]  |            ::1|[42m 200 [0m|           0s| nomatch|[47m OPTIONS [0m /v1/user/update/
2019/10/21 22:47:03.737 [D] [server.go:2774]  |            ::1|[42m 200 [0m|           0s| nomatch|[47m OPTIONS [0m /v1/lead/validate/
2019/10/21 22:47:03.791 [D] [server.go:2774]  |            ::1|[42m 200 [0m|     1.9953ms|   match|[44m GET     [0m /v1/lead/validate/   r:/v1/lead/validate
2019/10/21 22:47:03.799 [D] [server.go:2774]  |            ::1|[42m 200 [0m|           0s| nomatch|[47m OPTIONS [0m /v1/lead/myteam/
2019/10/21 22:47:03.806 [D] [server.go:2774]  |            ::1|[42m 200 [0m|      996.3µs|   match|[44m GET     [0m /v1/lead/myteam/   r:/v1/lead/myteam/
2019/10/21 22:47:04.294 [D] [server.go:2774]  |            ::1|[42m 200 [0m|   712.3404ms|   match|[46m POST    [0m /v1/user/update/   r:/v1/user/update/
2019/10/21 22:47:13.646 [D] [server.go:2774]  |            ::1|[42m 200 [0m|      996.6µs| nomatch|[47m OPTIONS [0m /v1/lead/member/6
2019/10/21 22:47:13.654 [D] [server.go:2774]  |            ::1|[42m 200 [0m|     2.9856ms|   match|[46m POST    [0m /v1/lead/member/6   r:/v1/lead/member/:id
2019/10/21 22:47:50.840 [D] [server.go:2774]  |            ::1|[42m 200 [0m|           0s| nomatch|[47m OPTIONS [0m /v1/user/update/
2019/10/21 22:47:51.082 [D] [server.go:2774]  |            ::1|[42m 200 [0m|           0s| nomatch|[47m OPTIONS [0m /v1/lead/validate/
2019/10/21 22:47:51.135 [D] [server.go:2774]  |            ::1|[42m 200 [0m|      997.3µs|   match|[44m GET     [0m /v1/lead/validate/   r:/v1/lead/validate
2019/10/21 22:47:51.153 [D] [server.go:2774]  |            ::1|[42m 200 [0m|      998.6µs| nomatch|[47m OPTIONS [0m /v1/lead/myteam/
2019/10/21 22:47:51.162 [D] [server.go:2774]  |            ::1|[42m 200 [0m|      994.6µs|   match|[44m GET     [0m /v1/lead/myteam/   r:/v1/lead/myteam/
2019/10/21 22:47:51.713 [D] [server.go:2774]  |            ::1|[42m 200 [0m|   777.6849ms|   match|[46m POST    [0m /v1/user/update/   r:/v1/user/update/
2019/10/21 22:48:05.270 [D] [server.go:2774]  |            ::1|[42m 200 [0m|           0s| nomatch|[47m OPTIONS [0m /v1/lead/member/6
2019/10/21 22:48:05.381 [D] [server.go:2774]  |            ::1|[42m 200 [0m|   104.2944ms|   match|[46m POST    [0m /v1/lead/member/6   r:/v1/lead/member/:id
2019/10/21 22:49:32.737 [I] [asm_amd64.s:1337]  http server Running on http://:2253
2019/10/21 22:49:54.498 [D] [server.go:2774]  |            ::1|[42m 200 [0m|           0s| nomatch|[47m OPTIONS [0m /v1/lead/member/6
2019/10/21 22:49:54.863 [D] [server.go:2774]  |            ::1|[42m 200 [0m|   356.0144ms|   match|[46m POST    [0m /v1/lead/member/6   r:/v1/lead/member/:id
2019/10/21 22:52:13.613 [D] [server.go:2774]  |            ::1|[42m 200 [0m|           0s| nomatch|[47m OPTIONS [0m /v1/user/update/
2019/10/21 22:52:14.364 [D] [server.go:2774]  |            ::1|[42m 200 [0m|   574.4428ms|   match|[46m POST    [0m /v1/user/update/   r:/v1/user/update/
2019/10/21 22:52:53.503 [D] [server.go:2774]  |            ::1|[42m 200 [0m|           0s| nomatch|[47m OPTIONS [0m /v1/user/update/
2019/10/21 22:52:53.850 [D] [server.go:2774]  |            ::1|[42m 200 [0m|   144.4126ms|   match|[46m POST    [0m /v1/user/update/   r:/v1/user/update/
2019/10/21 22:53:05.491 [D] [server.go:2774]  |            ::1|[42m 200 [0m|           0s| nomatch|[47m OPTIONS [0m /v1/user/update/
2019/10/21 22:53:05.876 [D] [server.go:2774]  |            ::1|[42m 200 [0m|   171.3982ms|   match|[46m POST    [0m /v1/user/update/   r:/v1/user/update/
2019/10/21 22:53:06.028 [D] [server.go:2774]  |            ::1|[42m 200 [0m|           0s| nomatch|[47m OPTIONS [0m /v1/lead/validate/
2019/10/21 22:53:06.093 [D] [server.go:2774]  |            ::1|[42m 200 [0m|      2.043ms|   match|[44m GET     [0m /v1/lead/validate/   r:/v1/lead/validate
2019/10/21 22:53:06.127 [D] [server.go:2774]  |            ::1|[42m 200 [0m|     1.0028ms| nomatch|[47m OPTIONS [0m /v1/lead/myteam/
2019/10/21 22:53:06.145 [D] [server.go:2774]  |            ::1|[42m 200 [0m|     3.0189ms|   match|[44m GET     [0m /v1/lead/myteam/   r:/v1/lead/myteam/
2019/10/21 22:55:58.741 [D] [server.go:2774]  |            ::1|[42m 200 [0m|           0s| nomatch|[47m OPTIONS [0m /v1/user/update/
2019/10/21 22:55:59.216 [D] [server.go:2774]  |            ::1|[42m 200 [0m|           0s| nomatch|[47m OPTIONS [0m /v1/lead/validate/
2019/10/21 22:55:59.248 [D] [server.go:2774]  |            ::1|[42m 200 [0m|   329.7234ms|   match|[46m POST    [0m /v1/user/update/   r:/v1/user/update/
2019/10/21 22:55:59.313 [D] [server.go:2774]  |            ::1|[42m 200 [0m|     4.0419ms|   match|[44m GET     [0m /v1/lead/validate/   r:/v1/lead/validate
2019/10/21 22:55:59.348 [D] [server.go:2774]  |            ::1|[42m 200 [0m|           0s| nomatch|[47m OPTIONS [0m /v1/lead/myteam/
2019/10/21 22:55:59.365 [D] [server.go:2774]  |            ::1|[42m 200 [0m|     2.2893ms|   match|[44m GET     [0m /v1/lead/myteam/   r:/v1/lead/myteam/
2019/10/21 22:58:53.879 [D] [server.go:2774]  |            ::1|[42m 200 [0m|           0s| nomatch|[47m OPTIONS [0m /v1/user/update/
2019/10/21 22:58:54.373 [D] [server.go:2774]  |            ::1|[42m 200 [0m|      702.8µs| nomatch|[47m OPTIONS [0m /v1/lead/validate/
2019/10/21 22:58:54.898 [D] [server.go:2774]  |            ::1|[42m 200 [0m|    434.626ms|   match|[44m GET     [0m /v1/lead/validate/   r:/v1/lead/validate
2019/10/21 22:58:54.931 [D] [server.go:2774]  |            ::1|[42m 200 [0m|           0s| nomatch|[47m OPTIONS [0m /v1/lead/myteam/
2019/10/21 22:58:54.932 [D] [server.go:2774]  |            ::1|[42m 200 [0m|   865.4704ms|   match|[46m POST    [0m /v1/user/update/   r:/v1/user/update/
2019/10/21 22:58:54.953 [D] [server.go:2774]  |            ::1|[42m 200 [0m|     1.9959ms|   match|[44m GET     [0m /v1/lead/myteam/   r:/v1/lead/myteam/
2019/10/21 22:59:02.446 [D] [server.go:2774]  |            ::1|[42m 200 [0m|           0s| nomatch|[47m OPTIONS [0m /v1/user/update/
2019/10/21 22:59:02.729 [D] [server.go:2774]  |            ::1|[42m 200 [0m|   118.3347ms|   match|[46m POST    [0m /v1/user/update/   r:/v1/user/update/
2019/10/21 22:59:02.941 [D] [server.go:2774]  |            ::1|[42m 200 [0m|           0s| nomatch|[47m OPTIONS [0m /v1/lead/validate/
2019/10/21 22:59:03.033 [D] [server.go:2774]  |            ::1|[42m 200 [0m|     1.9948ms|   match|[44m GET     [0m /v1/lead/validate/   r:/v1/lead/validate
2019/10/21 22:59:03.085 [D] [server.go:2774]  |            ::1|[42m 200 [0m|           0s| nomatch|[47m OPTIONS [0m /v1/lead/myteam/
2019/10/21 22:59:03.100 [D] [server.go:2774]  |            ::1|[42m 200 [0m|     2.1042ms|   match|[44m GET     [0m /v1/lead/myteam/   r:/v1/lead/myteam/
2019/10/21 22:59:39.357 [D] [server.go:2774]  |            ::1|[42m 200 [0m|           0s| nomatch|[47m OPTIONS [0m /v1/user/update/
2019/10/21 22:59:39.658 [D] [server.go:2774]  |            ::1|[42m 200 [0m|   114.9058ms|   match|[46m POST    [0m /v1/user/update/   r:/v1/user/update/
2019/10/21 22:59:39.847 [D] [server.go:2774]  |            ::1|[42m 200 [0m|           0s| nomatch|[47m OPTIONS [0m /v1/lead/validate/
2019/10/21 22:59:39.932 [D] [server.go:2774]  |            ::1|[42m 200 [0m|     2.3618ms|   match|[44m GET     [0m /v1/lead/validate/   r:/v1/lead/validate
2019/10/21 22:59:39.965 [D] [server.go:2774]  |            ::1|[42m 200 [0m|           0s| nomatch|[47m OPTIONS [0m /v1/lead/myteam/
2019/10/21 22:59:39.985 [D] [server.go:2774]  |            ::1|[42m 200 [0m|     1.9982ms|   match|[44m GET     [0m /v1/lead/myteam/   r:/v1/lead/myteam/
2019/10/21 23:13:04.423 [I] [asm_amd64.s:1337]  http server Running on http://:2253
2019/10/21 23:29:13.263 [I] [asm_amd64.s:1337]  http server Running on http://:2253
2019/10/21 23:29:17.775 [D] [server.go:2774]  |            ::1|[42m 200 [0m|           0s| nomatch|[47m OPTIONS [0m /v1/user/update/
2019/10/21 23:29:18.022 [D] [server.go:2774]  |            ::1|[42m 200 [0m|   159.6531ms|   match|[46m POST    [0m /v1/user/update/   r:/v1/user/update/
2019/10/21 23:29:18.168 [D] [server.go:2774]  |            ::1|[42m 200 [0m|           0s| nomatch|[47m OPTIONS [0m /v1/lead/validate/
2019/10/21 23:29:18.171 [D] [server.go:2774]  |            ::1|[42m 200 [0m|           0s| nomatch|[47m OPTIONS [0m /v1/lead/pending/
2019/10/21 23:29:18.274 [D] [server.go:2774]  |            ::1|[43m 404 [0m|      996.6µs| nomatch|[44m GET     [0m /v1/lead/pending/
2019/10/21 23:29:18.275 [D] [server.go:2774]  |            ::1|[42m 200 [0m|      3.984ms|   match|[44m GET     [0m /v1/lead/validate/   r:/v1/lead/validate
2019/10/21 23:29:18.315 [D] [server.go:2774]  |            ::1|[42m 200 [0m|           0s| nomatch|[47m OPTIONS [0m /v1/lead/myteam/
2019/10/21 23:29:18.339 [D] [server.go:2774]  |            ::1|[42m 200 [0m|     3.1007ms|   match|[44m GET     [0m /v1/lead/myteam/   r:/v1/lead/myteam/
2019/10/21 23:30:06.438 [I] [asm_amd64.s:1337]  http server Running on http://:2253
2019/10/21 23:30:19.972 [D] [server.go:2774]  |            ::1|[42m 200 [0m|      997.3µs| nomatch|[47m OPTIONS [0m /v1/user/update/
2019/10/21 23:30:20.505 [D] [server.go:2774]  |            ::1|[42m 200 [0m|           0s| nomatch|[47m OPTIONS [0m /v1/lead/validate/
2019/10/21 23:30:20.507 [D] [server.go:2774]  |            ::1|[42m 200 [0m|           0s| nomatch|[47m OPTIONS [0m /v1/lead/pending
2019/10/21 23:30:20.973 [D] [server.go:2774]  |            ::1|[42m 200 [0m|   388.7886ms|   match|[44m GET     [0m /v1/lead/validate/   r:/v1/lead/validate
2019/10/21 23:30:20.974 [D] [server.go:2774]  |            ::1|[42m 200 [0m|   388.7918ms|   match|[44m GET     [0m /v1/lead/pending   r:/v1/lead/pending/
2019/10/21 23:30:20.988 [D] [server.go:2774]  |            ::1|[42m 200 [0m|      149.9µs| nomatch|[47m OPTIONS [0m /v1/lead/myteam/
2019/10/21 23:30:20.996 [D] [server.go:2774]  |            ::1|[42m 200 [0m|     1.0679ms|   match|[44m GET     [0m /v1/lead/myteam/   r:/v1/lead/myteam/
2019/10/21 23:30:21.369 [D] [server.go:2774]  |            ::1|[42m 200 [0m|   1.2169329s|   match|[46m POST    [0m /v1/user/update/   r:/v1/user/update/
2019/10/21 23:30:34.198 [D] [server.go:2774]  |            ::1|[42m 200 [0m|           0s| nomatch|[47m OPTIONS [0m /v1/user/update/
2019/10/21 23:30:34.522 [D] [server.go:2774]  |            ::1|[42m 200 [0m|   140.7993ms|   match|[46m POST    [0m /v1/user/update/   r:/v1/user/update/
2019/10/21 23:30:34.712 [D] [server.go:2774]  |            ::1|[42m 200 [0m|           0s| nomatch|[47m OPTIONS [0m /v1/lead/validate/
2019/10/21 23:30:34.713 [D] [server.go:2774]  |            ::1|[42m 200 [0m|           0s| nomatch|[47m OPTIONS [0m /v1/lead/pending
2019/10/21 23:30:34.817 [D] [server.go:2774]  |            ::1|[42m 200 [0m|     3.0689ms|   match|[44m GET     [0m /v1/lead/validate/   r:/v1/lead/validate
2019/10/21 23:30:34.822 [D] [server.go:2774]  |            ::1|[42m 200 [0m|     5.7543ms|   match|[44m GET     [0m /v1/lead/pending   r:/v1/lead/pending/
2019/10/21 23:30:34.878 [D] [server.go:2774]  |            ::1|[42m 200 [0m|           0s| nomatch|[47m OPTIONS [0m /v1/lead/myteam/
2019/10/21 23:30:34.899 [D] [server.go:2774]  |            ::1|[42m 200 [0m|     3.9341ms|   match|[44m GET     [0m /v1/lead/myteam/   r:/v1/lead/myteam/
2019/10/21 23:31:00.094 [D] [server.go:2774]  |            ::1|[42m 200 [0m|           0s| nomatch|[47m OPTIONS [0m /v1/user/update/
2019/10/21 23:31:00.588 [D] [server.go:2774]  |            ::1|[42m 200 [0m|           0s| nomatch|[47m OPTIONS [0m /v1/lead/validate/
2019/10/21 23:31:00.589 [D] [server.go:2774]  |            ::1|[42m 200 [0m|           0s| nomatch|[47m OPTIONS [0m /v1/lead/pending
2019/10/21 23:31:00.643 [D] [server.go:2774]  |            ::1|[42m 200 [0m|     2.9718ms|   match|[44m GET     [0m /v1/lead/validate/   r:/v1/lead/validate
2019/10/21 23:31:00.665 [D] [server.go:2774]  |            ::1|[42m 200 [0m|     3.9882ms|   match|[44m GET     [0m /v1/lead/pending   r:/v1/lead/pending/
2019/10/21 23:31:00.686 [D] [server.go:2774]  |            ::1|[42m 200 [0m|           0s| nomatch|[47m OPTIONS [0m /v1/lead/myteam/
2019/10/21 23:31:00.715 [D] [server.go:2774]  |            ::1|[42m 200 [0m|     4.9879ms|   match|[44m GET     [0m /v1/lead/myteam/   r:/v1/lead/myteam/
2019/10/21 23:31:01.312 [D] [server.go:2774]  |            ::1|[42m 200 [0m|   1.0270032s|   match|[46m POST    [0m /v1/user/update/   r:/v1/user/update/
2019/10/21 23:31:28.993 [D] [server.go:2774]  |            ::1|[42m 200 [0m|           0s| nomatch|[47m OPTIONS [0m /v1/user/update/
2019/10/21 23:31:29.529 [D] [server.go:2774]  |            ::1|[42m 200 [0m|   294.5123ms|   match|[46m POST    [0m /v1/user/update/   r:/v1/user/update/
2019/10/21 23:31:29.555 [D] [server.go:2774]  |            ::1|[42m 200 [0m|           0s| nomatch|[47m OPTIONS [0m /v1/lead/validate/
2019/10/21 23:31:29.556 [D] [server.go:2774]  |            ::1|[42m 200 [0m|           0s| nomatch|[47m OPTIONS [0m /v1/lead/pending
2019/10/21 23:31:29.620 [D] [server.go:2774]  |            ::1|[42m 200 [0m|     2.9882ms|   match|[44m GET     [0m /v1/lead/validate/   r:/v1/lead/validate
2019/10/21 23:31:29.622 [D] [server.go:2774]  |            ::1|[42m 200 [0m|     4.0005ms|   match|[44m GET     [0m /v1/lead/pending   r:/v1/lead/pending/
2019/10/21 23:31:29.657 [D] [server.go:2774]  |            ::1|[42m 200 [0m|           0s| nomatch|[47m OPTIONS [0m /v1/lead/myteam/
2019/10/21 23:31:29.684 [D] [server.go:2774]  |            ::1|[42m 200 [0m|     3.4086ms|   match|[44m GET     [0m /v1/lead/myteam/   r:/v1/lead/myteam/
2019/10/21 23:31:57.673 [D] [server.go:2774]  |            ::1|[42m 200 [0m|           0s| nomatch|[47m OPTIONS [0m /v1/user/update/
2019/10/21 23:31:58.042 [D] [server.go:2774]  |            ::1|[42m 200 [0m|   159.9913ms|   match|[46m POST    [0m /v1/user/update/   r:/v1/user/update/
2019/10/21 23:31:58.208 [D] [server.go:2774]  |            ::1|[42m 200 [0m|           0s| nomatch|[47m OPTIONS [0m /v1/lead/validate/
2019/10/21 23:31:58.209 [D] [server.go:2774]  |            ::1|[42m 200 [0m|           0s| nomatch|[47m OPTIONS [0m /v1/lead/pending
2019/10/21 23:31:58.289 [D] [server.go:2774]  |            ::1|[42m 200 [0m|     2.1596ms|   match|[44m GET     [0m /v1/lead/validate/   r:/v1/lead/validate
2019/10/21 23:31:58.298 [D] [server.go:2774]  |            ::1|[42m 200 [0m|     2.9931ms|   match|[44m GET     [0m /v1/lead/pending   r:/v1/lead/pending/
2019/10/21 23:31:58.328 [D] [server.go:2774]  |            ::1|[42m 200 [0m|      997.5µs| nomatch|[47m OPTIONS [0m /v1/lead/myteam/
2019/10/21 23:31:58.357 [D] [server.go:2774]  |            ::1|[42m 200 [0m|      4.506ms|   match|[44m GET     [0m /v1/lead/myteam/   r:/v1/lead/myteam/
2019/10/21 23:39:44.123 [I] [asm_amd64.s:1337]  http server Running on http://:2253
2019/10/21 23:40:11.507 [D] [server.go:2774]  |            ::1|[42m 200 [0m|      997.1µs| nomatch|[47m OPTIONS [0m /v1/user/update/
2019/10/21 23:40:11.768 [D] [server.go:2774]  |            ::1|[42m 200 [0m|    99.1927ms|   match|[46m POST    [0m /v1/user/update/   r:/v1/user/update/
2019/10/21 23:40:11.935 [D] [server.go:2774]  |            ::1|[42m 200 [0m|           0s| nomatch|[47m OPTIONS [0m /v1/lead/validate/
2019/10/21 23:40:11.937 [D] [server.go:2774]  |            ::1|[42m 200 [0m|           0s| nomatch|[47m OPTIONS [0m /v1/lead/pending
2019/10/21 23:40:12.035 [D] [server.go:2774]  |            ::1|[42m 200 [0m|     1.9946ms|   match|[44m GET     [0m /v1/lead/validate/   r:/v1/lead/validate
2019/10/21 23:40:12.038 [D] [server.go:2774]  |            ::1|[42m 200 [0m|      3.934ms|   match|[44m GET     [0m /v1/lead/pending   r:/v1/lead/pending
2019/10/21 23:40:12.054 [D] [server.go:2774]  |            ::1|[42m 200 [0m|           0s| nomatch|[47m OPTIONS [0m /v1/lead/myteam/
2019/10/21 23:40:12.154 [D] [server.go:2774]  |            ::1|[42m 200 [0m|     2.9898ms|   match|[44m GET     [0m /v1/lead/myteam/   r:/v1/lead/myteam/
2019/10/21 23:40:26.704 [D] [server.go:2774]  |            ::1|[42m 200 [0m|           0s| nomatch|[47m OPTIONS [0m /v1/user/update/
2019/10/21 23:40:26.968 [D] [server.go:2774]  |            ::1|[42m 200 [0m|    61.5444ms|   match|[46m POST    [0m /v1/user/update/   r:/v1/user/update/
2019/10/21 23:40:27.211 [D] [server.go:2774]  |            ::1|[42m 200 [0m|           0s| nomatch|[47m OPTIONS [0m /v1/lead/validate/
2019/10/21 23:40:27.212 [D] [server.go:2774]  |            ::1|[42m 200 [0m|           0s| nomatch|[47m OPTIONS [0m /v1/lead/pending
2019/10/21 23:40:27.291 [D] [server.go:2774]  |            ::1|[42m 200 [0m|     1.9931ms|   match|[44m GET     [0m /v1/lead/validate/   r:/v1/lead/validate
2019/10/21 23:40:27.293 [D] [server.go:2774]  |            ::1|[42m 200 [0m|     2.9918ms|   match|[44m GET     [0m /v1/lead/pending   r:/v1/lead/pending
2019/10/21 23:40:27.344 [D] [server.go:2774]  |            ::1|[42m 200 [0m|           0s| nomatch|[47m OPTIONS [0m /v1/lead/myteam/
2019/10/21 23:40:27.369 [D] [server.go:2774]  |            ::1|[42m 200 [0m|     1.4208ms|   match|[44m GET     [0m /v1/lead/myteam/   r:/v1/lead/myteam/
2019/10/21 23:40:38.368 [D] [server.go:2774]  |            ::1|[42m 200 [0m|           0s| nomatch|[47m OPTIONS [0m /v1/user/update/
2019/10/21 23:40:38.628 [D] [server.go:2774]  |            ::1|[42m 200 [0m|    79.7692ms|   match|[46m POST    [0m /v1/user/update/   r:/v1/user/update/
2019/10/21 23:40:38.860 [D] [server.go:2774]  |            ::1|[42m 200 [0m|           0s| nomatch|[47m OPTIONS [0m /v1/lead/validate/
2019/10/21 23:40:38.861 [D] [server.go:2774]  |            ::1|[42m 200 [0m|           0s| nomatch|[47m OPTIONS [0m /v1/lead/pending
2019/10/21 23:40:38.941 [D] [server.go:2774]  |            ::1|[42m 200 [0m|     2.1918ms|   match|[44m GET     [0m /v1/lead/validate/   r:/v1/lead/validate
2019/10/21 23:40:38.942 [D] [server.go:2774]  |            ::1|[42m 200 [0m|     2.1504ms|   match|[44m GET     [0m /v1/lead/pending   r:/v1/lead/pending
2019/10/21 23:40:38.957 [D] [server.go:2774]  |            ::1|[42m 200 [0m|           0s| nomatch|[47m OPTIONS [0m /v1/lead/myteam/
2019/10/21 23:40:39.083 [D] [server.go:2774]  |            ::1|[42m 200 [0m|     1.9949ms|   match|[44m GET     [0m /v1/lead/myteam/   r:/v1/lead/myteam/
2019/10/21 23:40:46.141 [D] [server.go:2774]  |            ::1|[42m 200 [0m|           0s| nomatch|[47m OPTIONS [0m /v1/user/update/
2019/10/21 23:40:46.409 [D] [server.go:2774]  |            ::1|[42m 200 [0m|    95.2637ms|   match|[46m POST    [0m /v1/user/update/   r:/v1/user/update/
2019/10/21 23:40:46.629 [D] [server.go:2774]  |            ::1|[42m 200 [0m|           0s| nomatch|[47m OPTIONS [0m /v1/lead/validate/
2019/10/21 23:40:46.629 [D] [server.go:2774]  |            ::1|[42m 200 [0m|           0s| nomatch|[47m OPTIONS [0m /v1/lead/pending
2019/10/21 23:40:46.725 [D] [server.go:2774]  |            ::1|[42m 200 [0m|     2.5143ms|   match|[44m GET     [0m /v1/lead/validate/   r:/v1/lead/validate
2019/10/21 23:40:46.727 [D] [server.go:2774]  |            ::1|[42m 200 [0m|     2.9507ms|   match|[44m GET     [0m /v1/lead/pending   r:/v1/lead/pending
2019/10/21 23:40:46.749 [D] [server.go:2774]  |            ::1|[42m 200 [0m|           0s| nomatch|[47m OPTIONS [0m /v1/lead/myteam/
2019/10/21 23:40:46.865 [D] [server.go:2774]  |            ::1|[42m 200 [0m|      2.199ms|   match|[44m GET     [0m /v1/lead/myteam/   r:/v1/lead/myteam/
2019/10/21 23:59:16.729 [I] [asm_amd64.s:1337]  http server Running on http://:2253
