2020/02/10 09:25:14.155 [D] [server.go:2802]  |            ::1|[97;42m 200 [0m|    118.864µs| nomatch|[90;47m OPTIONS [0m /v1/objectives/2
2020/02/10 09:25:14.925 [D] [server.go:2802]  |            ::1|[97;42m 200 [0m| 746.638878ms|   match|[97;41m DELETE  [0m /v1/objectives/2   r:/v1/objectives/:objid
2020/02/10 09:25:17.277 [D] [server.go:2802]  |            ::1|[97;42m 200 [0m|     42.474µs| nomatch|[90;47m OPTIONS [0m /v1/user/update/
2020/02/10 09:25:17.463 [D] [server.go:2802]  |            ::1|[97;42m 200 [0m|   2.347675ms|   match|[97;46m POST    [0m /v1/user/update/   r:/v1/user/update/
2020/02/10 09:25:17.655 [D] [server.go:2802]  |            ::1|[97;42m 200 [0m|     18.968µs| nomatch|[90;47m OPTIONS [0m /v1/lead/validate/
2020/02/10 09:25:17.656 [D] [server.go:2802]  |            ::1|[97;42m 200 [0m|     33.352µs| nomatch|[90;47m OPTIONS [0m /v1/lead/pending
2020/02/10 09:25:17.726 [D] [server.go:2802]  |            ::1|[97;42m 200 [0m|   1.941929ms|   match|[97;44m GET     [0m /v1/lead/validate/   r:/v1/lead/validate
2020/02/10 09:25:17.731 [D] [server.go:2802]  |            ::1|[97;42m 200 [0m|   6.745859ms|   match|[97;44m GET     [0m /v1/lead/pending   r:/v1/lead/pending
2020/02/10 09:25:17.738 [D] [server.go:2802]  |            ::1|[97;42m 200 [0m|     32.483µs| nomatch|[90;47m OPTIONS [0m /v1/objectives/lead/
2020/02/10 09:25:17.739 [D] [server.go:2802]  |            ::1|[97;42m 200 [0m|     14.782µs| nomatch|[90;47m OPTIONS [0m /v1/lead/myteam/
2020/02/10 09:25:17.812 [D] [server.go:2802]  |            ::1|[97;42m 200 [0m|   1.687215ms|   match|[97;44m GET     [0m /v1/objectives/lead/   r:/v1/objectives/lead/
2020/02/10 09:25:17.821 [D] [server.go:2802]  |            ::1|[97;42m 200 [0m|   7.155449ms|   match|[97;44m GET     [0m /v1/lead/myteam/   r:/v1/lead/myteam/
2020/02/10 08:28:18.075 [D] [server.go:2802]  |            ::1|[97;42m 200 [0m|     45.229µs| nomatch|[90;47m OPTIONS [0m /v1/objectives/
2020/02/10 08:28:17.859 [D] [server.go:2802]  |            ::1|[97;42m 200 [0m| 389.597881ms|   match|[97;46m POST    [0m /v1/objectives/   r:/v1/objectives/
2020/02/10 08:28:21.176 [D] [server.go:2802]  |            ::1|[97;42m 200 [0m|    175.252µs| nomatch|[90;47m OPTIONS [0m /v1/user/update/
2020/02/10 08:28:21.320 [D] [server.go:2802]  |            ::1|[97;42m 200 [0m|    991.766µs|   match|[97;46m POST    [0m /v1/user/update/   r:/v1/user/update/
2020/02/10 08:28:21.517 [D] [server.go:2802]  |            ::1|[97;42m 200 [0m|     14.793µs| nomatch|[90;47m OPTIONS [0m /v1/lead/validate/
2020/02/10 08:28:21.519 [D] [server.go:2802]  |            ::1|[97;42m 200 [0m|     35.471µs| nomatch|[90;47m OPTIONS [0m /v1/lead/pending
2020/02/10 08:28:21.569 [D] [server.go:2802]  |            ::1|[97;42m 200 [0m|   3.154889ms|   match|[97;44m GET     [0m /v1/lead/validate/   r:/v1/lead/validate
2020/02/10 08:28:21.576 [D] [server.go:2802]  |            ::1|[97;42m 200 [0m|   9.504522ms|   match|[97;44m GET     [0m /v1/lead/pending   r:/v1/lead/pending
2020/02/10 08:28:21.588 [D] [server.go:2802]  |            ::1|[97;42m 200 [0m|     50.675µs| nomatch|[90;47m OPTIONS [0m /v1/objectives/lead/
2020/02/10 08:28:21.589 [D] [server.go:2802]  |            ::1|[97;42m 200 [0m|     95.352µs| nomatch|[90;47m OPTIONS [0m /v1/lead/myteam/
2020/02/10 08:28:21.667 [D] [server.go:2802]  |            ::1|[97;42m 200 [0m|   2.092711ms|   match|[97;44m GET     [0m /v1/objectives/lead/   r:/v1/objectives/lead/
2020/02/10 08:28:21.673 [D] [server.go:2802]  |            ::1|[97;42m 200 [0m|   6.477544ms|   match|[97;44m GET     [0m /v1/lead/myteam/   r:/v1/lead/myteam/
2020/02/10 09:09:25.209 [I] [asm_amd64.s:1357]  http server Running on http://:2253
2020/02/10 09:09:41.303 [I] [asm_amd64.s:1357]  http server Running on http://:2253
2020/02/10 09:11:44.234 [I] [asm_amd64.s:1357]  http server Running on http://:2253
2020/02/10 09:12:06.553 [D] [server.go:2802]  |            ::1|[97;42m 200 [0m|     48.391µs| nomatch|[90;47m OPTIONS [0m /v1/user/update/
2020/02/10 09:12:06.704 [D] [server.go:2802]  |            ::1|[97;42m 200 [0m|   1.078319ms|   match|[97;46m POST    [0m /v1/user/update/   r:/v1/user/update/
2020/02/10 09:12:06.875 [D] [server.go:2802]  |            ::1|[97;42m 200 [0m|     45.088µs| nomatch|[90;47m OPTIONS [0m /v1/lead/validate/
2020/02/10 09:12:06.878 [D] [server.go:2802]  |            ::1|[97;42m 200 [0m|     38.939µs| nomatch|[90;47m OPTIONS [0m /v1/lead/pending
2020/02/10 09:12:06.935 [D] [server.go:2802]  |            ::1|[97;42m 200 [0m|   1.417004ms|   match|[97;44m GET     [0m /v1/lead/validate/   r:/v1/lead/validate
2020/02/10 09:12:06.942 [D] [server.go:2802]  |            ::1|[97;42m 200 [0m|   7.867027ms|   match|[97;44m GET     [0m /v1/lead/pending   r:/v1/lead/pending
2020/02/10 09:12:06.957 [D] [server.go:2802]  |            ::1|[97;42m 200 [0m|     24.592µs| nomatch|[90;47m OPTIONS [0m /v1/objectives/lead/
2020/02/10 09:12:06.957 [D] [server.go:2802]  |            ::1|[97;42m 200 [0m|     11.161µs| nomatch|[90;47m OPTIONS [0m /v1/lead/myteam/
2020/02/10 09:12:07.041 [D] [server.go:2802]  |            ::1|[97;42m 200 [0m|   1.551547ms|   match|[97;44m GET     [0m /v1/objectives/lead/   r:/v1/objectives/lead/
2020/02/10 09:12:07.046 [D] [server.go:2802]  |            ::1|[97;42m 200 [0m|   6.201497ms|   match|[97;44m GET     [0m /v1/lead/myteam/   r:/v1/lead/myteam/
2020/02/10 09:12:10.030 [D] [server.go:2802]  |            ::1|[97;42m 200 [0m|    740.922µs|   match|[97;46m POST    [0m /v1/user/update/   r:/v1/user/update/
2020/02/10 09:12:10.283 [D] [server.go:2802]  |            ::1|[97;42m 200 [0m|     33.441µs| nomatch|[90;47m OPTIONS [0m /v1/team/myteam
2020/02/10 09:12:10.283 [D] [server.go:2802]  |            ::1|[97;42m 200 [0m|     36.985µs| nomatch|[90;47m OPTIONS [0m /v1/team/invitations/pending
2020/02/10 09:12:10.284 [D] [server.go:2802]  |            ::1|[97;42m 200 [0m|     48.746µs| nomatch|[90;47m OPTIONS [0m /v1/objectives/member/
2020/02/10 09:12:10.324 [D] [server.go:2802]  |            ::1|[97;42m 200 [0m|   1.134242ms|   match|[97;44m GET     [0m /v1/team/invitations/pending   r:/v1/team/invitations/pending
2020/02/10 09:12:10.325 [D] [server.go:2802]  |            ::1|[97;42m 200 [0m|    1.85674ms|   match|[97;44m GET     [0m /v1/team/myteam   r:/v1/team/myteam
2020/02/10 09:12:10.326 [D] [server.go:2802]  |            ::1|[97;42m 200 [0m|   2.200448ms|   match|[97;44m GET     [0m /v1/objectives/member/   r:/v1/objectives/member/
2020/02/10 09:22:37.503 [D] [server.go:2802]  |            ::1|[97;42m 200 [0m|    182.786µs|   match|[97;44m GET     [0m /v1/token/token/eniye.princewill@my-gpi.io   r:/v1/token/:email
2020/02/10 09:22:37.679 [D] [server.go:2802]  |            ::1|[97;42m 200 [0m|     42.088µs| nomatch|[90;47m OPTIONS [0m /v1/user/update/
2020/02/10 09:22:37.853 [D] [server.go:2802]  |            ::1|[97;42m 200 [0m|    995.056µs|   match|[97;46m POST    [0m /v1/user/update/   r:/v1/user/update/
2020/02/10 09:22:42.532 [D] [server.go:2802]  |            ::1|[97;42m 200 [0m|    743.212µs|   match|[97;46m POST    [0m /v1/user/update/   r:/v1/user/update/
2020/02/10 09:22:42.807 [D] [server.go:2802]  |            ::1|[97;42m 200 [0m|     58.184µs| nomatch|[90;47m OPTIONS [0m /v1/lead/validate/
2020/02/10 09:22:42.808 [D] [server.go:2802]  |            ::1|[97;42m 200 [0m|     18.718µs| nomatch|[90;47m OPTIONS [0m /v1/lead/pending
2020/02/10 09:22:42.858 [D] [server.go:2802]  |            ::1|[97;42m 200 [0m|   1.446768ms|   match|[97;44m GET     [0m /v1/lead/validate/   r:/v1/lead/validate
2020/02/10 09:22:42.867 [D] [server.go:2802]  |            ::1|[97;42m 200 [0m|   9.883303ms|   match|[97;44m GET     [0m /v1/lead/pending   r:/v1/lead/pending
2020/02/10 09:22:42.880 [D] [server.go:2802]  |            ::1|[97;42m 200 [0m|    108.341µs| nomatch|[90;47m OPTIONS [0m /v1/objectives/lead/
2020/02/10 09:22:42.880 [D] [server.go:2802]  |            ::1|[97;42m 200 [0m|     26.621µs| nomatch|[90;47m OPTIONS [0m /v1/lead/myteam/
2020/02/10 09:22:42.968 [D] [server.go:2802]  |            ::1|[97;42m 200 [0m|   1.422251ms|   match|[97;44m GET     [0m /v1/objectives/lead/   r:/v1/objectives/lead/
2020/02/10 09:22:42.974 [D] [server.go:2802]  |            ::1|[97;42m 200 [0m|    7.04576ms|   match|[97;44m GET     [0m /v1/lead/myteam/   r:/v1/lead/myteam/
2020/02/10 09:22:52.388 [D] [server.go:2802]  |            ::1|[97;42m 200 [0m|     39.612µs| nomatch|[90;47m OPTIONS [0m /v1/user/update/
2020/02/10 09:22:52.529 [D] [server.go:2802]  |            ::1|[97;42m 200 [0m|    848.736µs|   match|[97;46m POST    [0m /v1/user/update/   r:/v1/user/update/
2020/02/10 09:22:52.688 [D] [server.go:2802]  |            ::1|[97;42m 200 [0m|     15.604µs| nomatch|[90;47m OPTIONS [0m /v1/lead/validate/
2020/02/10 09:22:52.688 [D] [server.go:2802]  |            ::1|[97;42m 200 [0m|     19.938µs| nomatch|[90;47m OPTIONS [0m /v1/lead/pending
2020/02/10 09:22:52.749 [D] [server.go:2802]  |            ::1|[97;42m 200 [0m|    1.39639ms|   match|[97;44m GET     [0m /v1/lead/validate/   r:/v1/lead/validate
2020/02/10 09:22:52.757 [D] [server.go:2802]  |            ::1|[97;42m 200 [0m|   9.557924ms|   match|[97;44m GET     [0m /v1/lead/pending   r:/v1/lead/pending
2020/02/10 09:22:52.765 [D] [server.go:2802]  |            ::1|[97;42m 200 [0m|     49.971µs| nomatch|[90;47m OPTIONS [0m /v1/objectives/lead/
2020/02/10 09:22:52.766 [D] [server.go:2802]  |            ::1|[97;42m 200 [0m|     15.829µs| nomatch|[90;47m OPTIONS [0m /v1/lead/myteam/
2020/02/10 09:22:52.847 [D] [server.go:2802]  |            ::1|[97;42m 200 [0m|    1.85085ms|   match|[97;44m GET     [0m /v1/objectives/lead/   r:/v1/objectives/lead/
2020/02/10 09:22:52.851 [D] [server.go:2802]  |            ::1|[97;42m 200 [0m|   5.495933ms|   match|[97;44m GET     [0m /v1/lead/myteam/   r:/v1/lead/myteam/
2020/02/10 09:22:55.193 [D] [server.go:2802]  |            ::1|[97;42m 200 [0m|   1.532965ms|   match|[97;46m POST    [0m /v1/user/update/   r:/v1/user/update/
2020/02/10 09:22:55.448 [D] [server.go:2802]  |            ::1|[97;42m 200 [0m|     22.182µs| nomatch|[90;47m OPTIONS [0m /v1/team/myteam
2020/02/10 09:22:55.449 [D] [server.go:2802]  |            ::1|[97;42m 200 [0m|     35.956µs| nomatch|[90;47m OPTIONS [0m /v1/team/invitations/pending
2020/02/10 09:22:55.449 [D] [server.go:2802]  |            ::1|[97;42m 200 [0m|      9.903µs| nomatch|[90;47m OPTIONS [0m /v1/objectives/member/
2020/02/10 09:22:55.491 [D] [server.go:2802]  |            ::1|[97;42m 200 [0m|   3.423525ms|   match|[97;44m GET     [0m /v1/team/invitations/pending   r:/v1/team/invitations/pending
2020/02/10 09:22:55.491 [D] [server.go:2802]  |            ::1|[97;42m 200 [0m|   4.756822ms|   match|[97;44m GET     [0m /v1/team/myteam   r:/v1/team/myteam
2020/02/10 09:22:55.493 [D] [server.go:2802]  |            ::1|[97;42m 200 [0m|   2.850963ms|   match|[97;44m GET     [0m /v1/objectives/member/   r:/v1/objectives/member/
2020/02/10 09:34:59.249 [D] [server.go:2802]  |            ::1|[97;42m 200 [0m|    157.359µs|   match|[97;44m GET     [0m /v1/token/token/jennifer.daniel@my-gpi.io   r:/v1/token/:email
2020/02/10 09:34:59.435 [D] [server.go:2802]  |            ::1|[97;42m 200 [0m|     39.524µs| nomatch|[90;47m OPTIONS [0m /v1/user/update/
2020/02/10 09:34:59.600 [D] [server.go:2802]  |            ::1|[97;42m 200 [0m|   2.294365ms|   match|[97;46m POST    [0m /v1/user/update/   r:/v1/user/update/
2020/02/10 09:35:02.570 [D] [server.go:2802]  |            ::1|[97;42m 200 [0m|   1.662199ms|   match|[97;46m POST    [0m /v1/user/update/   r:/v1/user/update/
2020/02/10 09:35:02.830 [D] [server.go:2802]  |            ::1|[97;42m 200 [0m|     18.699µs| nomatch|[90;47m OPTIONS [0m /v1/team/myteam
2020/02/10 09:35:02.831 [D] [server.go:2802]  |            ::1|[97;42m 200 [0m|     35.978µs| nomatch|[90;47m OPTIONS [0m /v1/team/invitations/pending
2020/02/10 09:35:02.832 [D] [server.go:2802]  |            ::1|[97;42m 200 [0m|     26.863µs| nomatch|[90;47m OPTIONS [0m /v1/objectives/member/
2020/02/10 09:35:02.887 [D] [server.go:2802]  |            ::1|[97;42m 200 [0m|   3.813951ms|   match|[97;44m GET     [0m /v1/team/myteam   r:/v1/team/myteam
2020/02/10 09:35:02.887 [D] [server.go:2802]  |            ::1|[97;42m 200 [0m|   2.413484ms|   match|[97;44m GET     [0m /v1/team/invitations/pending   r:/v1/team/invitations/pending
2020/02/10 09:35:02.896 [D] [server.go:2802]  |            ::1|[97;42m 200 [0m|   9.345333ms|   match|[97;44m GET     [0m /v1/objectives/member/   r:/v1/objectives/member/
2020/02/10 09:35:04.102 [D] [server.go:2802]  |            ::1|[97;42m 200 [0m|    691.263µs|   match|[97;46m POST    [0m /v1/user/update/   r:/v1/user/update/
2020/02/10 09:35:04.349 [D] [server.go:2802]  |            ::1|[97;42m 200 [0m|   1.273834ms|   match|[97;44m GET     [0m /v1/team/invitations/pending   r:/v1/team/invitations/pending
2020/02/10 09:35:04.349 [D] [server.go:2802]  |            ::1|[97;42m 200 [0m|   1.758961ms|   match|[97;44m GET     [0m /v1/team/myteam   r:/v1/team/myteam
2020/02/10 09:35:04.351 [D] [server.go:2802]  |            ::1|[97;42m 200 [0m|   2.169831ms|   match|[97;44m GET     [0m /v1/objectives/member/   r:/v1/objectives/member/
2020/02/10 09:36:35.998 [D] [server.go:2802]  |            ::1|[97;42m 200 [0m|    286.646µs|   match|[97;44m GET     [0m /v1/token/token/kemepade.sammy@ceslintlgroup.com   r:/v1/token/:email
2020/02/10 09:36:36.194 [D] [server.go:2802]  |            ::1|[97;42m 200 [0m|     58.776µs| nomatch|[90;47m OPTIONS [0m /v1/user/update/
2020/02/10 09:36:36.351 [D] [server.go:2802]  |            ::1|[97;42m 200 [0m|    943.447µs|   match|[97;46m POST    [0m /v1/user/update/   r:/v1/user/update/
2020/02/10 09:36:38.728 [D] [server.go:2802]  |            ::1|[97;42m 200 [0m|    742.563µs|   match|[97;46m POST    [0m /v1/user/update/   r:/v1/user/update/
2020/02/10 09:36:38.979 [D] [server.go:2802]  |            ::1|[97;42m 200 [0m|     41.551µs| nomatch|[90;47m OPTIONS [0m /v1/team/myteam
2020/02/10 09:36:38.981 [D] [server.go:2802]  |            ::1|[97;42m 200 [0m|     78.038µs| nomatch|[90;47m OPTIONS [0m /v1/team/invitations/pending
2020/02/10 09:36:38.981 [D] [server.go:2802]  |            ::1|[97;42m 200 [0m|     46.364µs| nomatch|[90;47m OPTIONS [0m /v1/objectives/member/
2020/02/10 09:36:39.050 [D] [server.go:2802]  |            ::1|[97;42m 200 [0m|   3.063764ms|   match|[97;44m GET     [0m /v1/team/invitations/pending   r:/v1/team/invitations/pending
2020/02/10 09:36:39.050 [D] [server.go:2802]  |            ::1|[97;42m 200 [0m|   5.954587ms|   match|[97;44m GET     [0m /v1/team/myteam   r:/v1/team/myteam
2020/02/10 09:36:39.064 [D] [server.go:2802]  |            ::1|[97;42m 200 [0m|   4.166366ms|   match|[97;44m GET     [0m /v1/objectives/member/   r:/v1/objectives/member/
2020/02/10 09:36:40.305 [D] [server.go:2802]  |            ::1|[97;42m 200 [0m|   1.136659ms|   match|[97;46m POST    [0m /v1/user/update/   r:/v1/user/update/
2020/02/10 09:36:40.556 [D] [server.go:2802]  |            ::1|[97;42m 200 [0m|     39.459µs| nomatch|[90;47m OPTIONS [0m /v1/lead/validate/
2020/02/10 09:36:40.557 [D] [server.go:2802]  |            ::1|[97;42m 200 [0m|     53.434µs| nomatch|[90;47m OPTIONS [0m /v1/lead/pending
2020/02/10 09:36:40.600 [D] [server.go:2802]  |            ::1|[97;42m 200 [0m|   1.409221ms|   match|[97;44m GET     [0m /v1/lead/validate/   r:/v1/lead/validate
2020/02/10 09:36:40.606 [D] [server.go:2802]  |            ::1|[97;42m 200 [0m|    7.45484ms|   match|[97;44m GET     [0m /v1/lead/pending   r:/v1/lead/pending
2020/02/10 09:36:40.624 [D] [server.go:2802]  |            ::1|[97;42m 200 [0m|     33.859µs| nomatch|[90;47m OPTIONS [0m /v1/objectives/lead/
2020/02/10 09:36:40.624 [D] [server.go:2802]  |            ::1|[97;42m 200 [0m|      20.45µs| nomatch|[90;47m OPTIONS [0m /v1/lead/myteam/
2020/02/10 09:36:40.710 [D] [server.go:2802]  |            ::1|[97;42m 200 [0m|   1.487556ms|   match|[97;44m GET     [0m /v1/objectives/lead/   r:/v1/objectives/lead/
2020/02/10 09:36:40.719 [D] [server.go:2802]  |            ::1|[97;42m 200 [0m|   7.493961ms|   match|[97;44m GET     [0m /v1/lead/myteam/   r:/v1/lead/myteam/
2020/02/10 09:45:32.439 [D] [server.go:2802]  |            ::1|[97;42m 200 [0m|     54.073µs| nomatch|[90;47m OPTIONS [0m /v1/user/update/
2020/02/10 09:45:32.574 [D] [server.go:2802]  |            ::1|[97;42m 200 [0m|    844.091µs|   match|[97;46m POST    [0m /v1/user/update/   r:/v1/user/update/
2020/02/10 09:45:32.763 [D] [server.go:2802]  |            ::1|[97;42m 200 [0m|     17.271µs| nomatch|[90;47m OPTIONS [0m /v1/lead/validate/
2020/02/10 09:45:32.764 [D] [server.go:2802]  |            ::1|[97;42m 200 [0m|     44.063µs| nomatch|[90;47m OPTIONS [0m /v1/lead/pending
2020/02/10 09:45:32.821 [D] [server.go:2802]  |            ::1|[97;42m 200 [0m|   3.180106ms|   match|[97;44m GET     [0m /v1/lead/validate/   r:/v1/lead/validate
2020/02/10 09:45:32.824 [D] [server.go:2802]  |            ::1|[97;42m 200 [0m|   4.103263ms|   match|[97;44m GET     [0m /v1/lead/pending   r:/v1/lead/pending
2020/02/10 09:45:32.842 [D] [server.go:2802]  |            ::1|[97;42m 200 [0m|     52.239µs| nomatch|[90;47m OPTIONS [0m /v1/objectives/lead/
2020/02/10 09:45:32.842 [D] [server.go:2802]  |            ::1|[97;42m 200 [0m|     10.585µs| nomatch|[90;47m OPTIONS [0m /v1/lead/myteam/
2020/02/10 09:45:32.925 [D] [server.go:2802]  |            ::1|[97;42m 200 [0m|   1.471997ms|   match|[97;44m GET     [0m /v1/objectives/lead/   r:/v1/objectives/lead/
2020/02/10 09:45:32.928 [D] [server.go:2802]  |            ::1|[97;42m 200 [0m|   4.144005ms|   match|[97;44m GET     [0m /v1/lead/myteam/   r:/v1/lead/myteam/
2020/02/10 09:57:25.808 [I] [asm_amd64.s:1357]  http server Running on http://:2253
2020/02/10 09:57:40.118 [I] [asm_amd64.s:1357]  http server Running on http://:2253
2020/02/10 09:59:19.101 [D] [server.go:2802]  |            ::1|[97;42m 200 [0m|     58.717µs| nomatch|[90;47m OPTIONS [0m /v1/user/update/
2020/02/10 09:59:19.266 [D] [server.go:2802]  |            ::1|[97;42m 200 [0m|   1.184687ms|   match|[97;46m POST    [0m /v1/user/update/   r:/v1/user/update/
2020/02/10 09:59:19.457 [D] [server.go:2802]  |            ::1|[97;42m 200 [0m|     19.994µs| nomatch|[90;47m OPTIONS [0m /v1/lead/validate/
2020/02/10 09:59:19.458 [D] [server.go:2802]  |            ::1|[97;42m 200 [0m|      54.65µs| nomatch|[90;47m OPTIONS [0m /v1/lead/pending
2020/02/10 09:59:19.506 [D] [server.go:2802]  |            ::1|[97;42m 200 [0m|   1.243133ms|   match|[97;44m GET     [0m /v1/lead/validate/   r:/v1/lead/validate
2020/02/10 09:59:19.515 [D] [server.go:2802]  |            ::1|[97;42m 200 [0m|    9.79802ms|   match|[97;44m GET     [0m /v1/lead/pending   r:/v1/lead/pending
2020/02/10 09:59:19.532 [D] [server.go:2802]  |            ::1|[97;42m 200 [0m|     53.665µs| nomatch|[90;47m OPTIONS [0m /v1/objectives/lead/
2020/02/10 09:59:19.532 [D] [server.go:2802]  |            ::1|[97;42m 200 [0m|     26.992µs| nomatch|[90;47m OPTIONS [0m /v1/lead/myteam/
2020/02/10 09:59:19.642 [D] [server.go:2802]  |            ::1|[97;42m 200 [0m|   7.547624ms|   match|[97;44m GET     [0m /v1/objectives/lead/   r:/v1/objectives/lead/
2020/02/10 09:59:19.652 [D] [server.go:2802]  |            ::1|[97;42m 200 [0m|    8.82494ms|   match|[97;44m GET     [0m /v1/lead/myteam/   r:/v1/lead/myteam/
2020/02/10 09:59:25.892 [D] [server.go:2802]  |            ::1|[97;42m 200 [0m|     43.432µs| nomatch|[90;47m OPTIONS [0m /v1/member/64
2020/02/10 09:59:25.897 [D] [server.go:2802]  |            ::1|[97;43m 404 [0m|    205.527µs| nomatch|[97;41m DELETE  [0m /v1/member/64
2020/02/10 09:59:40.552 [I] [asm_amd64.s:1357]  http server Running on http://:2253
2020/02/10 10:00:04.460 [D] [server.go:2802]  |            ::1|[97;42m 200 [0m|     42.973µs| nomatch|[90;47m OPTIONS [0m /v1/user/update/
2020/02/10 10:00:04.601 [D] [server.go:2802]  |            ::1|[97;42m 200 [0m|   1.503563ms|   match|[97;46m POST    [0m /v1/user/update/   r:/v1/user/update/
2020/02/10 10:00:04.825 [D] [server.go:2802]  |            ::1|[97;42m 200 [0m|     41.434µs| nomatch|[90;47m OPTIONS [0m /v1/lead/validate/
2020/02/10 10:00:04.826 [D] [server.go:2802]  |            ::1|[97;42m 200 [0m|     44.992µs| nomatch|[90;47m OPTIONS [0m /v1/lead/pending
2020/02/10 10:00:04.874 [D] [server.go:2802]  |            ::1|[97;42m 200 [0m|   2.012761ms|   match|[97;44m GET     [0m /v1/lead/validate/   r:/v1/lead/validate
2020/02/10 10:00:04.878 [D] [server.go:2802]  |            ::1|[97;42m 200 [0m|   6.014564ms|   match|[97;44m GET     [0m /v1/lead/pending   r:/v1/lead/pending
2020/02/10 10:00:04.897 [D] [server.go:2802]  |            ::1|[97;42m 200 [0m|     22.768µs| nomatch|[90;47m OPTIONS [0m /v1/objectives/lead/
2020/02/10 10:00:04.898 [D] [server.go:2802]  |            ::1|[97;42m 200 [0m|      21.57µs| nomatch|[90;47m OPTIONS [0m /v1/lead/myteam/
2020/02/10 10:00:05.006 [D] [server.go:2802]  |            ::1|[97;42m 200 [0m|   1.624704ms|   match|[97;44m GET     [0m /v1/objectives/lead/   r:/v1/objectives/lead/
2020/02/10 10:00:05.014 [D] [server.go:2802]  |            ::1|[97;42m 200 [0m|   9.086925ms|   match|[97;44m GET     [0m /v1/lead/myteam/   r:/v1/lead/myteam/
2020/02/10 10:00:12.189 [D] [server.go:2802]  |            ::1|[97;42m 200 [0m|     59.637µs| nomatch|[90;47m OPTIONS [0m /v1/member/64
2020/02/10 10:00:12.200 [D] [server.go:2802]  |            ::1|[97;43m 404 [0m|    262.777µs| nomatch|[97;41m DELETE  [0m /v1/member/64
2020/02/10 10:00:31.025 [I] [asm_amd64.s:1357]  http server Running on http://:2253
2020/02/10 10:00:39.434 [D] [server.go:2802]  |            ::1|[97;42m 200 [0m|    160.047µs| nomatch|[90;47m OPTIONS [0m /v1/member/64
2020/02/10 10:00:39.443 [D] [server.go:2802]  |            ::1|[97;43m 404 [0m|    157.964µs| nomatch|[97;41m DELETE  [0m /v1/member/64
2020/02/10 10:23:11.338 [I] [asm_amd64.s:1357]  http server Running on http://:2253
2020/02/10 10:23:38.373 [D] [server.go:2802]  |            ::1|[97;42m 200 [0m|     64.174µs| nomatch|[90;47m OPTIONS [0m /v1/user/update/
2020/02/10 10:23:38.516 [D] [server.go:2802]  |            ::1|[97;42m 200 [0m|   1.026587ms|   match|[97;46m POST    [0m /v1/user/update/   r:/v1/user/update/
2020/02/10 10:23:38.709 [D] [server.go:2802]  |            ::1|[97;42m 200 [0m|     56.049µs| nomatch|[90;47m OPTIONS [0m /v1/lead/validate/
2020/02/10 10:23:38.710 [D] [server.go:2802]  |            ::1|[97;42m 200 [0m|     16.297µs| nomatch|[90;47m OPTIONS [0m /v1/lead/pending
2020/02/10 10:23:38.772 [D] [server.go:2802]  |            ::1|[97;42m 200 [0m|   1.412103ms|   match|[97;44m GET     [0m /v1/lead/validate/   r:/v1/lead/validate
2020/02/10 10:23:38.780 [D] [server.go:2802]  |            ::1|[97;42m 200 [0m|   8.677124ms|   match|[97;44m GET     [0m /v1/lead/pending   r:/v1/lead/pending
2020/02/10 10:23:38.808 [D] [server.go:2802]  |            ::1|[97;42m 200 [0m|     46.834µs| nomatch|[90;47m OPTIONS [0m /v1/objectives/lead/
2020/02/10 10:23:38.809 [D] [server.go:2802]  |            ::1|[97;42m 200 [0m|     12.576µs| nomatch|[90;47m OPTIONS [0m /v1/lead/myteam/
2020/02/10 10:23:38.836 [D] [server.go:2802]  |            ::1|[97;42m 200 [0m|   3.705799ms|   match|[97;44m GET     [0m /v1/objectives/lead/   r:/v1/objectives/lead/
2020/02/10 10:23:38.934 [D] [server.go:2802]  |            ::1|[97;42m 200 [0m|  12.704173ms|   match|[97;44m GET     [0m /v1/lead/myteam/   r:/v1/lead/myteam/
2020/02/10 10:24:21.235 [D] [server.go:2802]  |            ::1|[97;42m 200 [0m|     44.074µs| nomatch|[90;47m OPTIONS [0m /v1/user/update/
2020/02/10 10:24:21.363 [D] [server.go:2802]  |            ::1|[97;42m 200 [0m|    1.04013ms|   match|[97;46m POST    [0m /v1/user/update/   r:/v1/user/update/
2020/02/10 10:24:21.552 [D] [server.go:2802]  |            ::1|[97;42m 200 [0m|     29.014µs| nomatch|[90;47m OPTIONS [0m /v1/lead/validate/
2020/02/10 10:24:21.553 [D] [server.go:2802]  |            ::1|[97;42m 200 [0m|     27.102µs| nomatch|[90;47m OPTIONS [0m /v1/lead/pending
2020/02/10 10:24:21.609 [D] [server.go:2802]  |            ::1|[97;42m 200 [0m|   3.343869ms|   match|[97;44m GET     [0m /v1/lead/validate/   r:/v1/lead/validate
2020/02/10 10:24:21.613 [D] [server.go:2802]  |            ::1|[97;42m 200 [0m|   4.434405ms|   match|[97;44m GET     [0m /v1/lead/pending   r:/v1/lead/pending
2020/02/10 10:24:21.627 [D] [server.go:2802]  |            ::1|[97;42m 200 [0m|     86.507µs| nomatch|[90;47m OPTIONS [0m /v1/objectives/lead/
2020/02/10 10:24:21.629 [D] [server.go:2802]  |            ::1|[97;42m 200 [0m|     28.121µs| nomatch|[90;47m OPTIONS [0m /v1/lead/myteam/
2020/02/10 10:24:21.717 [D] [server.go:2802]  |            ::1|[97;42m 200 [0m|   3.648289ms|   match|[97;44m GET     [0m /v1/objectives/lead/   r:/v1/objectives/lead/
2020/02/10 10:24:21.783 [D] [server.go:2802]  |            ::1|[97;42m 200 [0m|   9.446195ms|   match|[97;44m GET     [0m /v1/lead/myteam/   r:/v1/lead/myteam/
2020/02/10 10:24:25.922 [D] [server.go:2802]  |            ::1|[97;42m 200 [0m|      53.32µs| nomatch|[90;47m OPTIONS [0m /v1//team/member/64
2020/02/10 10:24:25.981 [D] [server.go:2802]  |            ::1|[97;42m 200 [0m|  40.454997ms|   match|[97;41m DELETE  [0m /v1//team/member/64   r:/v1/team/member/:id
2020/02/10 10:24:29.014 [D] [server.go:2802]  |            ::1|[97;42m 200 [0m|     39.478µs| nomatch|[90;47m OPTIONS [0m /v1/user/update/
2020/02/10 10:24:29.158 [D] [server.go:2802]  |            ::1|[97;42m 200 [0m|     958.61µs|   match|[97;46m POST    [0m /v1/user/update/   r:/v1/user/update/
2020/02/10 10:24:29.336 [D] [server.go:2802]  |            ::1|[97;42m 200 [0m|     15.321µs| nomatch|[90;47m OPTIONS [0m /v1/lead/validate/
2020/02/10 10:24:29.337 [D] [server.go:2802]  |            ::1|[97;42m 200 [0m|     13.595µs| nomatch|[90;47m OPTIONS [0m /v1/lead/pending
2020/02/10 10:24:29.397 [D] [server.go:2802]  |            ::1|[97;42m 200 [0m|   3.029848ms|   match|[97;44m GET     [0m /v1/lead/validate/   r:/v1/lead/validate
2020/02/10 10:24:29.406 [D] [server.go:2802]  |            ::1|[97;42m 200 [0m|  10.622331ms|   match|[97;44m GET     [0m /v1/lead/pending   r:/v1/lead/pending
2020/02/10 10:24:29.420 [D] [server.go:2802]  |            ::1|[97;42m 200 [0m|     24.128µs| nomatch|[90;47m OPTIONS [0m /v1/objectives/lead/
2020/02/10 10:24:29.421 [D] [server.go:2802]  |            ::1|[97;42m 200 [0m|     11.355µs| nomatch|[90;47m OPTIONS [0m /v1/lead/myteam/
2020/02/10 10:24:29.490 [D] [server.go:2802]  |            ::1|[97;42m 200 [0m|   1.685005ms|   match|[97;44m GET     [0m /v1/objectives/lead/   r:/v1/objectives/lead/
2020/02/10 10:24:29.495 [D] [server.go:2802]  |            ::1|[97;42m 200 [0m|   5.870037ms|   match|[97;44m GET     [0m /v1/lead/myteam/   r:/v1/lead/myteam/
2020/02/10 10:43:22.444 [I] [asm_amd64.s:1357]  http server Running on http://:2253
2020/02/10 10:44:45.456 [I] [asm_amd64.s:1357]  http server Running on http://:2253
2020/02/10 10:45:10.632 [D] [server.go:2802]  |            ::1|[97;42m 200 [0m|     94.235µs| nomatch|[90;47m OPTIONS [0m /v1/user/update/
2020/02/10 10:45:10.770 [D] [server.go:2802]  |            ::1|[97;42m 200 [0m|   1.172484ms|   match|[97;46m POST    [0m /v1/user/update/   r:/v1/user/update/
2020/02/10 10:45:22.374 [D] [server.go:2802]  |            ::1|[97;42m 200 [0m|     33.669µs| nomatch|[90;47m OPTIONS [0m /v1/user/update/
2020/02/10 10:45:22.516 [D] [server.go:2802]  |            ::1|[97;42m 200 [0m|   3.274226ms|   match|[97;46m POST    [0m /v1/user/update/   r:/v1/user/update/
2020/02/10 10:45:29.215 [D] [server.go:2802]  |            ::1|[97;42m 200 [0m|     128.85µs| nomatch|[90;47m OPTIONS [0m /v1/user/update/
2020/02/10 10:45:29.372 [D] [server.go:2802]  |            ::1|[97;42m 200 [0m|   1.513584ms|   match|[97;46m POST    [0m /v1/user/update/   r:/v1/user/update/
2020/02/10 10:45:46.692 [D] [server.go:2802]  |            ::1|[97;42m 200 [0m|      77.03µs| nomatch|[90;47m OPTIONS [0m /v1/user/update/
2020/02/10 10:45:46.840 [D] [server.go:2802]  |            ::1|[97;42m 200 [0m|    964.673µs|   match|[97;46m POST    [0m /v1/user/update/   r:/v1/user/update/
2020/02/10 10:45:47.036 [D] [server.go:2802]  |            ::1|[97;42m 200 [0m|     17.505µs| nomatch|[90;47m OPTIONS [0m /v1/lead/validate/
2020/02/10 10:45:47.037 [D] [server.go:2802]  |            ::1|[97;42m 200 [0m|     16.236µs| nomatch|[90;47m OPTIONS [0m /v1/lead/pending
2020/02/10 10:45:47.085 [D] [server.go:2802]  |            ::1|[97;42m 200 [0m|   1.835515ms|   match|[97;44m GET     [0m /v1/lead/validate/   r:/v1/lead/validate
2020/02/10 10:45:47.090 [D] [server.go:2802]  |            ::1|[97;42m 200 [0m|   6.908218ms|   match|[97;44m GET     [0m /v1/lead/pending   r:/v1/lead/pending
2020/02/10 10:45:47.106 [D] [server.go:2802]  |            ::1|[97;42m 200 [0m|     36.644µs| nomatch|[90;47m OPTIONS [0m /v1/objectives/lead/
2020/02/10 10:45:47.109 [D] [server.go:2802]  |            ::1|[97;42m 200 [0m|     161.26µs| nomatch|[90;47m OPTIONS [0m /v1/lead/myteam/
2020/02/10 10:45:47.116 [D] [server.go:2802]  |            ::1|[97;42m 200 [0m|   2.588841ms|   match|[97;44m GET     [0m /v1/objectives/lead/   r:/v1/objectives/lead/
2020/02/10 10:45:47.189 [D] [server.go:2802]  |            ::1|[97;42m 200 [0m|   7.442728ms|   match|[97;44m GET     [0m /v1/lead/myteam/   r:/v1/lead/myteam/
2020/02/10 10:46:15.244 [D] [server.go:2802]  |            ::1|[97;42m 200 [0m|       35.8µs| nomatch|[90;47m OPTIONS [0m /v1/user/update/
2020/02/10 10:46:15.407 [D] [server.go:2802]  |            ::1|[97;42m 200 [0m|    889.067µs|   match|[97;46m POST    [0m /v1/user/update/   r:/v1/user/update/
2020/02/10 10:46:15.601 [D] [server.go:2802]  |            ::1|[97;42m 200 [0m|     19.729µs| nomatch|[90;47m OPTIONS [0m /v1/lead/validate/
2020/02/10 10:46:15.602 [D] [server.go:2802]  |            ::1|[97;42m 200 [0m|     28.689µs| nomatch|[90;47m OPTIONS [0m /v1/lead/pending
2020/02/10 10:46:15.648 [D] [server.go:2802]  |            ::1|[97;42m 200 [0m|   1.080849ms|   match|[97;44m GET     [0m /v1/lead/validate/   r:/v1/lead/validate
2020/02/10 10:46:15.654 [D] [server.go:2802]  |            ::1|[97;42m 200 [0m|   6.170959ms|   match|[97;44m GET     [0m /v1/lead/pending   r:/v1/lead/pending
2020/02/10 10:46:15.671 [D] [server.go:2802]  |            ::1|[97;42m 200 [0m|     19.465µs| nomatch|[90;47m OPTIONS [0m /v1/objectives/lead/
2020/02/10 10:46:15.671 [D] [server.go:2802]  |            ::1|[97;42m 200 [0m|     39.245µs| nomatch|[90;47m OPTIONS [0m /v1/lead/myteam/
2020/02/10 10:46:15.690 [D] [server.go:2802]  |            ::1|[97;42m 200 [0m|   3.732441ms|   match|[97;44m GET     [0m /v1/objectives/lead/   r:/v1/objectives/lead/
2020/02/10 10:46:15.829 [D] [server.go:2802]  |            ::1|[97;42m 200 [0m|   7.766826ms|   match|[97;44m GET     [0m /v1/lead/myteam/   r:/v1/lead/myteam/
2020/02/10 10:46:41.108 [D] [server.go:2802]  |            ::1|[97;42m 200 [0m|     23.529µs| nomatch|[90;47m OPTIONS [0m /v1/lead/member/64
2020/02/10 10:46:41.492 [D] [server.go:2802]  |            ::1|[97;42m 200 [0m| 369.153004ms|   match|[97;46m POST    [0m /v1/lead/member/64   r:/v1/lead/member/:id
2020/02/10 10:46:45.324 [D] [server.go:2802]  |            ::1|[97;42m 200 [0m|     33.859µs| nomatch|[90;47m OPTIONS [0m /v1/user/update/
2020/02/10 10:46:45.488 [D] [server.go:2802]  |            ::1|[97;42m 200 [0m|    704.476µs|   match|[97;46m POST    [0m /v1/user/update/   r:/v1/user/update/
2020/02/10 10:46:45.683 [D] [server.go:2802]  |            ::1|[97;42m 200 [0m|     17.797µs| nomatch|[90;47m OPTIONS [0m /v1/lead/validate/
2020/02/10 10:46:45.683 [D] [server.go:2802]  |            ::1|[97;42m 200 [0m|      9.538µs| nomatch|[90;47m OPTIONS [0m /v1/lead/pending
2020/02/10 10:46:45.743 [D] [server.go:2802]  |            ::1|[97;42m 200 [0m|   2.455176ms|   match|[97;44m GET     [0m /v1/lead/validate/   r:/v1/lead/validate
2020/02/10 10:46:45.751 [D] [server.go:2802]  |            ::1|[97;42m 200 [0m|  10.468783ms|   match|[97;44m GET     [0m /v1/lead/pending   r:/v1/lead/pending
2020/02/10 10:46:45.768 [D] [server.go:2802]  |            ::1|[97;42m 200 [0m|      27.85µs| nomatch|[90;47m OPTIONS [0m /v1/objectives/lead/
2020/02/10 10:46:45.769 [D] [server.go:2802]  |            ::1|[97;42m 200 [0m|      15.31µs| nomatch|[90;47m OPTIONS [0m /v1/lead/myteam/
2020/02/10 10:46:45.848 [D] [server.go:2802]  |            ::1|[97;42m 200 [0m|   2.184633ms|   match|[97;44m GET     [0m /v1/objectives/lead/   r:/v1/objectives/lead/
2020/02/10 10:46:45.856 [D] [server.go:2802]  |            ::1|[97;42m 200 [0m|   9.239095ms|   match|[97;44m GET     [0m /v1/lead/myteam/   r:/v1/lead/myteam/
2020/02/10 10:47:09.511 [D] [server.go:2802]  |            ::1|[97;42m 200 [0m|    367.012µs|   match|[97;44m GET     [0m /v1/token/token/jennifer.daniel@my-gpi.io   r:/v1/token/:email
2020/02/10 10:47:09.697 [D] [server.go:2802]  |            ::1|[97;42m 200 [0m|     48.223µs| nomatch|[90;47m OPTIONS [0m /v1/user/update/
2020/02/10 10:47:09.850 [D] [server.go:2802]  |            ::1|[97;42m 200 [0m|    672.338µs|   match|[97;46m POST    [0m /v1/user/update/   r:/v1/user/update/
2020/02/10 10:47:13.251 [D] [server.go:2802]  |            ::1|[97;42m 200 [0m|    682.701µs|   match|[97;46m POST    [0m /v1/user/update/   r:/v1/user/update/
2020/02/10 10:47:13.486 [D] [server.go:2802]  |            ::1|[97;42m 200 [0m|     19.352µs| nomatch|[90;47m OPTIONS [0m /v1/team/myteam
2020/02/10 10:47:13.486 [D] [server.go:2802]  |            ::1|[97;42m 200 [0m|     10.145µs| nomatch|[90;47m OPTIONS [0m /v1/team/invitations/pending
2020/02/10 10:47:13.487 [D] [server.go:2802]  |            ::1|[97;42m 200 [0m|     16.039µs| nomatch|[90;47m OPTIONS [0m /v1/objectives/member/
2020/02/10 10:47:13.526 [D] [server.go:2802]  |            ::1|[97;42m 200 [0m|   3.152595ms|   match|[97;44m GET     [0m /v1/team/myteam   r:/v1/team/myteam
2020/02/10 10:47:13.528 [D] [server.go:2802]  |            ::1|[97;42m 200 [0m|   2.816223ms|   match|[97;44m GET     [0m /v1/team/invitations/pending   r:/v1/team/invitations/pending
2020/02/10 10:47:13.528 [D] [server.go:2802]  |            ::1|[97;42m 200 [0m|   2.333414ms|   match|[97;44m GET     [0m /v1/objectives/member/   r:/v1/objectives/member/
2020/02/10 10:47:22.293 [D] [server.go:2802]  |            ::1|[97;42m 200 [0m|      48.81µs| nomatch|[90;47m OPTIONS [0m /v1/team/accept/4
2020/02/10 10:47:22.474 [D] [server.go:2802]  |            ::1|[97;42m 200 [0m| 160.413748ms|   match|[97;46m POST    [0m /v1/team/accept/4   r:/v1/team/accept/:teamid
2020/02/10 10:47:24.178 [D] [server.go:2802]  |            ::1|[97;42m 200 [0m|     45.898µs| nomatch|[90;47m OPTIONS [0m /v1/user/update/
2020/02/10 10:47:24.324 [D] [server.go:2802]  |            ::1|[97;42m 200 [0m|   2.528052ms|   match|[97;46m POST    [0m /v1/user/update/   r:/v1/user/update/
2020/02/10 10:47:24.475 [D] [server.go:2802]  |            ::1|[97;42m 200 [0m|     22.682µs| nomatch|[90;47m OPTIONS [0m /v1/team/myteam
2020/02/10 10:47:24.475 [D] [server.go:2802]  |            ::1|[97;42m 200 [0m|     60.991µs| nomatch|[90;47m OPTIONS [0m /v1/team/invitations/pending
2020/02/10 10:47:24.477 [D] [server.go:2802]  |            ::1|[97;42m 200 [0m|     15.887µs| nomatch|[90;47m OPTIONS [0m /v1/objectives/member/
2020/02/10 10:47:24.531 [D] [server.go:2802]  |            ::1|[97;42m 200 [0m|   1.062309ms|   match|[97;44m GET     [0m /v1/team/invitations/pending   r:/v1/team/invitations/pending
2020/02/10 10:47:24.531 [D] [server.go:2802]  |            ::1|[97;42m 200 [0m|   1.823388ms|   match|[97;44m GET     [0m /v1/team/myteam   r:/v1/team/myteam
2020/02/10 10:47:24.533 [D] [server.go:2802]  |            ::1|[97;42m 200 [0m|   2.466048ms|   match|[97;44m GET     [0m /v1/objectives/member/   r:/v1/objectives/member/
2020/02/10 10:48:10.825 [D] [server.go:2802]  |            ::1|[97;42m 200 [0m|    225.475µs|   match|[97;44m GET     [0m /v1/token/token/kemepade.sammy@ceslintlgroup.com   r:/v1/token/:email
2020/02/10 10:48:11.008 [D] [server.go:2802]  |            ::1|[97;42m 200 [0m|     28.166µs| nomatch|[90;47m OPTIONS [0m /v1/user/update/
2020/02/10 10:48:11.165 [D] [server.go:2802]  |            ::1|[97;42m 200 [0m|    971.669µs|   match|[97;46m POST    [0m /v1/user/update/   r:/v1/user/update/
2020/02/10 10:48:15.759 [D] [server.go:2802]  |            ::1|[97;42m 200 [0m|    874.776µs|   match|[97;46m POST    [0m /v1/user/update/   r:/v1/user/update/
2020/02/10 10:48:16.244 [D] [server.go:2802]  |            ::1|[97;42m 200 [0m|     53.268µs| nomatch|[90;47m OPTIONS [0m /v1/kpi/report/49/2
2020/02/10 10:48:16.321 [D] [server.go:2802]  |            ::1|[97;42m 200 [0m|   3.953064ms|   match|[97;44m GET     [0m /v1/kpi/report/49/2   r:/v1/kpi/report/:userid/:month
2020/02/10 10:48:20.927 [D] [server.go:2802]  |            ::1|[97;42m 200 [0m|     34.271µs| nomatch|[90;47m OPTIONS [0m /v1/user/update/
2020/02/10 10:48:21.067 [D] [server.go:2802]  |            ::1|[97;42m 200 [0m|   1.771929ms|   match|[97;46m POST    [0m /v1/user/update/   r:/v1/user/update/
2020/02/10 10:48:21.286 [D] [server.go:2802]  |            ::1|[97;42m 200 [0m|     93.938µs| nomatch|[90;47m OPTIONS [0m /v1/lead/myteam/
2020/02/10 10:48:21.347 [D] [server.go:2802]  |            ::1|[97;42m 200 [0m|   3.680507ms|   match|[97;44m GET     [0m /v1/lead/myteam/   r:/v1/lead/myteam/
2020/02/10 10:48:23.109 [D] [server.go:2802]  |            ::1|[97;42m 200 [0m|     52.687µs| nomatch|[90;47m OPTIONS [0m /v1/kpi/report/64/2
2020/02/10 10:48:23.113 [D] [server.go:2802]  |            ::1|[97;42m 200 [0m|     78.998µs| nomatch|[90;47m OPTIONS [0m /v1/objectives/lead/
2020/02/10 10:48:23.152 [D] [server.go:2802]  |            ::1|[97;42m 200 [0m|   2.645754ms|   match|[97;44m GET     [0m /v1/kpi/report/64/2   r:/v1/kpi/report/:userid/:month
2020/02/10 10:48:23.153 [D] [server.go:2802]  |            ::1|[97;42m 200 [0m|   1.811872ms|   match|[97;44m GET     [0m /v1/objectives/lead/   r:/v1/objectives/lead/
2020/02/10 10:48:28.135 [D] [server.go:2802]  |            ::1|[97;42m 200 [0m|     46.359µs| nomatch|[90;47m OPTIONS [0m /v1/user/update/
2020/02/10 10:48:28.285 [D] [server.go:2802]  |            ::1|[97;42m 200 [0m|    992.664µs|   match|[97;46m POST    [0m /v1/user/update/   r:/v1/user/update/
2020/02/10 10:48:28.449 [D] [server.go:2802]  |            ::1|[97;42m 200 [0m|     26.048µs| nomatch|[90;47m OPTIONS [0m /v1/lead/validate/
2020/02/10 10:48:28.450 [D] [server.go:2802]  |            ::1|[97;42m 200 [0m|     20.046µs| nomatch|[90;47m OPTIONS [0m /v1/lead/pending
2020/02/10 10:48:28.509 [D] [server.go:2802]  |            ::1|[97;42m 200 [0m|   1.280503ms|   match|[97;44m GET     [0m /v1/lead/validate/   r:/v1/lead/validate
2020/02/10 10:48:28.514 [D] [server.go:2802]  |            ::1|[97;42m 200 [0m|   5.314756ms|   match|[97;44m GET     [0m /v1/lead/pending   r:/v1/lead/pending
2020/02/10 10:48:28.519 [D] [server.go:2802]  |            ::1|[97;42m 200 [0m|     37.712µs| nomatch|[90;47m OPTIONS [0m /v1/objectives/lead/
2020/02/10 10:48:28.520 [D] [server.go:2802]  |            ::1|[97;42m 200 [0m|     73.868µs| nomatch|[90;47m OPTIONS [0m /v1/lead/myteam/
2020/02/10 10:48:28.586 [D] [server.go:2802]  |            ::1|[97;42m 200 [0m|    1.62894ms|   match|[97;44m GET     [0m /v1/objectives/lead/   r:/v1/objectives/lead/
2020/02/10 10:48:28.594 [D] [server.go:2802]  |            ::1|[97;42m 200 [0m|   9.048657ms|   match|[97;44m GET     [0m /v1/lead/myteam/   r:/v1/lead/myteam/
2020/02/10 10:48:41.740 [D] [server.go:2802]  |            ::1|[97;42m 200 [0m|     51.531µs| nomatch|[90;47m OPTIONS [0m /v1/objectives/
2020/02/10 10:48:41.888 [D] [server.go:2802]  |            ::1|[97;42m 200 [0m| 118.803317ms|   match|[97;46m POST    [0m /v1/objectives/   r:/v1/objectives/
2020/02/10 10:48:44.256 [D] [server.go:2802]  |            ::1|[97;42m 200 [0m|     38.038µs| nomatch|[90;47m OPTIONS [0m /v1/user/update/
2020/02/10 10:48:44.433 [D] [server.go:2802]  |            ::1|[97;42m 200 [0m|   1.296357ms|   match|[97;46m POST    [0m /v1/user/update/   r:/v1/user/update/
2020/02/10 10:48:44.622 [D] [server.go:2802]  |            ::1|[97;42m 200 [0m|     32.154µs| nomatch|[90;47m OPTIONS [0m /v1/lead/validate/
2020/02/10 10:48:44.623 [D] [server.go:2802]  |            ::1|[97;42m 200 [0m|     30.535µs| nomatch|[90;47m OPTIONS [0m /v1/lead/pending
2020/02/10 10:48:44.677 [D] [server.go:2802]  |            ::1|[97;42m 200 [0m|   1.409052ms|   match|[97;44m GET     [0m /v1/lead/validate/   r:/v1/lead/validate
2020/02/10 10:48:44.683 [D] [server.go:2802]  |            ::1|[97;42m 200 [0m|   7.196197ms|   match|[97;44m GET     [0m /v1/lead/pending   r:/v1/lead/pending
2020/02/10 10:48:44.699 [D] [server.go:2802]  |            ::1|[97;42m 200 [0m|     18.647µs| nomatch|[90;47m OPTIONS [0m /v1/objectives/lead/
2020/02/10 10:48:44.699 [D] [server.go:2802]  |            ::1|[97;42m 200 [0m|     23.172µs| nomatch|[90;47m OPTIONS [0m /v1/lead/myteam/
2020/02/10 10:48:44.712 [D] [server.go:2802]  |            ::1|[97;42m 200 [0m|   6.994836ms|   match|[97;44m GET     [0m /v1/objectives/lead/   r:/v1/objectives/lead/
2020/02/10 10:48:44.833 [D] [server.go:2802]  |            ::1|[97;42m 200 [0m|   4.281813ms|   match|[97;44m GET     [0m /v1/lead/myteam/   r:/v1/lead/myteam/
2020/02/10 10:48:54.096 [D] [server.go:2802]  |            ::1|[97;42m 200 [0m|     67.965µs| nomatch|[90;47m OPTIONS [0m /v1/user/update/
2020/02/10 10:48:54.244 [D] [server.go:2802]  |            ::1|[97;42m 200 [0m|    870.311µs|   match|[97;46m POST    [0m /v1/user/update/   r:/v1/user/update/
2020/02/10 10:48:54.392 [D] [server.go:2802]  |            ::1|[97;42m 200 [0m|     37.574µs| nomatch|[90;47m OPTIONS [0m /v1/kpi/report/49/2
2020/02/10 10:48:54.444 [D] [server.go:2802]  |            ::1|[97;42m 200 [0m|   7.694092ms|   match|[97;44m GET     [0m /v1/kpi/report/49/2   r:/v1/kpi/report/:userid/:month
2020/02/10 10:48:56.592 [D] [server.go:2802]  |            ::1|[97;42m 200 [0m|    764.185µs|   match|[97;46m POST    [0m /v1/user/update/   r:/v1/user/update/
2020/02/10 10:48:56.830 [D] [server.go:2802]  |            ::1|[97;42m 200 [0m|     15.544µs| nomatch|[90;47m OPTIONS [0m /v1/lead/myteam/
2020/02/10 10:48:56.871 [D] [server.go:2802]  |            ::1|[97;42m 200 [0m|   4.746518ms|   match|[97;44m GET     [0m /v1/lead/myteam/   r:/v1/lead/myteam/
2020/02/10 10:48:58.368 [D] [server.go:2802]  |            ::1|[97;42m 200 [0m|      36.29µs| nomatch|[90;47m OPTIONS [0m /v1/kpi/report/64/2
2020/02/10 10:48:58.369 [D] [server.go:2802]  |            ::1|[97;42m 200 [0m|     22.644µs| nomatch|[90;47m OPTIONS [0m /v1/objectives/lead/
2020/02/10 10:48:58.410 [D] [server.go:2802]  |            ::1|[97;42m 200 [0m|   2.464897ms|   match|[97;44m GET     [0m /v1/kpi/report/64/2   r:/v1/kpi/report/:userid/:month
2020/02/10 10:48:58.410 [D] [server.go:2802]  |            ::1|[97;42m 200 [0m|   1.817484ms|   match|[97;44m GET     [0m /v1/objectives/lead/   r:/v1/objectives/lead/
2020/02/10 10:49:25.936 [D] [server.go:2802]  |            ::1|[97;42m 200 [0m|      66.21µs| nomatch|[90;47m OPTIONS [0m /v1/kpi/assign/
2020/02/10 10:49:25.964 [D] [server.go:2802]  |            ::1|[97;42m 200 [0m|   1.857493ms|   match|[97;46m POST    [0m /v1/kpi/assign/   r:/v1/kpi/assign/
2020/02/10 10:51:40.008 [I] [asm_amd64.s:1357]  http server Running on http://:2253
2020/02/10 10:51:46.312 [D] [server.go:2802]  |            ::1|[97;42m 200 [0m|    203.258µs| nomatch|[90;47m OPTIONS [0m /v1/kpi/assign/
2020/02/10 10:51:46.341 [D] [server.go:2802]  |            ::1|[97;42m 200 [0m|   1.976057ms|   match|[97;46m POST    [0m /v1/kpi/assign/   r:/v1/kpi/assign/
2020/02/10 10:52:04.709 [I] [asm_amd64.s:1357]  http server Running on http://:2253
2020/02/10 10:52:09.625 [D] [server.go:2802]  |            ::1|[97;42m 200 [0m|    165.894µs| nomatch|[90;47m OPTIONS [0m /v1/kpi/assign/
2020/02/10 10:52:09.771 [D] [server.go:2802]  |            ::1|[97;42m 200 [0m|  122.58283ms|   match|[97;46m POST    [0m /v1/kpi/assign/   r:/v1/kpi/assign/
2020/02/10 10:52:11.901 [D] [server.go:2802]  |            ::1|[97;42m 200 [0m|     32.587µs| nomatch|[90;47m OPTIONS [0m /v1/user/update/
2020/02/10 10:52:12.053 [D] [server.go:2802]  |            ::1|[97;42m 200 [0m|    999.967µs|   match|[97;46m POST    [0m /v1/user/update/   r:/v1/user/update/
2020/02/10 10:52:12.233 [D] [server.go:2802]  |            ::1|[97;42m 200 [0m|     19.719µs| nomatch|[90;47m OPTIONS [0m /v1/lead/myteam/
2020/02/10 10:52:12.290 [D] [server.go:2802]  |            ::1|[97;42m 200 [0m|  11.247525ms|   match|[97;44m GET     [0m /v1/lead/myteam/   r:/v1/lead/myteam/
2020/02/10 10:52:13.896 [D] [server.go:2802]  |            ::1|[97;42m 200 [0m|     73.729µs| nomatch|[90;47m OPTIONS [0m /v1/kpi/report/64/2
2020/02/10 10:52:13.899 [D] [server.go:2802]  |            ::1|[97;42m 200 [0m|     71.632µs| nomatch|[90;47m OPTIONS [0m /v1/objectives/lead/
2020/02/10 10:52:13.933 [D] [server.go:2802]  |            ::1|[97;42m 200 [0m|   3.052382ms|   match|[97;44m GET     [0m /v1/kpi/report/64/2   r:/v1/kpi/report/:userid/:month
2020/02/10 10:52:14.015 [D] [server.go:2802]  |            ::1|[97;42m 200 [0m|   1.927578ms|   match|[97;44m GET     [0m /v1/objectives/lead/   r:/v1/objectives/lead/
2020/02/17 01:32:15.913 [I] [asm_amd64.s:1357]  http server Running on http://:2254
2020/02/17 01:32:15.914 [I] [asm_amd64.s:1357]  https server Running on https://:2253
2020/02/17 01:32:15.939 [C] [asm_amd64.s:1357]  ListenAndServeTLS:  listen tcp :2253: bind: address already in use
2020/02/17 01:32:33.836 [I] [asm_amd64.s:1357]  http server Running on http://:2253
2020/02/17 13:32:43.549 [I] [asm_amd64.s:1357]  http server Running on http://:2253
2020/02/18 09:14:03.150 [I] [asm_amd64.s:1357]  http server Running on http://:2253
2020/02/18 09:14:15.562 [I] [asm_amd64.s:1357]  http server Running on http://:2253
2020/02/18 09:14:17.999 [I] [asm_amd64.s:1357]  http server Running on http://:2253
2020/02/18 11:15:16.913 [D] [server.go:2802]  |            ::1|[90;47m 302 [0m|    141.485µs|   match|[97;44m GET     [0m /swagger
2020/02/18 11:15:17.076 [D] [server.go:2802]  |            ::1|[97;42m 200 [0m| 159.688499ms|   match|[97;44m GET     [0m /swagger/
2020/02/18 11:15:17.437 [D] [server.go:2802]  |            ::1|[97;42m 200 [0m| 319.588041ms|   match|[97;44m GET     [0m /swagger/swagger-ui.css
2020/02/18 11:15:17.534 [D] [server.go:2802]  |            ::1|[97;42m 200 [0m| 416.024272ms|   match|[97;44m GET     [0m /swagger/swagger-ui-bundle.js
2020/02/18 11:15:17.535 [D] [server.go:2802]  |            ::1|[97;42m 200 [0m| 416.822474ms|   match|[97;44m GET     [0m /swagger/swagger-ui-standalone-preset.js
2020/02/18 11:15:18.325 [D] [server.go:2802]  |            ::1|[97;42m 200 [0m| 160.847626ms|   match|[97;44m GET     [0m /swagger/swagger.json
2020/02/18 11:15:18.335 [D] [server.go:2802]  |            ::1|[97;42m 200 [0m| 147.372108ms|   match|[97;44m GET     [0m /swagger/favicon-32x32.png
2020/02/18 11:15:33.948 [I] [asm_amd64.s:1357]  http server Running on http://:2253
2020/02/18 11:15:35.621 [D] [server.go:2802]  |            ::1|[97;42m 200 [0m|    136.257µs|   match|[97;44m GET     [0m /swagger/
2020/02/18 11:15:35.634 [D] [server.go:2802]  |            ::1|[97;42m 200 [0m|    215.905µs|   match|[97;44m GET     [0m /swagger/swagger-ui.css
2020/02/18 11:15:35.637 [D] [server.go:2802]  |            ::1|[97;42m 200 [0m|   3.057686ms|   match|[97;44m GET     [0m /swagger/swagger-ui-bundle.js
2020/02/18 11:15:35.637 [D] [server.go:2802]  |            ::1|[97;42m 200 [0m|   3.108709ms|   match|[97;44m GET     [0m /swagger/swagger-ui-standalone-preset.js
2020/02/18 11:15:36.215 [D] [server.go:2802]  |            ::1|[97;42m 200 [0m|    151.446µs|   match|[97;44m GET     [0m /swagger/swagger.json
2020/02/18 11:49:12.337 [I] [asm_amd64.s:1357]  http server Running on http://:2253
2020/02/18 12:21:05.188 [I] [asm_amd64.s:1357]  http server Running on http://:2253
2020/02/18 12:21:25.305 [I] [asm_amd64.s:1357]  http server Running on http://:2253
2020/02/18 12:22:34.663 [D] [server.go:2802]  |            ::1|[97;42m 200 [0m|    339.848µs|   match|[97;44m GET     [0m /swagger/
2020/02/18 12:22:34.689 [D] [server.go:2802]  |            ::1|[97;42m 200 [0m|    148.049µs|   match|[97;44m GET     [0m /swagger/swagger-ui.css
2020/02/18 12:22:34.692 [D] [server.go:2802]  |            ::1|[97;42m 200 [0m|   3.233811ms|   match|[97;44m GET     [0m /swagger/swagger-ui-bundle.js
2020/02/18 12:22:34.693 [D] [server.go:2802]  |            ::1|[97;42m 200 [0m|   2.222719ms|   match|[97;44m GET     [0m /swagger/swagger-ui-standalone-preset.js
2020/02/18 12:22:35.823 [D] [server.go:2802]  |            ::1|[97;42m 200 [0m|    161.731µs|   match|[97;44m GET     [0m /swagger/swagger.json
2020/02/18 12:22:49.309 [I] [asm_amd64.s:1357]  http server Running on http://:2253
2020/02/18 12:22:53.261 [D] [server.go:2802]  |            ::1|[97;42m 200 [0m|    348.934µs|   match|[97;44m GET     [0m /swagger/
2020/02/18 12:22:53.292 [D] [server.go:2802]  |            ::1|[97;42m 200 [0m|    294.763µs|   match|[97;44m GET     [0m /swagger/swagger-ui.css
2020/02/18 12:22:53.301 [D] [server.go:2802]  |            ::1|[97;42m 200 [0m|   6.306548ms|   match|[97;44m GET     [0m /swagger/swagger-ui-bundle.js
2020/02/18 12:22:53.301 [D] [server.go:2802]  |            ::1|[97;42m 200 [0m|   6.502972ms|   match|[97;44m GET     [0m /swagger/swagger-ui-standalone-preset.js
2020/02/18 12:22:53.652 [D] [server.go:2802]  |            ::1|[97;42m 200 [0m|    149.839µs|   match|[97;44m GET     [0m /swagger/swagger.json
2020/02/18 12:40:47.477 [D] [server.go:2802]  |            ::1|[97;42m 200 [0m|    243.507µs|   match|[97;44m GET     [0m /swagger/
2020/02/18 12:40:47.506 [D] [server.go:2802]  |            ::1|[97;42m 200 [0m|    127.029µs|   match|[97;44m GET     [0m /swagger/swagger-ui.css
2020/02/18 12:40:47.507 [D] [server.go:2802]  |            ::1|[97;42m 200 [0m|    186.721µs|   match|[97;44m GET     [0m /swagger/swagger-ui-standalone-preset.js
2020/02/18 12:40:47.508 [D] [server.go:2802]  |            ::1|[97;42m 200 [0m|    837.747µs|   match|[97;44m GET     [0m /swagger/swagger-ui-bundle.js
2020/02/18 12:40:48.260 [D] [server.go:2802]  |            ::1|[97;42m 200 [0m|     70.002µs|   match|[97;44m GET     [0m /swagger/swagger.json
2020/02/18 12:41:29.951 [I] [asm_amd64.s:1357]  http server Running on http://:2253
2020/02/18 12:41:31.728 [D] [server.go:2802]  |            ::1|[97;42m 200 [0m|    351.413µs|   match|[97;44m GET     [0m /swagger/
2020/02/18 12:41:31.761 [D] [server.go:2802]  |            ::1|[97;42m 200 [0m|    250.538µs|   match|[97;44m GET     [0m /swagger/swagger-ui.css
2020/02/18 12:41:31.766 [D] [server.go:2802]  |            ::1|[97;42m 200 [0m|   5.407827ms|   match|[97;44m GET     [0m /swagger/swagger-ui-bundle.js
2020/02/18 12:41:31.766 [D] [server.go:2802]  |            ::1|[97;42m 200 [0m|   5.505578ms|   match|[97;44m GET     [0m /swagger/swagger-ui-standalone-preset.js
2020/02/18 12:41:32.678 [D] [server.go:2802]  |            ::1|[97;42m 200 [0m|    179.382µs|   match|[97;44m GET     [0m /swagger/swagger.json
2020/02/18 12:41:55.353 [I] [asm_amd64.s:1357]  http server Running on http://:2253
2020/02/18 12:41:56.136 [D] [server.go:2802]  |            ::1|[97;42m 200 [0m|     517.64µs|   match|[97;44m GET     [0m /swagger/
2020/02/18 12:41:56.162 [D] [server.go:2802]  |            ::1|[97;42m 200 [0m|    180.629µs|   match|[97;44m GET     [0m /swagger/swagger-ui.css
2020/02/18 12:41:56.167 [D] [server.go:2802]  |            ::1|[97;42m 200 [0m|   4.203967ms|   match|[97;44m GET     [0m /swagger/swagger-ui-bundle.js
2020/02/18 12:41:56.168 [D] [server.go:2802]  |            ::1|[97;42m 200 [0m|   3.564614ms|   match|[97;44m GET     [0m /swagger/swagger-ui-standalone-preset.js
2020/02/18 12:41:56.539 [D] [server.go:2802]  |            ::1|[97;42m 200 [0m|    138.999µs|   match|[97;44m GET     [0m /swagger/swagger.json
2020/02/18 12:50:00.769 [I] [asm_amd64.s:1357]  http server Running on http://:2253
2020/02/18 12:50:48.230 [I] [asm_amd64.s:1357]  http server Running on http://:2253
2020/02/18 12:52:33.505 [I] [asm_amd64.s:1357]  http server Running on http://:2253
2020/02/18 13:36:51.710 [I] [asm_amd64.s:1357]  http server Running on http://:2253
2020/02/18 13:42:37.930 [I] [asm_amd64.s:1357]  http server Running on http://:2253
2020/02/18 13:43:12.618 [I] [asm_amd64.s:1357]  http server Running on http://:2253
2020/02/18 13:55:01.197 [D] [server.go:2802]  |            ::1|[90;47m 302 [0m|     74.905µs|   match|[97;44m GET     [0m /swagger
2020/02/18 13:55:01.372 [D] [server.go:2802]  |            ::1|[97;42m 200 [0m|    137.204µs|   match|[97;44m GET     [0m /swagger/swagger.json
2020/02/18 14:01:43.393 [I] [asm_amd64.s:1357]  http server Running on http://:2253
2020/02/18 14:02:43.741 [D] [server.go:2802]  |            ::1|[97;42m 200 [0m|    460.876µs| nomatch|[90;47m OPTIONS [0m /v1/user/update/
2020/02/18 14:02:44.275 [D] [server.go:2802]  |            ::1|[97;42m 200 [0m| 276.253894ms|   match|[97;46m POST    [0m /v1/user/update/   r:/v1/user/update/
2020/02/18 14:03:00.741 [D] [server.go:2802]  |            ::1|[97;42m 200 [0m|     70.176µs| nomatch|[90;47m OPTIONS [0m /v1/task/
2020/02/18 14:03:00.759 [D] [server.go:2802]  |            ::1|[97;42m 200 [0m|   1.195545ms|   match|[97;46m POST    [0m /v1/task/   r:/v1/task/
2020/02/18 14:04:22.288 [I] [asm_amd64.s:1357]  http server Running on http://:2253
2020/02/18 14:04:26.704 [D] [server.go:2802]  |            ::1|[97;42m 200 [0m|    117.205µs| nomatch|[90;47m OPTIONS [0m /v1/task/
2020/02/18 14:04:26.729 [D] [server.go:2802]  |            ::1|[97;42m 200 [0m|   1.726935ms|   match|[97;46m POST    [0m /v1/task/   r:/v1/task/
2020/02/18 14:05:05.083 [D] [server.go:2802]  |            ::1|[97;42m 200 [0m|      38.34µs| nomatch|[90;47m OPTIONS [0m /v1/user/update/
2020/02/18 14:05:05.166 [D] [server.go:2802]  |            ::1|[97;42m 200 [0m|     600.37µs|   match|[97;46m POST    [0m /v1/user/update/   r:/v1/user/update/
2020/02/18 14:05:29.539 [D] [server.go:2802]  |            ::1|[97;42m 200 [0m|     67.671µs| nomatch|[90;47m OPTIONS [0m /v1/task/
2020/02/18 14:05:30.207 [D] [server.go:2802]  |            ::1|[97;42m 200 [0m| 644.977075ms|   match|[97;46m POST    [0m /v1/task/   r:/v1/task/
2020/02/18 14:05:32.519 [D] [server.go:2802]  |            ::1|[97;42m 200 [0m|      26.15µs| nomatch|[90;47m OPTIONS [0m /v1/user/update/
2020/02/18 14:05:32.600 [D] [server.go:2802]  |            ::1|[97;42m 200 [0m|    912.544µs|   match|[97;46m POST    [0m /v1/user/update/   r:/v1/user/update/
2020/02/18 20:54:54.304 [I] [asm_amd64.s:1357]  http server Running on http://:2253
2020/02/18 20:54:57.184 [I] [asm_amd64.s:1357]  http server Running on http://:2253
2020/02/18 21:00:04.687 [D] [server.go:2802]  |            ::1|[97;42m 200 [0m|     91.148µs| nomatch|[90;47m OPTIONS [0m /v1/user/update/
2020/02/18 21:00:04.754 [D] [server.go:2802]  |            ::1|[97;42m 200 [0m|   1.182296ms|   match|[97;46m POST    [0m /v1/user/update/   r:/v1/user/update/
2020/02/18 21:00:53.476 [D] [server.go:2802]  |            ::1|[97;42m 200 [0m|     69.114µs| nomatch|[90;47m OPTIONS [0m /v1/user/update/
2020/02/18 21:00:53.641 [D] [server.go:2802]  |            ::1|[97;42m 200 [0m|   1.027889ms|   match|[97;46m POST    [0m /v1/user/update/   r:/v1/user/update/
2020/02/18 21:00:53.921 [D] [server.go:2802]  |            ::1|[97;42m 200 [0m|     71.746µs| nomatch|[90;47m OPTIONS [0m /v1/task/
2020/02/18 21:00:53.941 [D] [server.go:2802]  |            ::1|[97;42m 200 [0m|   1.257751ms|   match|[97;44m GET     [0m /v1/task/   r:/v1/task/
2020/02/18 21:02:56.305 [D] [server.go:2802]  |            ::1|[97;42m 200 [0m|     31.789µs| nomatch|[90;47m OPTIONS [0m /v1/user/update/
2020/02/18 21:02:56.626 [D] [server.go:2802]  |            ::1|[97;42m 200 [0m|     48.755µs| nomatch|[90;47m OPTIONS [0m /v1/task/
2020/02/18 21:02:56.641 [D] [server.go:2802]  |            ::1|[97;42m 200 [0m|     2.6425ms|   match|[97;46m POST    [0m /v1/user/update/   r:/v1/user/update/
2020/02/18 21:02:56.667 [D] [server.go:2802]  |            ::1|[97;42m 200 [0m|    869.249µs|   match|[97;44m GET     [0m /v1/task/   r:/v1/task/
2020/02/18 21:03:50.597 [D] [server.go:2802]  |            ::1|[97;42m 200 [0m|     44.269µs| nomatch|[90;47m OPTIONS [0m /v1/user/update/
2020/02/18 21:03:50.903 [D] [server.go:2802]  |            ::1|[97;42m 200 [0m|     25.895µs| nomatch|[90;47m OPTIONS [0m /v1/task/
2020/02/18 21:03:50.917 [D] [server.go:2802]  |            ::1|[97;42m 200 [0m|   1.427102ms|   match|[97;46m POST    [0m /v1/user/update/   r:/v1/user/update/
2020/02/18 21:03:50.953 [D] [server.go:2802]  |            ::1|[97;42m 200 [0m|   1.216149ms|   match|[97;44m GET     [0m /v1/task/   r:/v1/task/
2020/02/18 21:03:53.112 [D] [server.go:2802]  |            ::1|[97;42m 200 [0m|   1.147676ms|   match|[97;46m POST    [0m /v1/user/update/   r:/v1/user/update/
2020/02/18 21:03:53.436 [D] [server.go:2802]  |            ::1|[97;42m 200 [0m|   1.141291ms|   match|[97;44m GET     [0m /v1/task/   r:/v1/task/
2020/02/18 21:05:09.723 [D] [server.go:2802]  |            ::1|[97;42m 200 [0m|     56.818µs| nomatch|[90;47m OPTIONS [0m /v1/user/update/
2020/02/18 21:05:09.867 [D] [server.go:2802]  |            ::1|[97;42m 200 [0m|   1.345565ms|   match|[97;46m POST    [0m /v1/user/update/   r:/v1/user/update/
2020/02/18 21:05:10.141 [D] [server.go:2802]  |            ::1|[97;42m 200 [0m|     44.417µs| nomatch|[90;47m OPTIONS [0m /v1/task/
2020/02/18 21:05:10.160 [D] [server.go:2802]  |            ::1|[97;42m 200 [0m|    827.303µs|   match|[97;44m GET     [0m /v1/task/   r:/v1/task/
2020/02/18 21:05:19.568 [D] [server.go:2802]  |            ::1|[97;42m 200 [0m|     31.231µs| nomatch|[90;47m OPTIONS [0m /v1/user/update/
2020/02/18 21:05:19.729 [D] [server.go:2802]  |            ::1|[97;42m 200 [0m|   1.337405ms|   match|[97;46m POST    [0m /v1/user/update/   r:/v1/user/update/
2020/02/18 21:05:20.004 [D] [server.go:2802]  |            ::1|[97;42m 200 [0m|     42.648µs| nomatch|[90;47m OPTIONS [0m /v1/task/
2020/02/18 21:05:20.024 [D] [server.go:2802]  |            ::1|[97;42m 200 [0m|   1.027635ms|   match|[97;44m GET     [0m /v1/task/   r:/v1/task/
2020/02/18 21:05:38.678 [D] [server.go:2802]  |            ::1|[97;42m 200 [0m|     33.102µs| nomatch|[90;47m OPTIONS [0m /v1/user/update/
2020/02/18 21:05:39.015 [D] [server.go:2802]  |            ::1|[97;42m 200 [0m|     55.433µs| nomatch|[90;47m OPTIONS [0m /v1/task/
2020/02/18 21:05:39.032 [D] [server.go:2802]  |            ::1|[97;42m 200 [0m|   1.212489ms|   match|[97;46m POST    [0m /v1/user/update/   r:/v1/user/update/
2020/02/18 21:05:39.067 [D] [server.go:2802]  |            ::1|[97;42m 200 [0m|    900.656µs|   match|[97;44m GET     [0m /v1/task/   r:/v1/task/
2020/02/18 21:07:24.401 [D] [server.go:2802]  |            ::1|[97;42m 200 [0m|      56.21µs| nomatch|[90;47m OPTIONS [0m /v1/user/update/
2020/02/18 21:07:24.601 [D] [server.go:2802]  |            ::1|[97;42m 200 [0m|     33.189µs| nomatch|[90;47m OPTIONS [0m /v1/task/
2020/02/18 21:07:24.609 [D] [server.go:2802]  |            ::1|[97;42m 200 [0m|     766.99µs|   match|[97;46m POST    [0m /v1/user/update/   r:/v1/user/update/
2020/02/18 21:07:24.632 [D] [server.go:2802]  |            ::1|[97;42m 200 [0m|    752.382µs|   match|[97;44m GET     [0m /v1/task/   r:/v1/task/
2020/02/18 21:48:11.905 [I] [asm_amd64.s:1357]  http server Running on http://:2253
2020/02/18 21:48:14.214 [D] [server.go:2802]  |            ::1|[97;42m 200 [0m|    209.035µs| nomatch|[90;47m OPTIONS [0m /v1/user/update/
2020/02/18 21:48:14.312 [D] [server.go:2802]  |            ::1|[97;42m 200 [0m|   1.347651ms|   match|[97;46m POST    [0m /v1/user/update/   r:/v1/user/update/
2020/02/18 21:48:14.451 [D] [server.go:2802]  |            ::1|[97;42m 200 [0m|     25.181µs| nomatch|[90;47m OPTIONS [0m /v1/task/
2020/02/18 21:48:14.458 [D] [server.go:2802]  |            ::1|[97;42m 200 [0m|    566.877µs|   match|[97;44m GET     [0m /v1/task/   r:/v1/task/
2020/02/18 21:56:39.148 [I] [asm_amd64.s:1357]  http server Running on http://:2253
2020/02/18 22:12:39.197 [I] [asm_amd64.s:1357]  http server Running on http://:2253
2020/02/18 22:13:20.213 [D] [server.go:2802]  |            ::1|[97;42m 200 [0m|     174.45µs|   match|[97;44m GET     [0m /v1/token/token/endy.apina@my-gpi.io   r:/v1/token/:email
2020/02/18 22:13:21.632 [D] [server.go:2802]  |            ::1|[97;42m 200 [0m|     80.751µs| nomatch|[90;47m OPTIONS [0m /v1/user/update/
2020/02/18 22:13:22.314 [D] [server.go:2802]  |            ::1|[97;42m 200 [0m| 496.268909ms|   match|[97;46m POST    [0m /v1/user/update/   r:/v1/user/update/
2020/02/18 22:13:24.196 [D] [server.go:2802]  |            ::1|[97;42m 200 [0m|    631.363µs|   match|[97;46m POST    [0m /v1/user/update/   r:/v1/user/update/
2020/02/18 22:13:24.751 [D] [server.go:2802]  |            ::1|[97;42m 200 [0m|     44.238µs| nomatch|[90;47m OPTIONS [0m /v1/task/
2020/02/18 22:13:24.791 [D] [server.go:2802]  |            ::1|[97;42m 200 [0m|    155.684µs|   match|[97;44m GET     [0m /v1/task/   r:/v1/task/
2020/02/18 22:15:02.145 [D] [server.go:2802]  |            ::1|[97;42m 200 [0m|    305.706µs| nomatch|[90;47m OPTIONS [0m /v1/user/update/
2020/02/18 22:15:02.230 [D] [server.go:2802]  |            ::1|[97;42m 200 [0m|    666.313µs|   match|[97;46m POST    [0m /v1/user/update/   r:/v1/user/update/
2020/02/18 22:15:19.645 [D] [server.go:2802]  |            ::1|[97;42m 200 [0m|     51.409µs| nomatch|[90;47m OPTIONS [0m /v1/user/update/
2020/02/18 22:15:19.734 [D] [server.go:2802]  |            ::1|[97;42m 200 [0m|   1.147181ms|   match|[97;46m POST    [0m /v1/user/update/   r:/v1/user/update/
2020/02/18 22:15:19.886 [D] [server.go:2802]  |            ::1|[97;42m 200 [0m|      19.26µs| nomatch|[90;47m OPTIONS [0m /v1/task/18/02/2020
2020/02/18 22:15:19.900 [D] [server.go:2802]  |            ::1|[97;43m 404 [0m|    167.135µs| nomatch|[97;44m GET     [0m /v1/task/18/02/2020
2020/02/18 22:15:31.722 [I] [asm_amd64.s:1357]  http server Running on http://:2253
2020/02/18 22:15:33.875 [D] [server.go:2802]  |            ::1|[97;42m 200 [0m|     19.074µs| nomatch|[90;47m OPTIONS [0m /v1/user/update/
2020/02/18 22:15:33.960 [D] [server.go:2802]  |            ::1|[97;42m 200 [0m|    1.46922ms|   match|[97;46m POST    [0m /v1/user/update/   r:/v1/user/update/
2020/02/18 22:15:34.097 [D] [server.go:2802]  |            ::1|[97;42m 200 [0m|     24.731µs| nomatch|[90;47m OPTIONS [0m /v1/task/18/02/2020
2020/02/18 22:15:34.109 [D] [server.go:2802]  |            ::1|[97;42m 200 [0m|    611.915µs|   match|[97;44m GET     [0m /v1/task/18/02/2020   r:/v1/task/:day/:month/:year
2020/02/18 22:15:55.655 [I] [asm_amd64.s:1357]  http server Running on http://:2253
2020/02/18 22:16:40.232 [D] [server.go:2802]  |            ::1|[97;42m 200 [0m|     35.717µs| nomatch|[90;47m OPTIONS [0m /v1/user/update/
2020/02/18 22:16:40.318 [D] [server.go:2802]  |            ::1|[97;42m 200 [0m|   1.864413ms|   match|[97;46m POST    [0m /v1/user/update/   r:/v1/user/update/
2020/02/18 22:16:40.457 [D] [server.go:2802]  |            ::1|[97;42m 200 [0m|     26.014µs| nomatch|[90;47m OPTIONS [0m /v1/task/18/02/2020
2020/02/18 22:16:40.468 [D] [server.go:2802]  |            ::1|[97;42m 200 [0m|    740.099µs|   match|[97;44m GET     [0m /v1/task/18/02/2020   r:/v1/task/:day/:month/:year
2020/02/18 22:17:00.456 [I] [asm_amd64.s:1357]  http server Running on http://:2253
2020/02/18 22:17:02.088 [D] [server.go:2802]  |            ::1|[97;42m 200 [0m|     44.271µs| nomatch|[90;47m OPTIONS [0m /v1/user/update/
2020/02/18 22:17:02.171 [D] [server.go:2802]  |            ::1|[97;42m 200 [0m|   1.580838ms|   match|[97;46m POST    [0m /v1/user/update/   r:/v1/user/update/
2020/02/18 22:17:02.311 [D] [server.go:2802]  |            ::1|[97;42m 200 [0m|     16.735µs| nomatch|[90;47m OPTIONS [0m /v1/task/18/02/2020
2020/02/18 22:17:02.324 [D] [server.go:2802]  |            ::1|[97;42m 200 [0m|    883.966µs|   match|[97;44m GET     [0m /v1/task/18/02/2020   r:/v1/task/:day/:month/:year
2020/02/18 22:17:41.047 [I] [asm_amd64.s:1357]  http server Running on http://:2253
2020/02/18 22:17:42.555 [D] [server.go:2802]  |            ::1|[97;42m 200 [0m|     36.665µs| nomatch|[90;47m OPTIONS [0m /v1/user/update/
2020/02/18 22:17:42.641 [D] [server.go:2802]  |            ::1|[97;42m 200 [0m|   1.769238ms|   match|[97;46m POST    [0m /v1/user/update/   r:/v1/user/update/
2020/02/18 22:17:42.782 [D] [server.go:2802]  |            ::1|[97;42m 200 [0m|     20.618µs| nomatch|[90;47m OPTIONS [0m /v1/task/18/02/2020
2020/02/18 22:17:42.794 [D] [server.go:2802]  |            ::1|[97;42m 200 [0m|     681.01µs|   match|[97;44m GET     [0m /v1/task/18/02/2020   r:/v1/task/:day/:month/:year
2020/02/18 22:18:01.873 [I] [asm_amd64.s:1357]  http server Running on http://:2253
2020/02/18 22:18:03.539 [D] [server.go:2802]  |            ::1|[97;42m 200 [0m|      59.77µs| nomatch|[90;47m OPTIONS [0m /v1/user/update/
2020/02/18 22:18:03.625 [D] [server.go:2802]  |            ::1|[97;42m 200 [0m|   1.381005ms|   match|[97;46m POST    [0m /v1/user/update/   r:/v1/user/update/
2020/02/18 22:18:03.763 [D] [server.go:2802]  |            ::1|[97;42m 200 [0m|     40.368µs| nomatch|[90;47m OPTIONS [0m /v1/task/18/02/2020
2020/02/18 22:18:03.775 [D] [server.go:2802]  |            ::1|[97;42m 200 [0m|   1.028764ms|   match|[97;44m GET     [0m /v1/task/18/02/2020   r:/v1/task/:day/:month/:year
2020/02/18 22:18:56.456 [I] [asm_amd64.s:1357]  http server Running on http://:2253
2020/02/18 22:19:01.915 [I] [asm_amd64.s:1357]  http server Running on http://:2253
2020/02/18 22:19:03.542 [D] [server.go:2802]  |            ::1|[97;42m 200 [0m|     49.816µs| nomatch|[90;47m OPTIONS [0m /v1/user/update/
2020/02/18 22:19:03.625 [D] [server.go:2802]  |            ::1|[97;42m 200 [0m|   1.400334ms|   match|[97;46m POST    [0m /v1/user/update/   r:/v1/user/update/
2020/02/18 22:19:03.761 [D] [server.go:2802]  |            ::1|[97;42m 200 [0m|     19.407µs| nomatch|[90;47m OPTIONS [0m /v1/task/18/02/2020
2020/02/18 22:19:03.774 [D] [server.go:2802]  |            ::1|[97;42m 200 [0m|    944.093µs|   match|[97;44m GET     [0m /v1/task/18/02/2020   r:/v1/task/:day/:month/:year
2020/02/18 22:19:55.583 [I] [asm_amd64.s:1357]  http server Running on http://:2253
2020/02/18 22:19:58.834 [D] [server.go:2802]  |            ::1|[97;42m 200 [0m|     38.007µs| nomatch|[90;47m OPTIONS [0m /v1/user/update/
2020/02/18 22:19:58.922 [D] [server.go:2802]  |            ::1|[97;42m 200 [0m|   1.682093ms|   match|[97;46m POST    [0m /v1/user/update/   r:/v1/user/update/
2020/02/18 22:19:59.061 [D] [server.go:2802]  |            ::1|[97;42m 200 [0m|     20.767µs| nomatch|[90;47m OPTIONS [0m /v1/task/18/02/2020
2020/02/18 22:19:59.118 [D] [server.go:2802]  |            ::1|[97;42m 200 [0m|  46.663827ms|   match|[97;44m GET     [0m /v1/task/18/02/2020   r:/v1/task/:day/:month/:year
2020/02/18 22:20:14.969 [I] [asm_amd64.s:1357]  http server Running on http://:2253
2020/02/18 22:20:28.834 [D] [server.go:2802]  |            ::1|[97;42m 200 [0m|     52.867µs| nomatch|[90;47m OPTIONS [0m /v1/user/update/
2020/02/18 22:20:28.919 [D] [server.go:2802]  |            ::1|[97;42m 200 [0m|   1.400809ms|   match|[97;46m POST    [0m /v1/user/update/   r:/v1/user/update/
2020/02/18 22:20:29.058 [D] [server.go:2802]  |            ::1|[97;42m 200 [0m|     34.207µs| nomatch|[90;47m OPTIONS [0m /v1/task/18/02/2020
2020/02/18 22:20:29.071 [D] [server.go:2802]  |            ::1|[97;42m 200 [0m|    831.727µs|   match|[97;44m GET     [0m /v1/task/18/02/2020   r:/v1/task/:day/:month/:year
2020/02/18 22:21:43.893 [I] [asm_amd64.s:1357]  http server Running on http://:2253
2020/02/18 22:21:47.456 [D] [server.go:2802]  |            ::1|[97;42m 200 [0m|     49.849µs| nomatch|[90;47m OPTIONS [0m /v1/user/update/
2020/02/18 22:21:47.541 [D] [server.go:2802]  |            ::1|[97;42m 200 [0m|   1.353171ms|   match|[97;46m POST    [0m /v1/user/update/   r:/v1/user/update/
2020/02/18 22:21:47.689 [D] [server.go:2802]  |            ::1|[97;42m 200 [0m|      36.99µs| nomatch|[90;47m OPTIONS [0m /v1/task/18/02/2020
2020/02/18 22:21:47.699 [D] [server.go:2802]  |            ::1|[97;42m 200 [0m|     807.52µs|   match|[97;44m GET     [0m /v1/task/18/02/2020   r:/v1/task/:day/:month/:year
2020/02/18 22:22:44.727 [I] [asm_amd64.s:1357]  http server Running on http://:2253
2020/02/18 22:22:46.821 [D] [server.go:2802]  |            ::1|[97;42m 200 [0m|       44.1µs| nomatch|[90;47m OPTIONS [0m /v1/user/update/
2020/02/18 22:22:46.909 [D] [server.go:2802]  |            ::1|[97;42m 200 [0m|   1.221002ms|   match|[97;46m POST    [0m /v1/user/update/   r:/v1/user/update/
2020/02/18 22:22:47.051 [D] [server.go:2802]  |            ::1|[97;42m 200 [0m|     20.285µs| nomatch|[90;47m OPTIONS [0m /v1/task/18/02/2020
2020/02/18 22:22:47.063 [D] [server.go:2802]  |            ::1|[97;42m 200 [0m|   1.148677ms|   match|[97;44m GET     [0m /v1/task/18/02/2020   r:/v1/task/:day/:month/:year
2020/02/18 22:23:03.745 [I] [asm_amd64.s:1357]  http server Running on http://:2253
2020/02/18 22:23:07.457 [D] [server.go:2802]  |            ::1|[97;42m 200 [0m|     62.109µs| nomatch|[90;47m OPTIONS [0m /v1/user/update/
2020/02/18 22:23:07.539 [D] [server.go:2802]  |            ::1|[97;42m 200 [0m|   1.511726ms|   match|[97;46m POST    [0m /v1/user/update/   r:/v1/user/update/
2020/02/18 22:23:07.679 [D] [server.go:2802]  |            ::1|[97;42m 200 [0m|     24.133µs| nomatch|[90;47m OPTIONS [0m /v1/task/18/02/2020
2020/02/18 22:23:07.691 [D] [server.go:2802]  |            ::1|[97;42m 200 [0m|   1.290157ms|   match|[97;44m GET     [0m /v1/task/18/02/2020   r:/v1/task/:day/:month/:year
2020/02/18 22:23:58.540 [I] [asm_amd64.s:1357]  http server Running on http://:2253
2020/02/18 22:24:01.087 [D] [server.go:2802]  |            ::1|[97;42m 200 [0m|     52.115µs| nomatch|[90;47m OPTIONS [0m /v1/user/update/
2020/02/18 22:24:01.171 [D] [server.go:2802]  |            ::1|[97;42m 200 [0m|   1.333828ms|   match|[97;46m POST    [0m /v1/user/update/   r:/v1/user/update/
2020/02/18 22:24:01.316 [D] [server.go:2802]  |            ::1|[97;42m 200 [0m|     26.853µs| nomatch|[90;47m OPTIONS [0m /v1/task/18/02/2020
2020/02/18 22:24:01.328 [D] [server.go:2802]  |            ::1|[97;42m 200 [0m|   1.174019ms|   match|[97;44m GET     [0m /v1/task/18/02/2020   r:/v1/task/:day/:month/:year
2020/02/18 22:25:52.160 [I] [asm_amd64.s:1357]  http server Running on http://:2253
2020/02/18 22:25:56.447 [D] [server.go:2802]  |            ::1|[97;42m 200 [0m|     30.102µs| nomatch|[90;47m OPTIONS [0m /v1/user/update/
2020/02/18 22:25:56.531 [D] [server.go:2802]  |            ::1|[97;42m 200 [0m|   1.093942ms|   match|[97;46m POST    [0m /v1/user/update/   r:/v1/user/update/
2020/02/18 22:25:56.669 [D] [server.go:2802]  |            ::1|[97;42m 200 [0m|     31.755µs| nomatch|[90;47m OPTIONS [0m /v1/task/18/02/2020
2020/02/18 22:25:56.680 [D] [server.go:2802]  |            ::1|[97;42m 200 [0m|   1.057943ms|   match|[97;44m GET     [0m /v1/task/18/02/2020   r:/v1/task/:day/:month/:year
2020/02/18 22:28:51.993 [I] [asm_amd64.s:1357]  http server Running on http://:2253
2020/02/18 22:28:54.031 [D] [server.go:2802]  |            ::1|[97;42m 200 [0m|     38.481µs| nomatch|[90;47m OPTIONS [0m /v1/user/update/
2020/02/18 22:28:54.116 [D] [server.go:2802]  |            ::1|[97;42m 200 [0m|    912.098µs|   match|[97;46m POST    [0m /v1/user/update/   r:/v1/user/update/
2020/02/18 22:28:54.257 [D] [server.go:2802]  |            ::1|[97;42m 200 [0m|     18.308µs| nomatch|[90;47m OPTIONS [0m /v1/task/18/02/2020
2020/02/18 22:28:54.269 [D] [server.go:2802]  |            ::1|[97;42m 200 [0m|    1.25523ms|   match|[97;44m GET     [0m /v1/task/18/02/2020   r:/v1/task/:day/:month/:year
2020/02/18 22:34:29.728 [I] [asm_amd64.s:1357]  http server Running on http://:2253
2020/02/18 22:34:32.763 [D] [server.go:2802]  |            ::1|[97;42m 200 [0m|     48.369µs| nomatch|[90;47m OPTIONS [0m /v1/user/update/
2020/02/18 22:34:32.847 [D] [server.go:2802]  |            ::1|[97;42m 200 [0m|    969.995µs|   match|[97;46m POST    [0m /v1/user/update/   r:/v1/user/update/
2020/02/18 22:34:32.984 [D] [server.go:2802]  |            ::1|[97;42m 200 [0m|     35.276µs| nomatch|[90;47m OPTIONS [0m /v1/task/18/02/2020
2020/02/18 22:34:32.995 [D] [server.go:2802]  |            ::1|[97;42m 200 [0m|    1.31059ms|   match|[97;44m GET     [0m /v1/task/18/02/2020   r:/v1/task/:day/:month/:year
2020/02/18 22:34:51.905 [D] [server.go:2802]  |            ::1|[97;42m 200 [0m|     40.128µs| nomatch|[90;47m OPTIONS [0m /v1/user/update/
2020/02/18 22:34:51.997 [D] [server.go:2802]  |            ::1|[97;42m 200 [0m|   1.259199ms|   match|[97;46m POST    [0m /v1/user/update/   r:/v1/user/update/
2020/02/18 22:34:52.148 [D] [server.go:2802]  |            ::1|[97;42m 200 [0m|     48.558µs| nomatch|[90;47m OPTIONS [0m /v1/task/18/02/2020
2020/02/18 22:34:52.161 [D] [server.go:2802]  |            ::1|[97;42m 200 [0m|   1.195189ms|   match|[97;44m GET     [0m /v1/task/18/02/2020   r:/v1/task/:day/:month/:year
2020/02/18 22:34:57.270 [I] [asm_amd64.s:1357]  http server Running on http://:2253
2020/02/18 22:35:09.059 [D] [server.go:2802]  |            ::1|[97;42m 200 [0m|     37.044µs| nomatch|[90;47m OPTIONS [0m /v1/user/update/
2020/02/18 22:35:09.149 [D] [server.go:2802]  |            ::1|[97;42m 200 [0m|   1.692147ms|   match|[97;46m POST    [0m /v1/user/update/   r:/v1/user/update/
2020/02/18 22:35:09.298 [D] [server.go:2802]  |            ::1|[97;42m 200 [0m|     29.733µs| nomatch|[90;47m OPTIONS [0m /v1/task/18/02/2020
2020/02/18 22:35:09.310 [D] [server.go:2802]  |            ::1|[97;42m 200 [0m|   1.067491ms|   match|[97;44m GET     [0m /v1/task/18/02/2020   r:/v1/task/:day/:month/:year
2020/02/18 22:35:13.052 [I] [asm_amd64.s:1357]  http server Running on http://:2253
2020/02/18 22:35:24.831 [D] [server.go:2802]  |            ::1|[97;42m 200 [0m|     83.275µs| nomatch|[90;47m OPTIONS [0m /v1/user/update/
2020/02/18 22:35:24.921 [D] [server.go:2802]  |            ::1|[97;42m 200 [0m|   1.253114ms|   match|[97;46m POST    [0m /v1/user/update/   r:/v1/user/update/
2020/02/18 22:35:25.067 [D] [server.go:2802]  |            ::1|[97;42m 200 [0m|     20.041µs| nomatch|[90;47m OPTIONS [0m /v1/task/18/02/2020
2020/02/18 22:35:25.084 [D] [server.go:2802]  |            ::1|[97;42m 200 [0m|    749.429µs|   match|[97;44m GET     [0m /v1/task/18/02/2020   r:/v1/task/:day/:month/:year
2020/02/18 22:35:28.229 [I] [asm_amd64.s:1357]  http server Running on http://:2253
2020/02/18 22:35:44.372 [I] [asm_amd64.s:1357]  http server Running on http://:2253
2020/02/18 22:35:52.116 [I] [asm_amd64.s:1357]  http server Running on http://:2253
2020/02/18 22:35:53.618 [D] [server.go:2802]  |            ::1|[97;42m 200 [0m|      24.33µs| nomatch|[90;47m OPTIONS [0m /v1/user/update/
2020/02/18 22:35:53.705 [D] [server.go:2802]  |            ::1|[97;42m 200 [0m|   1.117348ms|   match|[97;46m POST    [0m /v1/user/update/   r:/v1/user/update/
2020/02/18 22:35:53.844 [D] [server.go:2802]  |            ::1|[97;42m 200 [0m|     17.365µs| nomatch|[90;47m OPTIONS [0m /v1/task/18/02/2020
2020/02/18 22:35:53.854 [D] [server.go:2802]  |            ::1|[97;42m 200 [0m|    789.833µs|   match|[97;44m GET     [0m /v1/task/18/02/2020   r:/v1/task/:day/:month/:year
2020/02/18 22:36:18.878 [I] [asm_amd64.s:1357]  http server Running on http://:2253
2020/02/18 22:36:18.878 [C] [asm_amd64.s:1357]  ListenAndServe:  listen tcp :2253: bind: address already in use
2020/02/18 22:36:24.098 [I] [asm_amd64.s:1357]  http server Running on http://:2253
2020/02/18 22:36:24.098 [C] [asm_amd64.s:1357]  ListenAndServe:  listen tcp :2253: bind: address already in use
2020/02/18 22:36:55.203 [I] [asm_amd64.s:1357]  http server Running on http://:2253
2020/02/18 22:37:01.381 [D] [server.go:2802]  |            ::1|[97;42m 200 [0m|     35.142µs| nomatch|[90;47m OPTIONS [0m /v1/user/update/
2020/02/18 22:37:01.465 [D] [server.go:2802]  |            ::1|[97;42m 200 [0m|    1.63882ms|   match|[97;46m POST    [0m /v1/user/update/   r:/v1/user/update/
2020/02/18 22:37:01.605 [D] [server.go:2802]  |            ::1|[97;42m 200 [0m|     18.177µs| nomatch|[90;47m OPTIONS [0m /v1/task/18/02/2020
2020/02/18 22:37:01.617 [D] [server.go:2802]  |            ::1|[97;42m 200 [0m|    806.531µs|   match|[97;44m GET     [0m /v1/task/18/02/2020   r:/v1/task/:day/:month/:year
2020/02/18 22:37:15.201 [I] [asm_amd64.s:1357]  http server Running on http://:2253
2020/02/18 22:37:16.522 [D] [server.go:2802]  |            ::1|[97;42m 200 [0m|     37.744µs| nomatch|[90;47m OPTIONS [0m /v1/user/update/
2020/02/18 22:37:16.613 [D] [server.go:2802]  |            ::1|[97;42m 200 [0m|    1.43133ms|   match|[97;46m POST    [0m /v1/user/update/   r:/v1/user/update/
2020/02/18 22:37:16.751 [D] [server.go:2802]  |            ::1|[97;42m 200 [0m|     25.948µs| nomatch|[90;47m OPTIONS [0m /v1/task/18/02/2020
2020/02/18 22:37:16.763 [D] [server.go:2802]  |            ::1|[97;42m 200 [0m|    934.072µs|   match|[97;44m GET     [0m /v1/task/18/02/2020   r:/v1/task/:day/:month/:year
2020/02/18 22:38:01.706 [I] [asm_amd64.s:1357]  http server Running on http://:2253
2020/02/18 22:38:03.245 [D] [server.go:2802]  |            ::1|[97;42m 200 [0m|     52.312µs| nomatch|[90;47m OPTIONS [0m /v1/user/update/
2020/02/18 22:38:03.331 [D] [server.go:2802]  |            ::1|[97;42m 200 [0m|     986.27µs|   match|[97;46m POST    [0m /v1/user/update/   r:/v1/user/update/
2020/02/18 22:38:03.467 [D] [server.go:2802]  |            ::1|[97;42m 200 [0m|     18.059µs| nomatch|[90;47m OPTIONS [0m /v1/task/18/02/2020
2020/02/18 22:38:03.479 [D] [server.go:2802]  |            ::1|[97;42m 200 [0m|   1.088697ms|   match|[97;44m GET     [0m /v1/task/18/02/2020   r:/v1/task/:day/:month/:year
2020/02/18 22:38:27.554 [I] [asm_amd64.s:1357]  http server Running on http://:2253
2020/02/18 22:38:28.966 [D] [server.go:2802]  |            ::1|[97;42m 200 [0m|     51.211µs| nomatch|[90;47m OPTIONS [0m /v1/user/update/
2020/02/18 22:38:29.047 [D] [server.go:2802]  |            ::1|[97;42m 200 [0m|   1.455162ms|   match|[97;46m POST    [0m /v1/user/update/   r:/v1/user/update/
2020/02/18 22:38:29.186 [D] [server.go:2802]  |            ::1|[97;42m 200 [0m|      28.57µs| nomatch|[90;47m OPTIONS [0m /v1/task/18/02/2020
2020/02/18 22:38:29.198 [D] [server.go:2802]  |            ::1|[97;42m 200 [0m|    998.188µs|   match|[97;44m GET     [0m /v1/task/18/02/2020   r:/v1/task/:day/:month/:year
2020/02/18 22:38:54.249 [I] [asm_amd64.s:1357]  http server Running on http://:2253
2020/02/18 22:38:56.298 [D] [server.go:2802]  |            ::1|[97;42m 200 [0m|      57.99µs| nomatch|[90;47m OPTIONS [0m /v1/user/update/
2020/02/18 22:38:56.386 [D] [server.go:2802]  |            ::1|[97;42m 200 [0m|   1.642931ms|   match|[97;46m POST    [0m /v1/user/update/   r:/v1/user/update/
2020/02/18 22:38:56.529 [D] [server.go:2802]  |            ::1|[97;42m 200 [0m|     23.726µs| nomatch|[90;47m OPTIONS [0m /v1/task/18/02/2020
2020/02/18 22:38:56.539 [D] [server.go:2802]  |            ::1|[97;42m 200 [0m|   1.424701ms|   match|[97;44m GET     [0m /v1/task/18/02/2020   r:/v1/task/:day/:month/:year
2020/02/18 23:14:59.662 [D] [server.go:2802]  |            ::1|[97;42m 200 [0m|     45.691µs| nomatch|[90;47m OPTIONS [0m /v1/user/update/
2020/02/18 23:14:59.765 [D] [server.go:2802]  |            ::1|[97;42m 200 [0m|    988.099µs|   match|[97;46m POST    [0m /v1/user/update/   r:/v1/user/update/
2020/02/18 23:14:59.902 [D] [server.go:2802]  |            ::1|[97;42m 200 [0m|     25.125µs| nomatch|[90;47m OPTIONS [0m /v1/task/18/02/2020
2020/02/18 23:14:59.914 [D] [server.go:2802]  |            ::1|[97;42m 200 [0m|   1.503834ms|   match|[97;44m GET     [0m /v1/task/18/02/2020   r:/v1/task/:day/:month/:year
2020/02/18 23:15:21.772 [D] [server.go:2802]  |            ::1|[97;42m 200 [0m|     27.795µs| nomatch|[90;47m OPTIONS [0m /v1/user/update/
2020/02/18 23:15:21.860 [D] [server.go:2802]  |            ::1|[97;42m 200 [0m|   1.377122ms|   match|[97;46m POST    [0m /v1/user/update/   r:/v1/user/update/
2020/02/18 23:15:22.000 [D] [server.go:2802]  |            ::1|[97;42m 200 [0m|      25.39µs| nomatch|[90;47m OPTIONS [0m /v1/task/18/02/2020
2020/02/18 23:15:22.011 [D] [server.go:2802]  |            ::1|[97;42m 200 [0m|    968.086µs|   match|[97;44m GET     [0m /v1/task/18/02/2020   r:/v1/task/:day/:month/:year
2020/02/18 23:15:31.039 [D] [server.go:2802]  |            ::1|[97;42m 200 [0m|      31.54µs| nomatch|[90;47m OPTIONS [0m /v1/user/update/
2020/02/18 23:15:31.126 [D] [server.go:2802]  |            ::1|[97;42m 200 [0m|   1.229211ms|   match|[97;46m POST    [0m /v1/user/update/   r:/v1/user/update/
2020/02/18 23:15:31.262 [D] [server.go:2802]  |            ::1|[97;42m 200 [0m|     29.807µs| nomatch|[90;47m OPTIONS [0m /v1/task/18/02/2020
2020/02/18 23:15:31.274 [D] [server.go:2802]  |            ::1|[97;42m 200 [0m|   1.136088ms|   match|[97;44m GET     [0m /v1/task/18/02/2020   r:/v1/task/:day/:month/:year
2020/02/18 23:15:42.419 [D] [server.go:2802]  |            ::1|[97;42m 200 [0m|     34.594µs| nomatch|[90;47m OPTIONS [0m /v1/user/update/
2020/02/18 23:15:42.503 [D] [server.go:2802]  |            ::1|[97;42m 200 [0m|    1.28843ms|   match|[97;46m POST    [0m /v1/user/update/   r:/v1/user/update/
2020/02/18 23:15:42.642 [D] [server.go:2802]  |            ::1|[97;42m 200 [0m|     22.291µs| nomatch|[90;47m OPTIONS [0m /v1/task/18/02/2020
2020/02/18 23:15:42.653 [D] [server.go:2802]  |            ::1|[97;42m 200 [0m|    1.60692ms|   match|[97;44m GET     [0m /v1/task/18/02/2020   r:/v1/task/:day/:month/:year
2020/02/18 23:15:48.704 [D] [server.go:2802]  |            ::1|[97;42m 200 [0m|     29.204µs| nomatch|[90;47m OPTIONS [0m /v1/user/update/
2020/02/18 23:15:48.785 [D] [server.go:2802]  |            ::1|[97;42m 200 [0m|    790.845µs|   match|[97;46m POST    [0m /v1/user/update/   r:/v1/user/update/
2020/02/18 23:15:48.921 [D] [server.go:2802]  |            ::1|[97;42m 200 [0m|     29.022µs| nomatch|[90;47m OPTIONS [0m /v1/task/18/02/2020
2020/02/18 23:15:48.938 [D] [server.go:2802]  |            ::1|[97;42m 200 [0m|    848.813µs|   match|[97;44m GET     [0m /v1/task/18/02/2020   r:/v1/task/:day/:month/:year
2020/02/18 23:16:18.926 [D] [server.go:2802]  |            ::1|[97;42m 200 [0m|      26.65µs| nomatch|[90;47m OPTIONS [0m /v1/user/update/
2020/02/18 23:16:19.006 [D] [server.go:2802]  |            ::1|[97;42m 200 [0m|    893.655µs|   match|[97;46m POST    [0m /v1/user/update/   r:/v1/user/update/
2020/02/18 23:16:19.142 [D] [server.go:2802]  |            ::1|[97;42m 200 [0m|      25.29µs| nomatch|[90;47m OPTIONS [0m /v1/task/18/02/2020
2020/02/18 23:16:19.154 [D] [server.go:2802]  |            ::1|[97;42m 200 [0m|   1.157085ms|   match|[97;44m GET     [0m /v1/task/18/02/2020   r:/v1/task/:day/:month/:year
2020/02/18 23:18:04.426 [D] [server.go:2802]  |            ::1|[97;42m 200 [0m|     25.676µs| nomatch|[90;47m OPTIONS [0m /v1/user/update/
2020/02/18 23:18:04.510 [D] [server.go:2802]  |            ::1|[97;42m 200 [0m|   1.057559ms|   match|[97;46m POST    [0m /v1/user/update/   r:/v1/user/update/
2020/02/18 23:18:04.644 [D] [server.go:2802]  |            ::1|[97;42m 200 [0m|     22.535µs| nomatch|[90;47m OPTIONS [0m /v1/task/18/02/2020
2020/02/18 23:18:04.657 [D] [server.go:2802]  |            ::1|[97;42m 200 [0m|   1.654416ms|   match|[97;44m GET     [0m /v1/task/18/02/2020   r:/v1/task/:day/:month/:year
2020/02/18 23:18:26.892 [D] [server.go:2802]  |            ::1|[97;42m 200 [0m|     53.707µs| nomatch|[90;47m OPTIONS [0m /v1/user/update/
2020/02/18 23:18:26.976 [D] [server.go:2802]  |            ::1|[97;42m 200 [0m|    999.392µs|   match|[97;46m POST    [0m /v1/user/update/   r:/v1/user/update/
2020/02/18 23:18:27.112 [D] [server.go:2802]  |            ::1|[97;42m 200 [0m|     36.238µs| nomatch|[90;47m OPTIONS [0m /v1/task/18/02/2020
2020/02/18 23:18:27.123 [D] [server.go:2802]  |            ::1|[97;42m 200 [0m|   1.174454ms|   match|[97;44m GET     [0m /v1/task/18/02/2020   r:/v1/task/:day/:month/:year
2020/02/18 23:20:28.549 [D] [server.go:2802]  |            ::1|[97;42m 200 [0m|     34.132µs| nomatch|[90;47m OPTIONS [0m /v1/user/update/
2020/02/18 23:20:28.633 [D] [server.go:2802]  |            ::1|[97;42m 200 [0m|    707.535µs|   match|[97;46m POST    [0m /v1/user/update/   r:/v1/user/update/
2020/02/18 23:20:28.772 [D] [server.go:2802]  |            ::1|[97;42m 200 [0m|     17.952µs| nomatch|[90;47m OPTIONS [0m /v1/task/18/02/2020
2020/02/18 23:20:28.787 [D] [server.go:2802]  |            ::1|[97;42m 200 [0m|    790.206µs|   match|[97;44m GET     [0m /v1/task/18/02/2020   r:/v1/task/:day/:month/:year
2020/02/18 23:21:10.306 [D] [server.go:2802]  |            ::1|[97;42m 200 [0m|     26.161µs| nomatch|[90;47m OPTIONS [0m /v1/user/update/
2020/02/18 23:21:10.391 [D] [server.go:2802]  |            ::1|[97;42m 200 [0m|   1.149258ms|   match|[97;46m POST    [0m /v1/user/update/   r:/v1/user/update/
2020/02/18 23:21:10.526 [D] [server.go:2802]  |            ::1|[97;42m 200 [0m|     40.802µs| nomatch|[90;47m OPTIONS [0m /v1/task/18/02/2020
2020/02/18 23:21:10.540 [D] [server.go:2802]  |            ::1|[97;42m 200 [0m|   3.571708ms|   match|[97;44m GET     [0m /v1/task/18/02/2020   r:/v1/task/:day/:month/:year
2020/02/18 23:33:01.805 [I] [asm_amd64.s:1357]  http server Running on http://:2253
2020/02/18 23:33:56.219 [I] [asm_amd64.s:1357]  http server Running on http://:2253
2020/02/18 23:40:36.693 [I] [asm_amd64.s:1357]  http server Running on http://:2253
2020/02/18 23:40:59.771 [I] [asm_amd64.s:1357]  http server Running on http://:2253
2020/02/18 23:44:13.745 [D] [server.go:2802]  |            ::1|[97;42m 200 [0m|     84.353µs| nomatch|[90;47m OPTIONS [0m /v1/user/update/
2020/02/18 23:44:13.829 [D] [server.go:2802]  |            ::1|[97;42m 200 [0m|     733.72µs|   match|[97;46m POST    [0m /v1/user/update/   r:/v1/user/update/
2020/02/18 23:44:13.980 [D] [server.go:2802]  |            ::1|[97;42m 200 [0m|     21.204µs| nomatch|[90;47m OPTIONS [0m /v1/task/18/02/2020
2020/02/18 23:44:13.993 [D] [server.go:2802]  |            ::1|[97;42m 200 [0m|   1.145447ms|   match|[97;44m GET     [0m /v1/task/18/02/2020   r:/v1/task/:day/:month/:year
2020/02/18 23:48:27.183 [D] [server.go:2802]  |            ::1|[97;42m 200 [0m|     41.496µs| nomatch|[90;47m OPTIONS [0m /v1/user/update/
2020/02/18 23:48:27.279 [D] [server.go:2802]  |            ::1|[97;42m 200 [0m|   1.316727ms|   match|[97;46m POST    [0m /v1/user/update/   r:/v1/user/update/
2020/02/18 23:48:27.429 [D] [server.go:2802]  |            ::1|[97;42m 200 [0m|     18.868µs| nomatch|[90;47m OPTIONS [0m /v1/task/18/02/2020
2020/02/18 23:48:27.442 [D] [server.go:2802]  |            ::1|[97;42m 200 [0m|   1.257037ms|   match|[97;44m GET     [0m /v1/task/18/02/2020   r:/v1/task/:day/:month/:year
2020/02/18 23:48:34.137 [D] [server.go:2802]  |            ::1|[97;42m 200 [0m|     28.251µs| nomatch|[90;47m OPTIONS [0m /v1/user/update/
2020/02/18 23:48:34.217 [D] [server.go:2802]  |            ::1|[97;42m 200 [0m|    1.04275ms|   match|[97;46m POST    [0m /v1/user/update/   r:/v1/user/update/
2020/02/18 23:48:34.349 [D] [server.go:2802]  |            ::1|[97;42m 200 [0m|     21.117µs| nomatch|[90;47m OPTIONS [0m /v1/task/18/02/2020
2020/02/18 23:48:34.361 [D] [server.go:2802]  |            ::1|[97;42m 200 [0m|   1.277912ms|   match|[97;44m GET     [0m /v1/task/18/02/2020   r:/v1/task/:day/:month/:year
2020/02/18 23:49:02.277 [D] [server.go:2802]  |            ::1|[97;42m 200 [0m|     16.163µs| nomatch|[90;47m OPTIONS [0m /v1/user/update/
2020/02/18 23:49:02.365 [D] [server.go:2802]  |            ::1|[97;42m 200 [0m|    984.233µs|   match|[97;46m POST    [0m /v1/user/update/   r:/v1/user/update/
2020/02/18 23:49:02.503 [D] [server.go:2802]  |            ::1|[97;42m 200 [0m|     16.707µs| nomatch|[90;47m OPTIONS [0m /v1/task/18/02/2020
2020/02/18 23:49:02.513 [D] [server.go:2802]  |            ::1|[97;42m 200 [0m|    899.536µs|   match|[97;44m GET     [0m /v1/task/18/02/2020   r:/v1/task/:day/:month/:year
2020/02/18 23:49:44.206 [D] [server.go:2802]  |            ::1|[97;42m 200 [0m|     29.719µs| nomatch|[90;47m OPTIONS [0m /v1/user/update/
2020/02/18 23:49:44.291 [D] [server.go:2802]  |            ::1|[97;42m 200 [0m|    783.889µs|   match|[97;46m POST    [0m /v1/user/update/   r:/v1/user/update/
2020/02/18 23:49:44.443 [D] [server.go:2802]  |            ::1|[97;42m 200 [0m|     22.107µs| nomatch|[90;47m OPTIONS [0m /v1/task/18/02/2020
2020/02/18 23:49:44.456 [D] [server.go:2802]  |            ::1|[97;42m 200 [0m|   1.109953ms|   match|[97;44m GET     [0m /v1/task/18/02/2020   r:/v1/task/:day/:month/:year
2020/02/18 23:49:50.259 [D] [server.go:2802]  |            ::1|[97;42m 200 [0m|     51.459µs| nomatch|[90;47m OPTIONS [0m /v1/task/start/1
2020/02/18 23:49:50.279 [D] [server.go:2802]  |            ::1|[97;43m 404 [0m|    474.327µs| nomatch|[97;44m GET     [0m /v1/task/start/1
2020/02/18 23:50:02.425 [I] [asm_amd64.s:1357]  http server Running on http://:2253
2020/02/18 23:50:08.149 [D] [server.go:2802]  |            ::1|[97;42m 200 [0m|    121.833µs| nomatch|[90;47m OPTIONS [0m /v1/task/start/1
2020/02/18 23:50:08.173 [D] [server.go:2802]  |            ::1|[97;42m 200 [0m|   3.527368ms|   match|[97;44m GET     [0m /v1/task/start/1   r:/v1/task/start/:tid
2020/02/18 23:50:37.332 [D] [server.go:2802]  |            ::1|[97;42m 200 [0m|     60.637µs| nomatch|[90;47m OPTIONS [0m /v1/user/update/
2020/02/18 23:50:37.414 [D] [server.go:2802]  |            ::1|[97;42m 200 [0m|    643.963µs|   match|[97;46m POST    [0m /v1/user/update/   r:/v1/user/update/
2020/02/18 23:50:37.550 [D] [server.go:2802]  |            ::1|[97;42m 200 [0m|     26.531µs| nomatch|[90;47m OPTIONS [0m /v1/task/18/02/2020
2020/02/18 23:50:37.567 [D] [server.go:2802]  |            ::1|[97;42m 200 [0m|   1.050132ms|   match|[97;44m GET     [0m /v1/task/18/02/2020   r:/v1/task/:day/:month/:year
2020/02/18 23:50:47.994 [D] [server.go:2802]  |            ::1|[97;42m 200 [0m|     66.418µs| nomatch|[90;47m OPTIONS [0m /v1/task/start/1
2020/02/18 23:50:48.020 [D] [server.go:2802]  |            ::1|[97;42m 200 [0m|   4.543232ms|   match|[97;44m GET     [0m /v1/task/start/1   r:/v1/task/start/:tid
2020/02/18 23:57:45.833 [I] [asm_amd64.s:1357]  http server Running on http://:2253
2020/02/18 23:57:51.618 [D] [server.go:2802]  |            ::1|[97;42m 200 [0m|     74.802µs| nomatch|[90;47m OPTIONS [0m /v1/user/update/
2020/02/18 23:57:51.767 [D] [server.go:2802]  |            ::1|[97;42m 200 [0m|   1.377352ms|   match|[97;46m POST    [0m /v1/user/update/   r:/v1/user/update/
2020/02/18 23:57:51.975 [D] [server.go:2802]  |            ::1|[97;42m 200 [0m|     30.409µs| nomatch|[90;47m OPTIONS [0m /v1/task/18/02/2020
2020/02/18 23:57:51.995 [D] [server.go:2802]  |            ::1|[97;42m 200 [0m|   1.879177ms|   match|[97;44m GET     [0m /v1/task/18/02/2020   r:/v1/task/:day/:month/:year
2020/02/18 23:57:56.750 [D] [server.go:2802]  |            ::1|[97;42m 200 [0m|    105.888µs| nomatch|[90;47m OPTIONS [0m /v1/task/start/1
2020/02/18 23:57:56.772 [D] [server.go:2802]  |            ::1|[97;42m 200 [0m|   4.181994ms|   match|[97;44m GET     [0m /v1/task/start/1   r:/v1/task/start/:tid
2020/02/18 23:58:14.253 [I] [asm_amd64.s:1357]  http server Running on http://:2253
2020/02/18 23:58:15.987 [D] [server.go:2802]  |            ::1|[97;42m 200 [0m|    106.335µs| nomatch|[90;47m OPTIONS [0m /v1/user/update/
2020/02/18 23:58:16.113 [D] [server.go:2802]  |            ::1|[97;42m 200 [0m|   1.883236ms|   match|[97;46m POST    [0m /v1/user/update/   r:/v1/user/update/
2020/02/18 23:58:16.344 [D] [server.go:2802]  |            ::1|[97;42m 200 [0m|     27.737µs| nomatch|[90;47m OPTIONS [0m /v1/task/18/02/2020
2020/02/18 23:58:16.372 [D] [server.go:2802]  |            ::1|[97;42m 200 [0m|   1.603914ms|   match|[97;44m GET     [0m /v1/task/18/02/2020   r:/v1/task/:day/:month/:year
2020/02/18 23:58:21.232 [D] [server.go:2802]  |            ::1|[97;42m 200 [0m|     93.649µs| nomatch|[90;47m OPTIONS [0m /v1/task/start/1
2020/02/18 23:58:22.135 [D] [server.go:2802]  |            ::1|[97;42m 200 [0m| 885.216115ms|   match|[97;44m GET     [0m /v1/task/start/1   r:/v1/task/start/:tid
2020/02/18 23:58:24.983 [D] [server.go:2802]  |            ::1|[97;42m 200 [0m|     40.548µs| nomatch|[90;47m OPTIONS [0m /v1/user/update/
2020/02/18 23:58:25.099 [D] [server.go:2802]  |            ::1|[97;42m 200 [0m|   1.318168ms|   match|[97;46m POST    [0m /v1/user/update/   r:/v1/user/update/
2020/02/18 23:58:25.300 [D] [server.go:2802]  |            ::1|[97;42m 200 [0m|     49.573µs| nomatch|[90;47m OPTIONS [0m /v1/task/18/02/2020
2020/02/18 23:58:25.331 [D] [server.go:2802]  |            ::1|[97;42m 200 [0m|   1.952776ms|   match|[97;44m GET     [0m /v1/task/18/02/2020   r:/v1/task/:day/:month/:year
