2019/10/06 20:09:52.199 [I] [asm_amd64.s:1337]  http server Running on http://:2253
2019/10/06 20:42:45.711 [I] [asm_amd64.s:1337]  http server Running on http://:2253
2019/10/06 20:42:48.091 [I] [asm_amd64.s:1337]  http server Running on http://:2253
2019/10/06 20:48:08.999 [I] [asm_amd64.s:1337]  http server Running on http://:2253
2019/10/06 20:53:39.119 [I] [asm_amd64.s:1337]  http server Running on http://:2253
2019/10/06 20:56:41.302 [C] [panic.go:522]  the request url is  /v1/token/token/apinaendy@gmail.com
2019/10/06 20:56:41.304 [C] [panic.go:522]  Handler crashed with error runtime error: index out of range
2019/10/06 20:56:41.306 [C] [panic.go:522]  C:/Go/src/runtime/panic.go:522
2019/10/06 20:56:41.308 [C] [panic.go:522]  C:/Go/src/runtime/panic.go:44
2019/10/06 20:56:41.315 [C] [panic.go:522]  C:/Users/apina/go/src/performance/controllers/utilities.go:86
2019/10/06 20:56:41.316 [C] [panic.go:522]  C:/Users/apina/go/src/performance/controllers/utilities.go:54
2019/10/06 20:56:41.318 [C] [panic.go:522]  C:/Users/apina/go/src/github.com/astaxie/beego/router.go:644
2019/10/06 20:56:41.320 [C] [panic.go:522]  C:/Users/apina/go/src/github.com/astaxie/beego/router.go:730
2019/10/06 20:56:41.328 [C] [panic.go:522]  C:/Go/src/net/http/server.go:2774
2019/10/06 20:56:41.330 [C] [panic.go:522]  C:/Go/src/net/http/server.go:1878
2019/10/06 20:56:41.334 [C] [panic.go:522]  C:/Go/src/runtime/asm_amd64.s:1337
2019/10/06 20:56:41.336 [server.go:3010]  [HTTP] http: superfluous response.WriteHeader call from github.com/astaxie/beego/context.(*Response).WriteHeader (context.go:230)
2019/10/06 20:59:07.197 [I] [asm_amd64.s:1337]  http server Running on http://:2253
2019/10/06 20:59:24.681 [D] [server.go:2774]  |            ::1|[42m 200 [0m|      966.4µs|   match|[44m GET     [0m /v1/token/token/apinaendy@gmail.com   r:/v1/token/:email
2019/10/06 21:01:28.161 [I] [asm_amd64.s:1337]  http server Running on http://:2253
2019/10/06 21:04:44.504 [D] [server.go:2774]  |            ::1|[42m 200 [0m|      997.1µs|   match|[44m GET     [0m /v1/token/token/apinaendy@gmail.com   r:/v1/token/:email
2019/10/06 21:06:16.325 [I] [asm_amd64.s:1337]  http server Running on http://:2253
2019/10/06 21:07:13.554 [I] [asm_amd64.s:1337]  http server Running on http://:2253
2019/10/06 21:08:05.699 [D] [server.go:2774]  |            ::1|[42m 200 [0m|     1.7508ms|   match|[44m GET     [0m /v1/token/token/apinaendy@gmail.com   r:/v1/token/:email
2019/10/06 21:09:59.276 [D] [server.go:2774]  |            ::1|[42m 200 [0m|      659.9µs|   match|[44m GET     [0m /v1/token/token/apinaendy@gmail.com   r:/v1/token/:email
2019/10/06 21:16:16.786 [I] [asm_amd64.s:1337]  http server Running on http://:2253
2019/10/06 21:16:18.891 [I] [asm_amd64.s:1337]  http server Running on http://:2253
2019/10/06 21:25:29.548 [I] [asm_amd64.s:1337]  http server Running on http://:2253
2019/10/06 21:25:35.796 [I] [asm_amd64.s:1337]  http server Running on http://:2253
2019/10/06 21:26:39.935 [D] [server.go:2774]  |            ::1|[42m 200 [0m|      880.3µs|   match|[44m GET     [0m /v1/token/token/apinaendy@gmail.com   r:/v1/token/:email
2019/10/06 21:26:42.673 [D] [server.go:2774]  |            ::1|[42m 200 [0m|           0s| nomatch|[47m OPTIONS [0m /v1/user/update/
2019/10/06 21:26:42.918 [D] [server.go:2774]  |            ::1|[42m 200 [0m|           0s| nomatch|[46m POST    [0m /v1/user/update/
2019/10/06 21:33:20.272 [I] [asm_amd64.s:1337]  http server Running on http://:2253
2019/10/06 21:33:27.787 [I] [asm_amd64.s:1337]  http server Running on http://:2253
2019/10/06 21:40:51.496 [I] [asm_amd64.s:1337]  http server Running on http://:2253
2019/10/06 21:41:57.457 [I] [asm_amd64.s:1337]  http server Running on http://:2253
2019/10/06 21:42:21.314 [I] [asm_amd64.s:1337]  http server Running on http://:2253
2019/10/06 21:44:32.993 [I] [asm_amd64.s:1337]  http server Running on http://:2253
2019/10/06 21:45:01.887 [I] [asm_amd64.s:1337]  http server Running on http://:2253
2019/10/06 21:45:18.328 [I] [asm_amd64.s:1337]  http server Running on http://:2253
2019/10/06 21:59:22.375 [I] [asm_amd64.s:1337]  http server Running on http://:2253
2019/10/06 22:04:19.973 [I] [asm_amd64.s:1337]  http server Running on http://:2253
2019/10/06 22:07:47.474 [I] [asm_amd64.s:1337]  http server Running on http://:2253
2019/10/06 22:07:48.206 [I] [asm_amd64.s:1337]  http server Running on http://:2253
2019/10/06 22:09:06.603 [D] [server.go:2774]  |            ::1|[42m 200 [0m|           0s|   match|[44m GET     [0m /v1/token/token/apinaendy@gmail.com   r:/v1/token/:email
2019/10/06 22:09:09.366 [D] [server.go:2774]  |            ::1|[42m 200 [0m|           0s| nomatch|[47m OPTIONS [0m /v1/user/update/
2019/10/06 22:09:09.473 [D] [server.go:2774]  |            ::1|[42m 200 [0m|           0s| nomatch|[46m POST    [0m /v1/user/update/
2019/10/06 22:15:42.040 [D] [server.go:2774]  |            ::1|[42m 200 [0m|      996.6µs| nomatch|[47m OPTIONS [0m /v1/user/update/
2019/10/06 22:15:42.133 [D] [server.go:2774]  |            ::1|[42m 200 [0m|           0s| nomatch|[46m POST    [0m /v1/user/update/
2019/10/06 22:17:29.804 [D] [server.go:2774]  |            ::1|[42m 200 [0m|           0s| nomatch|[47m OPTIONS [0m /v1/user/update/
2019/10/06 22:17:29.937 [D] [server.go:2774]  |            ::1|[42m 200 [0m|           0s| nomatch|[46m POST    [0m /v1/user/update/
2019/10/06 22:20:19.815 [I] [asm_amd64.s:1337]  http server Running on http://:2253
2019/10/06 22:20:21.226 [I] [asm_amd64.s:1337]  http server Running on http://:2253
2019/10/06 22:20:22.697 [I] [asm_amd64.s:1337]  http server Running on http://:2253
2019/10/06 22:22:07.224 [D] [server.go:2774]  |            ::1|[42m 200 [0m|      996.4µs| nomatch|[47m OPTIONS [0m /v1/user/update/
2019/10/06 22:22:07.335 [D] [server.go:2774]  |            ::1|[42m 200 [0m|           0s| nomatch|[46m POST    [0m /v1/user/update/
2019/10/06 22:22:29.799 [D] [server.go:2774]  |            ::1|[42m 200 [0m|           0s|   match|[44m GET     [0m /v1/token/token/apinaendy@gmail.com   r:/v1/token/:email
2019/10/06 22:22:30.367 [D] [server.go:2774]  |            ::1|[42m 200 [0m|           0s| nomatch|[47m OPTIONS [0m /v1/user/update/
2019/10/06 22:22:30.451 [D] [server.go:2774]  |            ::1|[42m 200 [0m|      995.4µs| nomatch|[46m POST    [0m /v1/user/update/
2019/10/06 22:25:25.444 [I] [asm_amd64.s:1337]  http server Running on http://:2253
2019/10/06 22:25:45.183 [D] [server.go:2774]  |            ::1|[42m 200 [0m|           0s| nomatch|[47m OPTIONS [0m /v1/user/update/
2019/10/06 22:25:45.282 [D] [server.go:2774]  |            ::1|[42m 200 [0m|      998.8µs| nomatch|[46m POST    [0m /v1/user/update/
2019/10/06 22:26:33.860 [I] [asm_amd64.s:1337]  http server Running on http://:2253
2019/10/06 22:26:36.742 [D] [server.go:2774]  |            ::1|[42m 200 [0m|           0s| nomatch|[47m OPTIONS [0m /v1/user/update/
2019/10/06 22:26:36.837 [D] [server.go:2774]  |            ::1|[42m 200 [0m|     1.8288ms| nomatch|[46m POST    [0m /v1/user/update/
2019/10/06 22:30:24.746 [I] [asm_amd64.s:1337]  http server Running on http://:2253
2019/10/06 22:33:35.166 [I] [asm_amd64.s:1337]  http server Running on http://:2253
2019/10/06 22:33:38.557 [D] [server.go:2774]  |            ::1|[42m 200 [0m|      998.4µs| nomatch|[47m OPTIONS [0m /v1/user/update/
2019/10/06 22:33:38.656 [D] [server.go:2774]  |            ::1|[42m 200 [0m|           0s| nomatch|[46m POST    [0m /v1/user/update/
2019/10/06 22:34:37.420 [D] [server.go:2774]  |            ::1|[42m 200 [0m|           0s| nomatch|[47m OPTIONS [0m /v1/user/update/
2019/10/06 22:34:37.546 [D] [server.go:2774]  |            ::1|[42m 200 [0m|      994.4µs| nomatch|[46m POST    [0m /v1/user/update/
2019/10/06 22:34:51.373 [D] [server.go:2774]  |            ::1|[42m 200 [0m|           0s|   match|[44m GET     [0m /v1/token/token/apinaendy@gmail.com   r:/v1/token/:email
2019/10/06 22:34:53.013 [D] [server.go:2774]  |            ::1|[42m 200 [0m|           0s| nomatch|[47m OPTIONS [0m /v1/user/update/
2019/10/06 22:34:53.170 [D] [server.go:2774]  |            ::1|[42m 200 [0m|    60.4145ms|   match|[46m POST    [0m /v1/user/update/   r:/v1/user/update/
2019/10/06 22:36:09.797 [D] [server.go:2774]  |            ::1|[42m 200 [0m|           0s| nomatch|[47m OPTIONS [0m /v1/user/update/
2019/10/06 22:36:10.074 [D] [server.go:2774]  |            ::1|[42m 200 [0m|   174.7737ms|   match|[46m POST    [0m /v1/user/update/   r:/v1/user/update/
2019/10/06 22:51:00.375 [I] [asm_amd64.s:1337]  http server Running on http://:2253
2019/10/06 22:54:34.772 [I] [asm_amd64.s:1337]  http server Running on http://:2253
2019/10/06 23:20:50.387 [I] [asm_amd64.s:1337]  http server Running on http://:2253
2019/10/06 23:20:50.952 [I] [asm_amd64.s:1337]  http server Running on http://:2253
2019/10/06 23:20:53.067 [I] [asm_amd64.s:1337]  http server Running on http://:2253
2019/10/06 23:20:55.516 [I] [asm_amd64.s:1337]  http server Running on http://:2253
2019/10/06 23:20:57.934 [I] [asm_amd64.s:1337]  http server Running on http://:2253
2019/10/06 23:42:23.774 [I] [asm_amd64.s:1337]  http server Running on http://:2253
