2020/01/15 06:04:39.238 [E] [migration.go:42]  1024 Unable to get name and email from company employees error
2020/01/15 06:04:39.238 [I] [router.go:270]  /home/endyapina/go/src/performance/controllers no changed
2020/01/15 06:04:39.238 [I] [router.go:270]  /home/endyapina/go/src/performance/controllers no changed
2020/01/15 06:04:39.238 [I] [router.go:270]  /home/endyapina/go/src/performance/controllers no changed
2020/01/15 06:04:39.238 [I] [router.go:270]  /home/endyapina/go/src/performance/controllers no changed
2020/01/15 06:04:39.239 [I] [router.go:270]  /home/endyapina/go/src/performance/controllers no changed
2020/01/15 06:04:39.239 [I] [router.go:270]  /home/endyapina/go/src/performance/controllers no changed
2020/01/15 06:04:39.243 [I] [asm_amd64.s:1357]  http server Running on http://:2253
2020/01/15 06:06:56.231 [E] [migration.go:42]  1024 Unable to get name and email from company employees error
2020/01/15 06:06:56.231 [I] [router.go:270]  /home/endyapina/go/src/performance/controllers no changed
2020/01/15 06:06:56.232 [I] [router.go:270]  /home/endyapina/go/src/performance/controllers no changed
2020/01/15 06:06:56.232 [I] [router.go:270]  /home/endyapina/go/src/performance/controllers no changed
2020/01/15 06:06:56.233 [I] [router.go:270]  /home/endyapina/go/src/performance/controllers no changed
2020/01/15 06:06:56.233 [I] [router.go:270]  /home/endyapina/go/src/performance/controllers no changed
2020/01/15 06:06:56.233 [I] [router.go:270]  /home/endyapina/go/src/performance/controllers no changed
2020/01/15 06:06:56.238 [I] [asm_amd64.s:1357]  http server Running on http://:2253
2020/01/15 06:07:45.424 [D] [server.go:2802]  |            ::1|[97;42m 200 [0m|    669.943µs|   match|[97;44m GET     [0m /v1/token/token/endy.apina@my-gpi.io   r:/v1/token/:email
2020/01/15 06:07:45.636 [D] [server.go:2802]  |            ::1|[97;42m 200 [0m|     51.477µs| nomatch|[90;47m OPTIONS [0m /v1/user/update/
2020/01/15 06:07:45.838 [D] [server.go:2802]  |            ::1|[97;42m 200 [0m| 104.058498ms|   match|[97;46m POST    [0m /v1/user/update/   r:/v1/user/update/
2020/01/15 06:11:03.769 [E] [migration.go:42]  1024 Unable to get name and email from company employees error
2020/01/15 06:11:03.770 [I] [router.go:270]  /home/endyapina/go/src/performance/controllers no changed
2020/01/15 06:11:03.770 [I] [router.go:270]  /home/endyapina/go/src/performance/controllers no changed
2020/01/15 06:11:03.770 [I] [router.go:270]  /home/endyapina/go/src/performance/controllers no changed
2020/01/15 06:11:03.770 [I] [router.go:270]  /home/endyapina/go/src/performance/controllers no changed
2020/01/15 06:11:03.771 [I] [router.go:270]  /home/endyapina/go/src/performance/controllers no changed
2020/01/15 06:11:03.771 [I] [router.go:270]  /home/endyapina/go/src/performance/controllers no changed
2020/01/15 06:11:03.774 [I] [asm_amd64.s:1357]  http server Running on http://:2253
